{"/Users/erikamramos/Documents/Trabajo/TechGirls/clases/src/App.tsx": {"path":"/Users/erikamramos/Documents/Trabajo/TechGirls/clases/src/App.tsx","statementMap":{"0":{"start":{"line":1,"column":0},"end":{"line":1,"column":43}},"1":{"start":{"line":2,"column":0},"end":{"line":2,"column":59}},"2":{"start":{"line":3,"column":0},"end":{"line":3,"column":59}},"3":{"start":{"line":4,"column":0},"end":{"line":4,"column":65}},"4":{"start":{"line":7,"column":2},"end":{"line":15,"column":4}},"5":{"start":{"line":18,"column":0},"end":{"line":18,"column":19}}},"fnMap":{"0":{"name":"App","decl":{"start":{"line":6,"column":9},"end":{"line":6,"column":12}},"loc":{"start":{"line":6,"column":12},"end":{"line":16,"column":1}}}},"branchMap":{},"s":{"0":0,"1":0,"2":0,"3":0,"4":0,"5":0},"f":{"0":0},"b":{}}
,"/Users/erikamramos/Documents/Trabajo/TechGirls/clases/src/main.tsx": {"path":"/Users/erikamramos/Documents/Trabajo/TechGirls/clases/src/main.tsx","statementMap":{"0":{"start":{"line":1,"column":0},"end":{"line":1,"column":46}},"1":{"start":{"line":2,"column":0},"end":{"line":2,"column":24}},"2":{"start":{"line":3,"column":0},"end":{"line":3,"column":27}},"3":{"start":{"line":4,"column":0},"end":{"line":4,"column":61}}},"fnMap":{},"branchMap":{},"s":{"0":0,"1":0,"2":0,"3":0},"f":{},"b":{}}
,"/Users/erikamramos/Documents/Trabajo/TechGirls/clases/src/components/atoms/index.tsx": {"path":"/Users/erikamramos/Documents/Trabajo/TechGirls/clases/src/components/atoms/index.tsx","statementMap":{"0":{"start":{"line":1,"column":0},"end":{"line":1,"column":9}},"1":{"start":{"line":1,"column":9},"end":{"line":1,"column":41}},"2":{"start":{"line":2,"column":0},"end":{"line":2,"column":9}},"3":{"start":{"line":2,"column":9},"end":{"line":2,"column":35}},"4":{"start":{"line":3,"column":0},"end":{"line":3,"column":9}},"5":{"start":{"line":3,"column":9},"end":{"line":3,"column":56}},"6":{"start":{"line":4,"column":0},"end":{"line":4,"column":9}},"7":{"start":{"line":4,"column":9},"end":{"line":4,"column":38}},"8":{"start":{"line":5,"column":0},"end":{"line":5,"column":9}},"9":{"start":{"line":5,"column":9},"end":{"line":5,"column":41}},"10":{"start":{"line":6,"column":0},"end":{"line":6,"column":9}},"11":{"start":{"line":6,"column":9},"end":{"line":6,"column":41}},"12":{"start":{"line":7,"column":0},"end":{"line":7,"column":9}},"13":{"start":{"line":7,"column":9},"end":{"line":7,"column":35}}},"fnMap":{"0":{"name":"(anonymous_0)","decl":{"start":{"line":1,"column":9},"end":{"line":1,"column":15}},"loc":{"start":{"line":1,"column":9},"end":{"line":1,"column":41}}},"1":{"name":"(anonymous_1)","decl":{"start":{"line":2,"column":9},"end":{"line":2,"column":13}},"loc":{"start":{"line":2,"column":9},"end":{"line":2,"column":35}}},"2":{"name":"(anonymous_2)","decl":{"start":{"line":3,"column":9},"end":{"line":3,"column":20}},"loc":{"start":{"line":3,"column":9},"end":{"line":3,"column":56}}},"3":{"name":"(anonymous_3)","decl":{"start":{"line":4,"column":9},"end":{"line":4,"column":14}},"loc":{"start":{"line":4,"column":9},"end":{"line":4,"column":38}}},"4":{"name":"(anonymous_4)","decl":{"start":{"line":5,"column":9},"end":{"line":5,"column":15}},"loc":{"start":{"line":5,"column":9},"end":{"line":5,"column":41}}},"5":{"name":"(anonymous_5)","decl":{"start":{"line":6,"column":9},"end":{"line":6,"column":15}},"loc":{"start":{"line":6,"column":9},"end":{"line":6,"column":41}}},"6":{"name":"(anonymous_6)","decl":{"start":{"line":7,"column":9},"end":{"line":7,"column":13}},"loc":{"start":{"line":7,"column":9},"end":{"line":7,"column":35}}}},"branchMap":{},"s":{"0":13,"1":64,"2":13,"3":32,"4":13,"5":21,"6":13,"7":72,"8":13,"9":23,"10":13,"11":15,"12":13,"13":14},"f":{"0":51,"1":19,"2":8,"3":59,"4":10,"5":2,"6":1},"b":{}}
,"/Users/erikamramos/Documents/Trabajo/TechGirls/clases/src/components/atoms/Button/Button.tsx": {"path":"/Users/erikamramos/Documents/Trabajo/TechGirls/clases/src/components/atoms/Button/Button.tsx","statementMap":{"0":{"start":{"line":2,"column":0},"end":{"line":2,"column":41}},"1":{"start":{"line":3,"column":0},"end":{"line":3,"column":36}},"2":{"start":{"line":4,"column":0},"end":{"line":4,"column":64}},"3":{"start":{"line":15,"column":58},"end":{"line":45,"column":1}},"4":{"start":{"line":24,"column":2},"end":{"line":44,"column":4}},"5":{"start":{"line":15,"column":13},"end":{"line":15,"column":58}}},"fnMap":{"0":{"name":"(anonymous_1)","decl":{"start":{"line":15,"column":58},"end":{"line":15,"column":59}},"loc":{"start":{"line":23,"column":5},"end":{"line":45,"column":1}}}},"branchMap":{"0":{"loc":{"start":{"line":18,"column":2},"end":{"line":18,"column":21}},"type":"default-arg","locations":[{"start":{"line":18,"column":12},"end":{"line":18,"column":21}}]},"1":{"loc":{"start":{"line":19,"column":2},"end":{"line":19,"column":15}},"type":"default-arg","locations":[{"start":{"line":19,"column":10},"end":{"line":19,"column":15}}]},"2":{"loc":{"start":{"line":20,"column":2},"end":{"line":20,"column":18}},"type":"default-arg","locations":[{"start":{"line":20,"column":13},"end":{"line":20,"column":18}}]},"3":{"loc":{"start":{"line":29,"column":10},"end":{"line":29,"column":89}},"type":"cond-expr","locations":[{"start":{"line":29,"column":34},"end":{"line":29,"column":59}},{"start":{"line":29,"column":62},"end":{"line":29,"column":89}}]},"4":{"loc":{"start":{"line":30,"column":10},"end":{"line":30,"column":66}},"type":"cond-expr","locations":[{"start":{"line":30,"column":18},"end":{"line":30,"column":41}},{"start":{"line":30,"column":44},"end":{"line":30,"column":66}}]},"5":{"loc":{"start":{"line":36,"column":7},"end":{"line":41,"column":null}},"type":"binary-expr","locations":[{"start":{"line":36,"column":7},"end":{"line":36,"column":11}},{"start":{"line":37,"column":8},"end":{"line":40,"column":null}}]},"6":{"loc":{"start":{"line":39,"column":17},"end":{"line":39,"column":98}},"type":"cond-expr","locations":[{"start":{"line":39,"column":41},"end":{"line":39,"column":67}},{"start":{"line":39,"column":70},"end":{"line":39,"column":98}}]}},"s":{"0":14,"1":14,"2":14,"3":14,"4":23,"5":14},"f":{"0":23},"b":{"0":[21],"1":[5],"2":[23],"3":[21,2],"4":[18,5],"5":[23,2],"6":[0,2]}}
,"/Users/erikamramos/Documents/Trabajo/TechGirls/clases/src/components/atoms/Column/Column.tsx": {"path":"/Users/erikamramos/Documents/Trabajo/TechGirls/clases/src/components/atoms/Column/Column.tsx","statementMap":{"0":{"start":{"line":2,"column":0},"end":{"line":2,"column":41}},"1":{"start":{"line":9,"column":58},"end":{"line":19,"column":1}},"2":{"start":{"line":14,"column":2},"end":{"line":18,"column":4}},"3":{"start":{"line":9,"column":13},"end":{"line":9,"column":58}}},"fnMap":{"0":{"name":"(anonymous_1)","decl":{"start":{"line":9,"column":58},"end":{"line":9,"column":59}},"loc":{"start":{"line":13,"column":5},"end":{"line":19,"column":1}}}},"branchMap":{"0":{"loc":{"start":{"line":11,"column":2},"end":{"line":11,"column":10}},"type":"default-arg","locations":[{"start":{"line":11,"column":9},"end":{"line":11,"column":10}}]},"1":{"loc":{"start":{"line":12,"column":2},"end":{"line":12,"column":16}},"type":"default-arg","locations":[{"start":{"line":12,"column":14},"end":{"line":12,"column":16}}]}},"s":{"0":14,"1":14,"2":5,"3":14},"f":{"0":5},"b":{"0":[3],"1":[4]}}
,"/Users/erikamramos/Documents/Trabajo/TechGirls/clases/src/components/atoms/Grid/Grid.tsx": {"path":"/Users/erikamramos/Documents/Trabajo/TechGirls/clases/src/components/atoms/Grid/Grid.tsx","statementMap":{"0":{"start":{"line":2,"column":0},"end":{"line":2,"column":39}},"1":{"start":{"line":9,"column":54},"end":{"line":15,"column":1}},"2":{"start":{"line":10,"column":2},"end":{"line":14,"column":4}},"3":{"start":{"line":9,"column":13},"end":{"line":9,"column":54}}},"fnMap":{"0":{"name":"(anonymous_1)","decl":{"start":{"line":9,"column":54},"end":{"line":9,"column":55}},"loc":{"start":{"line":9,"column":97},"end":{"line":15,"column":1}}}},"branchMap":{"0":{"loc":{"start":{"line":9,"column":67},"end":{"line":9,"column":81}},"type":"default-arg","locations":[{"start":{"line":9,"column":79},"end":{"line":9,"column":81}}]},"1":{"loc":{"start":{"line":9,"column":83},"end":{"line":9,"column":91}},"type":"default-arg","locations":[{"start":{"line":9,"column":89},"end":{"line":9,"column":91}}]}},"s":{"0":14,"1":14,"2":6,"3":14},"f":{"0":6},"b":{"0":[5],"1":[4]}}
,"/Users/erikamramos/Documents/Trabajo/TechGirls/clases/src/components/atoms/Icon/Icon.tsx": {"path":"/Users/erikamramos/Documents/Trabajo/TechGirls/clases/src/components/atoms/Icon/Icon.tsx","statementMap":{"0":{"start":{"line":2,"column":0},"end":{"line":2,"column":62}},"1":{"start":{"line":11,"column":35},"end":{"line":31,"column":1}},"2":{"start":{"line":17,"column":18},"end":{"line":17,"column":49}},"3":{"start":{"line":19,"column":2},"end":{"line":30,"column":4}},"4":{"start":{"line":11,"column":13},"end":{"line":11,"column":35}}},"fnMap":{"0":{"name":"(anonymous_0)","decl":{"start":{"line":11,"column":35},"end":{"line":11,"column":36}},"loc":{"start":{"line":16,"column":5},"end":{"line":31,"column":1}}}},"branchMap":{"0":{"loc":{"start":{"line":13,"column":2},"end":{"line":13,"column":34}},"type":"default-arg","locations":[{"start":{"line":13,"column":10},"end":{"line":13,"column":34}}]},"1":{"loc":{"start":{"line":14,"column":2},"end":{"line":14,"column":32}},"type":"default-arg","locations":[{"start":{"line":14,"column":9},"end":{"line":14,"column":32}}]}},"s":{"0":13,"1":13,"2":24,"3":24,"4":13},"f":{"0":24},"b":{"0":[1],"1":[1]}}
,"/Users/erikamramos/Documents/Trabajo/TechGirls/clases/src/components/atoms/Input/Input.tsx": {"path":"/Users/erikamramos/Documents/Trabajo/TechGirls/clases/src/components/atoms/Input/Input.tsx","statementMap":{"0":{"start":{"line":2,"column":0},"end":{"line":2,"column":40}},"1":{"start":{"line":3,"column":0},"end":{"line":3,"column":36}},"2":{"start":{"line":4,"column":0},"end":{"line":4,"column":63}},"3":{"start":{"line":12,"column":37},"end":{"line":25,"column":1}},"4":{"start":{"line":12,"column":59},"end":{"line":12,"column":64}},"5":{"start":{"line":12,"column":69},"end":{"line":12,"column":73}},"6":{"start":{"line":13,"column":2},"end":{"line":24,"column":4}},"7":{"start":{"line":12,"column":13},"end":{"line":12,"column":37}}},"fnMap":{"0":{"name":"(anonymous_2)","decl":{"start":{"line":12,"column":37},"end":{"line":12,"column":38}},"loc":{"start":{"line":12,"column":75},"end":{"line":25,"column":1}}}},"branchMap":{"0":{"loc":{"start":{"line":16,"column":7},"end":{"line":21,"column":null}},"type":"binary-expr","locations":[{"start":{"line":16,"column":7},"end":{"line":16,"column":11}},{"start":{"line":17,"column":8},"end":{"line":20,"column":null}}]}},"s":{"0":13,"1":13,"2":13,"3":13,"4":44,"5":44,"6":44,"7":13},"f":{"0":44},"b":{"0":[44,5]}}
,"/Users/erikamramos/Documents/Trabajo/TechGirls/clases/src/components/atoms/RatingStars/RatingStars.tsx": {"path":"/Users/erikamramos/Documents/Trabajo/TechGirls/clases/src/components/atoms/RatingStars/RatingStars.tsx","statementMap":{"0":{"start":{"line":2,"column":0},"end":{"line":2,"column":46}},"1":{"start":{"line":3,"column":0},"end":{"line":3,"column":69}},"2":{"start":{"line":9,"column":49},"end":{"line":45,"column":1}},"3":{"start":{"line":10,"column":20},"end":{"line":10,"column":38}},"4":{"start":{"line":11,"column":19},"end":{"line":11,"column":44}},"5":{"start":{"line":12,"column":21},"end":{"line":12,"column":80}},"6":{"start":{"line":14,"column":16},"end":{"line":42,"column":4}},"7":{"start":{"line":18,"column":8},"end":{"line":19,"column":null}},"8":{"start":{"line":35,"column":8},"end":{"line":36,"column":null}},"9":{"start":{"line":44,"column":2},"end":{"line":44,"column":54}},"10":{"start":{"line":9,"column":13},"end":{"line":9,"column":49}}},"fnMap":{"0":{"name":"(anonymous_1)","decl":{"start":{"line":9,"column":49},"end":{"line":9,"column":50}},"loc":{"start":{"line":9,"column":64},"end":{"line":45,"column":1}}},"1":{"name":"(anonymous_2)","decl":{"start":{"line":17,"column":11},"end":{"line":17,"column":12}},"loc":{"start":{"line":18,"column":8},"end":{"line":19,"column":null}}},"2":{"name":"(anonymous_3)","decl":{"start":{"line":34,"column":11},"end":{"line":34,"column":12}},"loc":{"start":{"line":35,"column":8},"end":{"line":36,"column":null}}}},"branchMap":{"0":{"loc":{"start":{"line":11,"column":19},"end":{"line":11,"column":44}},"type":"cond-expr","locations":[{"start":{"line":11,"column":39},"end":{"line":11,"column":40}},{"start":{"line":11,"column":43},"end":{"line":11,"column":44}}]},"1":{"loc":{"start":{"line":25,"column":8},"end":{"line":31,"column":10}},"type":"cond-expr","locations":[{"start":{"line":26,"column":8},"end":{"line":30,"column":null}},{"start":{"line":31,"column":8},"end":{"line":31,"column":10}}]}},"s":{"0":13,"1":13,"2":13,"3":8,"4":8,"5":8,"6":8,"7":28,"8":8,"9":8,"10":13},"f":{"0":8,"1":28,"2":8},"b":{"0":[4,4],"1":[4,4]}}
,"/Users/erikamramos/Documents/Trabajo/TechGirls/clases/src/components/atoms/Select/Select.tsx": {"path":"/Users/erikamramos/Documents/Trabajo/TechGirls/clases/src/components/atoms/Select/Select.tsx","statementMap":{"0":{"start":{"line":2,"column":0},"end":{"line":2,"column":41}},"1":{"start":{"line":13,"column":39},"end":{"line":31,"column":1}},"2":{"start":{"line":21,"column":2},"end":{"line":30,"column":4}},"3":{"start":{"line":25,"column":8},"end":{"line":25,"column":35}},"4":{"start":{"line":13,"column":13},"end":{"line":13,"column":39}}},"fnMap":{"0":{"name":"(anonymous_1)","decl":{"start":{"line":13,"column":39},"end":{"line":13,"column":40}},"loc":{"start":{"line":20,"column":5},"end":{"line":31,"column":1}}},"1":{"name":"(anonymous_2)","decl":{"start":{"line":24,"column":19},"end":{"line":24,"column":20}},"loc":{"start":{"line":25,"column":8},"end":{"line":25,"column":35}}}},"branchMap":{},"s":{"0":13,"1":13,"2":10,"3":30,"4":13},"f":{"0":10,"1":30},"b":{}}
,"/Users/erikamramos/Documents/Trabajo/TechGirls/clases/src/components/custom/CartList/CartList.tsx": {"path":"/Users/erikamramos/Documents/Trabajo/TechGirls/clases/src/components/custom/CartList/CartList.tsx","statementMap":{"0":{"start":{"line":2,"column":0},"end":{"line":2,"column":null}},"1":{"start":{"line":12,"column":0},"end":{"line":12,"column":49}},"2":{"start":{"line":13,"column":0},"end":{"line":13,"column":35}},"3":{"start":{"line":14,"column":0},"end":{"line":14,"column":90}},"4":{"start":{"line":15,"column":0},"end":{"line":15,"column":57}},"5":{"start":{"line":17,"column":21},"end":{"line":80,"column":1}},"6":{"start":{"line":18,"column":30},"end":{"line":18,"column":39}},"7":{"start":{"line":20,"column":2},"end":{"line":79,"column":4}},"8":{"start":{"line":35,"column":14},"end":{"line":35,"column":null}},"9":{"start":{"line":43,"column":37},"end":{"line":43,"column":93}},"10":{"start":{"line":51,"column":37},"end":{"line":51,"column":93}},"11":{"start":{"line":62,"column":35},"end":{"line":62,"column":68}},"12":{"start":{"line":82,"column":0},"end":{"line":82,"column":24}}},"fnMap":{"0":{"name":"(anonymous_0)","decl":{"start":{"line":17,"column":21},"end":{"line":17,"column":24}},"loc":{"start":{"line":17,"column":26},"end":{"line":80,"column":1}}},"1":{"name":"(anonymous_1)","decl":{"start":{"line":34,"column":28},"end":{"line":34,"column":29}},"loc":{"start":{"line":35,"column":14},"end":{"line":35,"column":null}}},"2":{"name":"(anonymous_2)","decl":{"start":{"line":43,"column":31},"end":{"line":43,"column":34}},"loc":{"start":{"line":43,"column":37},"end":{"line":43,"column":93}}},"3":{"name":"(anonymous_3)","decl":{"start":{"line":51,"column":31},"end":{"line":51,"column":34}},"loc":{"start":{"line":51,"column":37},"end":{"line":51,"column":93}}},"4":{"name":"(anonymous_4)","decl":{"start":{"line":62,"column":29},"end":{"line":62,"column":32}},"loc":{"start":{"line":62,"column":35},"end":{"line":62,"column":68}}}},"branchMap":{},"s":{"0":2,"1":2,"2":2,"3":2,"4":2,"5":2,"6":5,"7":5,"8":10,"9":1,"10":1,"11":1,"12":2},"f":{"0":5,"1":10,"2":1,"3":1,"4":1},"b":{}}
,"/Users/erikamramos/Documents/Trabajo/TechGirls/clases/src/components/custom/CustomFooter/CustomFooter.tsx": {"path":"/Users/erikamramos/Documents/Trabajo/TechGirls/clases/src/components/custom/CustomFooter/CustomFooter.tsx","statementMap":{"0":{"start":{"line":2,"column":0},"end":{"line":2,"column":47}},"1":{"start":{"line":3,"column":0},"end":{"line":3,"column":41}},"2":{"start":{"line":5,"column":25},"end":{"line":17,"column":1}},"3":{"start":{"line":6,"column":2},"end":{"line":16,"column":4}},"4":{"start":{"line":19,"column":0},"end":{"line":19,"column":28}}},"fnMap":{"0":{"name":"(anonymous_1)","decl":{"start":{"line":5,"column":25},"end":{"line":5,"column":28}},"loc":{"start":{"line":5,"column":30},"end":{"line":17,"column":1}}}},"branchMap":{},"s":{"0":3,"1":3,"2":3,"3":4,"4":3},"f":{"0":4},"b":{}}
,"/Users/erikamramos/Documents/Trabajo/TechGirls/clases/src/components/custom/CustomHeader/CustomHeader.tsx": {"path":"/Users/erikamramos/Documents/Trabajo/TechGirls/clases/src/components/custom/CustomHeader/CustomHeader.tsx","statementMap":{"0":{"start":{"line":2,"column":0},"end":{"line":2,"column":47}},"1":{"start":{"line":3,"column":0},"end":{"line":3,"column":49}},"2":{"start":{"line":4,"column":0},"end":{"line":4,"column":49}},"3":{"start":{"line":5,"column":0},"end":{"line":5,"column":35}},"4":{"start":{"line":6,"column":0},"end":{"line":6,"column":41}},"5":{"start":{"line":7,"column":0},"end":{"line":7,"column":47}},"6":{"start":{"line":8,"column":0},"end":{"line":8,"column":54}},"7":{"start":{"line":9,"column":0},"end":{"line":9,"column":64}},"8":{"start":{"line":11,"column":19},"end":{"line":47,"column":1}},"9":{"start":{"line":12,"column":19},"end":{"line":12,"column":32}},"10":{"start":{"line":13,"column":15},"end":{"line":13,"column":24}},"11":{"start":{"line":14,"column":15},"end":{"line":14,"column":24}},"12":{"start":{"line":16,"column":20},"end":{"line":16,"column":30}},"13":{"start":{"line":17,"column":20},"end":{"line":17,"column":30}},"14":{"start":{"line":18,"column":21},"end":{"line":18,"column":36}},"15":{"start":{"line":20,"column":29},"end":{"line":22,"column":3}},"16":{"start":{"line":21,"column":4},"end":{"line":21,"column":29}},"17":{"start":{"line":23,"column":2},"end":{"line":46,"column":4}},"18":{"start":{"line":49,"column":0},"end":{"line":49,"column":22}}},"fnMap":{"0":{"name":"(anonymous_1)","decl":{"start":{"line":11,"column":19},"end":{"line":11,"column":22}},"loc":{"start":{"line":11,"column":24},"end":{"line":47,"column":1}}},"1":{"name":"(anonymous_2)","decl":{"start":{"line":20,"column":29},"end":{"line":20,"column":32}},"loc":{"start":{"line":20,"column":34},"end":{"line":22,"column":3}}}},"branchMap":{"0":{"loc":{"start":{"line":30,"column":20},"end":{"line":30,"column":45}},"type":"cond-expr","locations":[{"start":{"line":30,"column":34},"end":{"line":30,"column":36}},{"start":{"line":30,"column":34},"end":{"line":30,"column":45}}]},"1":{"loc":{"start":{"line":30,"column":20},"end":{"line":30,"column":36}},"type":"binary-expr","locations":[{"start":{"line":30,"column":20},"end":{"line":30,"column":36}},{"start":{"line":30,"column":34},"end":{"line":30,"column":36}}]}},"s":{"0":3,"1":3,"2":3,"3":3,"4":3,"5":3,"6":3,"7":3,"8":3,"9":7,"10":7,"11":7,"12":7,"13":7,"14":7,"15":7,"16":1,"17":7,"18":3},"f":{"0":7,"1":1},"b":{"0":[0,7],"1":[7,7]}}
,"/Users/erikamramos/Documents/Trabajo/TechGirls/clases/src/components/custom/Filters/Filters.tsx": {"path":"/Users/erikamramos/Documents/Trabajo/TechGirls/clases/src/components/custom/Filters/Filters.tsx","statementMap":{"0":{"start":{"line":1,"column":0},"end":{"line":1,"column":51}},"1":{"start":{"line":2,"column":0},"end":{"line":2,"column":42}},"2":{"start":{"line":3,"column":0},"end":{"line":3,"column":44}},"3":{"start":{"line":4,"column":0},"end":{"line":4,"column":57}},"4":{"start":{"line":5,"column":0},"end":{"line":5,"column":null}},"5":{"start":{"line":11,"column":20},"end":{"line":49,"column":1}},"6":{"start":{"line":12,"column":30},"end":{"line":12,"column":43}},"7":{"start":{"line":14,"column":2},"end":{"line":16,"column":17}},"8":{"start":{"line":15,"column":4},"end":{"line":15,"column":29}},"9":{"start":{"line":18,"column":31},"end":{"line":20,"column":3}},"10":{"start":{"line":19,"column":4},"end":{"line":19,"column":71}},"11":{"start":{"line":22,"column":29},"end":{"line":24,"column":3}},"12":{"start":{"line":23,"column":4},"end":{"line":23,"column":61}},"13":{"start":{"line":26,"column":29},"end":{"line":31,"column":3}},"14":{"start":{"line":27,"column":4},"end":{"line":30,"column":8}},"15":{"start":{"line":27,"column":47},"end":{"line":30,"column":6}},"16":{"start":{"line":33,"column":2},"end":{"line":35,"column":17}},"17":{"start":{"line":34,"column":4},"end":{"line":34,"column":29}},"18":{"start":{"line":37,"column":2},"end":{"line":48,"column":4}},"19":{"start":{"line":51,"column":0},"end":{"line":51,"column":23}}},"fnMap":{"0":{"name":"(anonymous_1)","decl":{"start":{"line":11,"column":20},"end":{"line":11,"column":23}},"loc":{"start":{"line":11,"column":25},"end":{"line":49,"column":1}}},"1":{"name":"(anonymous_2)","decl":{"start":{"line":14,"column":12},"end":{"line":14,"column":15}},"loc":{"start":{"line":14,"column":17},"end":{"line":16,"column":3}}},"2":{"name":"(anonymous_3)","decl":{"start":{"line":18,"column":31},"end":{"line":18,"column":32}},"loc":{"start":{"line":18,"column":69},"end":{"line":20,"column":3}}},"3":{"name":"(anonymous_4)","decl":{"start":{"line":22,"column":29},"end":{"line":22,"column":30}},"loc":{"start":{"line":22,"column":66},"end":{"line":24,"column":3}}},"4":{"name":"(anonymous_5)","decl":{"start":{"line":26,"column":29},"end":{"line":26,"column":32}},"loc":{"start":{"line":26,"column":34},"end":{"line":31,"column":3}}},"5":{"name":"(anonymous_6)","decl":{"start":{"line":27,"column":32},"end":{"line":27,"column":33}},"loc":{"start":{"line":27,"column":47},"end":{"line":30,"column":6}}},"6":{"name":"(anonymous_7)","decl":{"start":{"line":33,"column":12},"end":{"line":33,"column":15}},"loc":{"start":{"line":33,"column":17},"end":{"line":35,"column":3}}}},"branchMap":{},"s":{"0":1,"1":1,"2":1,"3":1,"4":1,"5":1,"6":4,"7":4,"8":4,"9":4,"10":1,"11":4,"12":1,"13":4,"14":4,"15":12,"16":4,"17":4,"18":4,"19":1},"f":{"0":4,"1":4,"2":1,"3":1,"4":4,"5":12,"6":4},"b":{}}
,"/Users/erikamramos/Documents/Trabajo/TechGirls/clases/src/components/custom/ForgotPassModal/ForgotPassModal.tsx": {"path":"/Users/erikamramos/Documents/Trabajo/TechGirls/clases/src/components/custom/ForgotPassModal/ForgotPassModal.tsx","statementMap":{"0":{"start":{"line":1,"column":0},"end":{"line":1,"column":37}},"1":{"start":{"line":2,"column":0},"end":{"line":2,"column":40}},"2":{"start":{"line":3,"column":0},"end":{"line":3,"column":44}},"3":{"start":{"line":4,"column":0},"end":{"line":4,"column":59}},"4":{"start":{"line":5,"column":0},"end":{"line":5,"column":44}},"5":{"start":{"line":6,"column":0},"end":{"line":6,"column":50}},"6":{"start":{"line":13,"column":58},"end":{"line":51,"column":1}},"7":{"start":{"line":14,"column":28},"end":{"line":14,"column":40}},"8":{"start":{"line":15,"column":28},"end":{"line":15,"column":60}},"9":{"start":{"line":17,"column":21},"end":{"line":25,"column":3}},"10":{"start":{"line":18,"column":28},"end":{"line":18,"column":48}},"11":{"start":{"line":19,"column":4},"end":{"line":24,"column":5}},"12":{"start":{"line":20,"column":6},"end":{"line":20,"column":32}},"13":{"start":{"line":22,"column":6},"end":{"line":22,"column":69}},"14":{"start":{"line":23,"column":6},"end":{"line":23,"column":16}},"15":{"start":{"line":27,"column":2},"end":{"line":50,"column":4}},"16":{"start":{"line":31,"column":31},"end":{"line":31,"column":49}},"17":{"start":{"line":38,"column":31},"end":{"line":38,"column":55}},"18":{"start":{"line":53,"column":0},"end":{"line":53,"column":35}}},"fnMap":{"0":{"name":"(anonymous_1)","decl":{"start":{"line":13,"column":58},"end":{"line":13,"column":59}},"loc":{"start":{"line":13,"column":82},"end":{"line":51,"column":1}}},"1":{"name":"(anonymous_2)","decl":{"start":{"line":17,"column":21},"end":{"line":17,"column":24}},"loc":{"start":{"line":17,"column":26},"end":{"line":25,"column":3}}},"2":{"name":"(anonymous_3)","decl":{"start":{"line":31,"column":24},"end":{"line":31,"column":25}},"loc":{"start":{"line":31,"column":31},"end":{"line":31,"column":49}}},"3":{"name":"(anonymous_4)","decl":{"start":{"line":38,"column":24},"end":{"line":38,"column":25}},"loc":{"start":{"line":38,"column":31},"end":{"line":38,"column":55}}}},"branchMap":{"0":{"loc":{"start":{"line":19,"column":4},"end":{"line":24,"column":5}},"type":"if","locations":[{"start":{"line":19,"column":4},"end":{"line":24,"column":5}},{"start":{"line":21,"column":11},"end":{"line":24,"column":5}}]}},"s":{"0":1,"1":1,"2":1,"3":1,"4":1,"5":1,"6":1,"7":15,"8":15,"9":15,"10":0,"11":0,"12":0,"13":0,"14":0,"15":15,"16":0,"17":0,"18":1},"f":{"0":15,"1":0,"2":0,"3":0},"b":{"0":[0,0]}}
,"/Users/erikamramos/Documents/Trabajo/TechGirls/clases/src/components/custom/FormShipping/FormShipping.tsx": {"path":"/Users/erikamramos/Documents/Trabajo/TechGirls/clases/src/components/custom/FormShipping/FormShipping.tsx","statementMap":{"0":{"start":{"line":1,"column":0},"end":{"line":1,"column":37}},"1":{"start":{"line":2,"column":0},"end":{"line":2,"column":66}},"2":{"start":{"line":3,"column":0},"end":{"line":3,"column":50}},"3":{"start":{"line":4,"column":0},"end":{"line":4,"column":52}},"4":{"start":{"line":5,"column":0},"end":{"line":5,"column":54}},"5":{"start":{"line":6,"column":0},"end":{"line":6,"column":88}},"6":{"start":{"line":7,"column":0},"end":{"line":7,"column":65}},"7":{"start":{"line":8,"column":0},"end":{"line":8,"column":49}},"8":{"start":{"line":10,"column":0},"end":{"line":10,"column":47}},"9":{"start":{"line":11,"column":0},"end":{"line":11,"column":54}},"10":{"start":{"line":13,"column":25},"end":{"line":163,"column":1}},"11":{"start":{"line":14,"column":23},"end":{"line":14,"column":32}},"12":{"start":{"line":15,"column":19},"end":{"line":15,"column":32}},"13":{"start":{"line":17,"column":38},"end":{"line":25,"column":4}},"14":{"start":{"line":26,"column":30},"end":{"line":34,"column":4}},"15":{"start":{"line":35,"column":40},"end":{"line":35,"column":55}},"16":{"start":{"line":37,"column":20},"end":{"line":37,"column":34}},"17":{"start":{"line":39,"column":23},"end":{"line":42,"column":3}},"18":{"start":{"line":40,"column":4},"end":{"line":40,"column":59}},"19":{"start":{"line":40,"column":28},"end":{"line":40,"column":57}},"20":{"start":{"line":41,"column":4},"end":{"line":41,"column":52}},"21":{"start":{"line":41,"column":24},"end":{"line":41,"column":50}},"22":{"start":{"line":44,"column":23},"end":{"line":56,"column":3}},"23":{"start":{"line":45,"column":22},"end":{"line":53,"column":6}},"24":{"start":{"line":54,"column":4},"end":{"line":54,"column":25}},"25":{"start":{"line":55,"column":4},"end":{"line":55,"column":67}},"26":{"start":{"line":55,"column":53},"end":{"line":55,"column":65}},"27":{"start":{"line":58,"column":23},"end":{"line":65,"column":3}},"28":{"start":{"line":59,"column":4},"end":{"line":64,"column":5}},"29":{"start":{"line":60,"column":6},"end":{"line":60,"column":54}},"30":{"start":{"line":61,"column":6},"end":{"line":61,"column":27}},"31":{"start":{"line":63,"column":6},"end":{"line":63,"column":58}},"32":{"start":{"line":67,"column":27},"end":{"line":71,"column":3}},"33":{"start":{"line":68,"column":4},"end":{"line":68,"column":26}},"34":{"start":{"line":69,"column":4},"end":{"line":69,"column":24}},"35":{"start":{"line":70,"column":4},"end":{"line":70,"column":29}},"36":{"start":{"line":73,"column":29},"end":{"line":78,"column":3}},"37":{"start":{"line":74,"column":4},"end":{"line":77,"column":8}},"38":{"start":{"line":74,"column":40},"end":{"line":77,"column":6}},"39":{"start":{"line":80,"column":2},"end":{"line":162,"column":4}},"40":{"start":{"line":84,"column":50},"end":{"line":84,"column":68}},"41":{"start":{"line":91,"column":31},"end":{"line":91,"column":67}},"42":{"start":{"line":100,"column":31},"end":{"line":100,"column":71}},"43":{"start":{"line":110,"column":31},"end":{"line":110,"column":71}},"44":{"start":{"line":119,"column":31},"end":{"line":119,"column":70}},"45":{"start":{"line":128,"column":31},"end":{"line":128,"column":72}},"46":{"start":{"line":137,"column":31},"end":{"line":137,"column":68}},"47":{"start":{"line":146,"column":31},"end":{"line":146,"column":68}},"48":{"start":{"line":165,"column":0},"end":{"line":165,"column":28}}},"fnMap":{"0":{"name":"(anonymous_1)","decl":{"start":{"line":13,"column":25},"end":{"line":13,"column":28}},"loc":{"start":{"line":13,"column":30},"end":{"line":163,"column":1}}},"1":{"name":"(anonymous_2)","decl":{"start":{"line":39,"column":23},"end":{"line":39,"column":24}},"loc":{"start":{"line":39,"column":56},"end":{"line":42,"column":3}}},"2":{"name":"(anonymous_3)","decl":{"start":{"line":40,"column":18},"end":{"line":40,"column":19}},"loc":{"start":{"line":40,"column":28},"end":{"line":40,"column":57}}},"3":{"name":"(anonymous_4)","decl":{"start":{"line":41,"column":14},"end":{"line":41,"column":15}},"loc":{"start":{"line":41,"column":24},"end":{"line":41,"column":50}}},"4":{"name":"(anonymous_5)","decl":{"start":{"line":44,"column":23},"end":{"line":44,"column":26}},"loc":{"start":{"line":44,"column":28},"end":{"line":56,"column":3}}},"5":{"name":"(anonymous_6)","decl":{"start":{"line":55,"column":42},"end":{"line":55,"column":43}},"loc":{"start":{"line":55,"column":53},"end":{"line":55,"column":65}}},"6":{"name":"(anonymous_7)","decl":{"start":{"line":58,"column":23},"end":{"line":58,"column":26}},"loc":{"start":{"line":58,"column":28},"end":{"line":65,"column":3}}},"7":{"name":"(anonymous_8)","decl":{"start":{"line":67,"column":27},"end":{"line":67,"column":30}},"loc":{"start":{"line":67,"column":32},"end":{"line":71,"column":3}}},"8":{"name":"(anonymous_9)","decl":{"start":{"line":73,"column":29},"end":{"line":73,"column":32}},"loc":{"start":{"line":73,"column":34},"end":{"line":78,"column":3}}},"9":{"name":"(anonymous_10)","decl":{"start":{"line":74,"column":25},"end":{"line":74,"column":26}},"loc":{"start":{"line":74,"column":40},"end":{"line":77,"column":6}}},"10":{"name":"(anonymous_11)","decl":{"start":{"line":84,"column":43},"end":{"line":84,"column":44}},"loc":{"start":{"line":84,"column":50},"end":{"line":84,"column":68}}},"11":{"name":"(anonymous_12)","decl":{"start":{"line":91,"column":24},"end":{"line":91,"column":25}},"loc":{"start":{"line":91,"column":31},"end":{"line":91,"column":67}}},"12":{"name":"(anonymous_13)","decl":{"start":{"line":100,"column":24},"end":{"line":100,"column":25}},"loc":{"start":{"line":100,"column":31},"end":{"line":100,"column":71}}},"13":{"name":"(anonymous_14)","decl":{"start":{"line":110,"column":24},"end":{"line":110,"column":25}},"loc":{"start":{"line":110,"column":31},"end":{"line":110,"column":71}}},"14":{"name":"(anonymous_15)","decl":{"start":{"line":119,"column":24},"end":{"line":119,"column":25}},"loc":{"start":{"line":119,"column":31},"end":{"line":119,"column":70}}},"15":{"name":"(anonymous_16)","decl":{"start":{"line":128,"column":24},"end":{"line":128,"column":25}},"loc":{"start":{"line":128,"column":31},"end":{"line":128,"column":72}}},"16":{"name":"(anonymous_17)","decl":{"start":{"line":137,"column":24},"end":{"line":137,"column":25}},"loc":{"start":{"line":137,"column":31},"end":{"line":137,"column":68}}},"17":{"name":"(anonymous_18)","decl":{"start":{"line":146,"column":24},"end":{"line":146,"column":25}},"loc":{"start":{"line":146,"column":31},"end":{"line":146,"column":68}}}},"branchMap":{"0":{"loc":{"start":{"line":46,"column":12},"end":{"line":46,"column":47}},"type":"binary-expr","locations":[{"start":{"line":46,"column":12},"end":{"line":46,"column":41}},{"start":{"line":46,"column":45},"end":{"line":46,"column":47}}]},"1":{"loc":{"start":{"line":47,"column":16},"end":{"line":47,"column":55}},"type":"binary-expr","locations":[{"start":{"line":47,"column":16},"end":{"line":47,"column":49}},{"start":{"line":47,"column":53},"end":{"line":47,"column":55}}]},"2":{"loc":{"start":{"line":48,"column":13},"end":{"line":48,"column":50}},"type":"binary-expr","locations":[{"start":{"line":48,"column":13},"end":{"line":48,"column":44}},{"start":{"line":48,"column":48},"end":{"line":48,"column":50}}]},"3":{"loc":{"start":{"line":49,"column":16},"end":{"line":49,"column":55}},"type":"binary-expr","locations":[{"start":{"line":49,"column":16},"end":{"line":49,"column":49}},{"start":{"line":49,"column":53},"end":{"line":49,"column":55}}]},"4":{"loc":{"start":{"line":50,"column":15},"end":{"line":50,"column":53}},"type":"binary-expr","locations":[{"start":{"line":50,"column":15},"end":{"line":50,"column":47}},{"start":{"line":50,"column":51},"end":{"line":50,"column":53}}]},"5":{"loc":{"start":{"line":51,"column":17},"end":{"line":51,"column":57}},"type":"binary-expr","locations":[{"start":{"line":51,"column":17},"end":{"line":51,"column":51}},{"start":{"line":51,"column":55},"end":{"line":51,"column":57}}]},"6":{"loc":{"start":{"line":52,"column":13},"end":{"line":52,"column":50}},"type":"binary-expr","locations":[{"start":{"line":52,"column":13},"end":{"line":52,"column":44}},{"start":{"line":52,"column":48},"end":{"line":52,"column":50}}]},"7":{"loc":{"start":{"line":59,"column":4},"end":{"line":64,"column":5}},"type":"if","locations":[{"start":{"line":59,"column":4},"end":{"line":64,"column":5}},{"start":{"line":62,"column":11},"end":{"line":64,"column":5}}]}},"s":{"0":1,"1":1,"2":1,"3":1,"4":1,"5":1,"6":1,"7":1,"8":1,"9":1,"10":1,"11":1,"12":1,"13":1,"14":1,"15":1,"16":1,"17":1,"18":0,"19":0,"20":0,"21":0,"22":1,"23":0,"24":0,"25":0,"26":0,"27":1,"28":0,"29":0,"30":0,"31":0,"32":1,"33":0,"34":0,"35":0,"36":1,"37":1,"38":3,"39":1,"40":0,"41":0,"42":0,"43":0,"44":0,"45":0,"46":0,"47":0,"48":1},"f":{"0":1,"1":0,"2":0,"3":0,"4":0,"5":0,"6":0,"7":0,"8":1,"9":3,"10":0,"11":0,"12":0,"13":0,"14":0,"15":0,"16":0,"17":0},"b":{"0":[0,0],"1":[0,0],"2":[0,0],"3":[0,0],"4":[0,0],"5":[0,0],"6":[0,0],"7":[0,0]}}
,"/Users/erikamramos/Documents/Trabajo/TechGirls/clases/src/components/custom/ProductCard/ProductCard.tsx": {"path":"/Users/erikamramos/Documents/Trabajo/TechGirls/clases/src/components/custom/ProductCard/ProductCard.tsx","statementMap":{"0":{"start":{"line":2,"column":0},"end":{"line":2,"column":46}},"1":{"start":{"line":4,"column":0},"end":{"line":4,"column":50}},"2":{"start":{"line":5,"column":0},"end":{"line":5,"column":49}},"3":{"start":{"line":6,"column":0},"end":{"line":6,"column":39}},"4":{"start":{"line":7,"column":0},"end":{"line":7,"column":63}},"5":{"start":{"line":8,"column":0},"end":{"line":8,"column":62}},"6":{"start":{"line":13,"column":42},"end":{"line":38,"column":1}},"7":{"start":{"line":14,"column":23},"end":{"line":14,"column":32}},"8":{"start":{"line":15,"column":26},"end":{"line":15,"column":53}},"9":{"start":{"line":17,"column":26},"end":{"line":19,"column":3}},"10":{"start":{"line":18,"column":4},"end":{"line":18,"column":82}},"11":{"start":{"line":20,"column":2},"end":{"line":37,"column":4}},"12":{"start":{"line":32,"column":23},"end":{"line":32,"column":44}},"13":{"start":{"line":40,"column":0},"end":{"line":40,"column":27}}},"fnMap":{"0":{"name":"(anonymous_1)","decl":{"start":{"line":13,"column":42},"end":{"line":13,"column":43}},"loc":{"start":{"line":13,"column":55},"end":{"line":38,"column":1}}},"1":{"name":"(anonymous_2)","decl":{"start":{"line":17,"column":26},"end":{"line":17,"column":27}},"loc":{"start":{"line":17,"column":47},"end":{"line":19,"column":3}}},"2":{"name":"(anonymous_3)","decl":{"start":{"line":32,"column":17},"end":{"line":32,"column":20}},"loc":{"start":{"line":32,"column":23},"end":{"line":32,"column":44}}}},"branchMap":{},"s":{"0":1,"1":1,"2":1,"3":1,"4":1,"5":1,"6":1,"7":2,"8":2,"9":2,"10":1,"11":2,"12":1,"13":1},"f":{"0":2,"1":1,"2":1},"b":{}}
,"/Users/erikamramos/Documents/Trabajo/TechGirls/clases/src/components/custom/ProductList/ProductList.tsx": {"path":"/Users/erikamramos/Documents/Trabajo/TechGirls/clases/src/components/custom/ProductList/ProductList.tsx","statementMap":{"0":{"start":{"line":1,"column":0},"end":{"line":1,"column":38}},"1":{"start":{"line":2,"column":0},"end":{"line":2,"column":46}},"2":{"start":{"line":3,"column":0},"end":{"line":3,"column":53}},"3":{"start":{"line":4,"column":0},"end":{"line":4,"column":63}},"4":{"start":{"line":5,"column":0},"end":{"line":5,"column":57}},"5":{"start":{"line":6,"column":0},"end":{"line":6,"column":61}},"6":{"start":{"line":7,"column":0},"end":{"line":7,"column":71}},"7":{"start":{"line":8,"column":0},"end":{"line":8,"column":69}},"8":{"start":{"line":10,"column":24},"end":{"line":43,"column":1}},"9":{"start":{"line":11,"column":23},"end":{"line":11,"column":63}},"10":{"start":{"line":12,"column":30},"end":{"line":12,"column":43}},"11":{"start":{"line":13,"column":41},"end":{"line":16,"column":4}},"12":{"start":{"line":18,"column":2},"end":{"line":20,"column":30}},"13":{"start":{"line":19,"column":4},"end":{"line":19,"column":47}},"14":{"start":{"line":22,"column":27},"end":{"line":24,"column":3}},"15":{"start":{"line":23,"column":4},"end":{"line":23,"column":18}},"16":{"start":{"line":26,"column":2},"end":{"line":42,"column":4}},"17":{"start":{"line":30,"column":10},"end":{"line":30,"column":null}},"18":{"start":{"line":45,"column":0},"end":{"line":45,"column":27}}},"fnMap":{"0":{"name":"(anonymous_1)","decl":{"start":{"line":10,"column":24},"end":{"line":10,"column":27}},"loc":{"start":{"line":10,"column":29},"end":{"line":43,"column":1}}},"1":{"name":"(anonymous_2)","decl":{"start":{"line":18,"column":12},"end":{"line":18,"column":15}},"loc":{"start":{"line":18,"column":17},"end":{"line":20,"column":3}}},"2":{"name":"(anonymous_3)","decl":{"start":{"line":22,"column":27},"end":{"line":22,"column":28}},"loc":{"start":{"line":22,"column":44},"end":{"line":24,"column":3}}},"3":{"name":"(anonymous_4)","decl":{"start":{"line":29,"column":36},"end":{"line":29,"column":37}},"loc":{"start":{"line":30,"column":10},"end":{"line":30,"column":null}}}},"branchMap":{},"s":{"0":1,"1":1,"2":1,"3":1,"4":1,"5":1,"6":1,"7":1,"8":1,"9":4,"10":4,"11":4,"12":4,"13":4,"14":4,"15":1,"16":4,"17":12,"18":1},"f":{"0":4,"1":4,"2":1,"3":12},"b":{}}
,"/Users/erikamramos/Documents/Trabajo/TechGirls/clases/src/components/custom/SuccessModal/SuccessModal.tsx": {"path":"/Users/erikamramos/Documents/Trabajo/TechGirls/clases/src/components/custom/SuccessModal/SuccessModal.tsx","statementMap":{"0":{"start":{"line":2,"column":0},"end":{"line":2,"column":37}},"1":{"start":{"line":10,"column":44},"end":{"line":24,"column":1}},"2":{"start":{"line":11,"column":2},"end":{"line":11,"column":27}},"3":{"start":{"line":11,"column":15},"end":{"line":11,"column":27}},"4":{"start":{"line":13,"column":2},"end":{"line":23,"column":4}},"5":{"start":{"line":26,"column":0},"end":{"line":26,"column":28}}},"fnMap":{"0":{"name":"(anonymous_0)","decl":{"start":{"line":10,"column":44},"end":{"line":10,"column":45}},"loc":{"start":{"line":10,"column":77},"end":{"line":24,"column":1}}}},"branchMap":{"0":{"loc":{"start":{"line":11,"column":2},"end":{"line":11,"column":27}},"type":"if","locations":[{"start":{"line":11,"column":2},"end":{"line":11,"column":27}}]}},"s":{"0":2,"1":2,"2":5,"3":2,"4":3,"5":2},"f":{"0":5},"b":{"0":[2]}}
,"/Users/erikamramos/Documents/Trabajo/TechGirls/clases/src/components/layout/MainLayout/MainLayout.tsx": {"path":"/Users/erikamramos/Documents/Trabajo/TechGirls/clases/src/components/layout/MainLayout/MainLayout.tsx","statementMap":{"0":{"start":{"line":2,"column":0},"end":{"line":2,"column":45}},"1":{"start":{"line":3,"column":0},"end":{"line":3,"column":66}},"2":{"start":{"line":4,"column":0},"end":{"line":4,"column":66}},"3":{"start":{"line":6,"column":42},"end":{"line":14,"column":1}},"4":{"start":{"line":7,"column":2},"end":{"line":13,"column":4}},"5":{"start":{"line":16,"column":0},"end":{"line":16,"column":26}}},"fnMap":{"0":{"name":"(anonymous_1)","decl":{"start":{"line":6,"column":42},"end":{"line":6,"column":43}},"loc":{"start":{"line":6,"column":59},"end":{"line":14,"column":1}}}},"branchMap":{},"s":{"0":2,"1":2,"2":2,"3":2,"4":2,"5":2},"f":{"0":2},"b":{}}
,"/Users/erikamramos/Documents/Trabajo/TechGirls/clases/src/components/molecules/index.tsx": {"path":"/Users/erikamramos/Documents/Trabajo/TechGirls/clases/src/components/molecules/index.tsx","statementMap":{"0":{"start":{"line":1,"column":0},"end":{"line":1,"column":9}},"1":{"start":{"line":1,"column":9},"end":{"line":1,"column":35}},"2":{"start":{"line":2,"column":0},"end":{"line":2,"column":9}},"3":{"start":{"line":2,"column":9},"end":{"line":2,"column":50}},"4":{"start":{"line":3,"column":0},"end":{"line":3,"column":null}},"5":{"start":{"line":4,"column":2},"end":{"line":4,"column":null}},"6":{"start":{"line":5,"column":2},"end":{"line":5,"column":null}},"7":{"start":{"line":6,"column":2},"end":{"line":6,"column":null}},"8":{"start":{"line":7,"column":2},"end":{"line":7,"column":null}},"9":{"start":{"line":8,"column":2},"end":{"line":8,"column":null}},"10":{"start":{"line":9,"column":2},"end":{"line":9,"column":null}},"11":{"start":{"line":10,"column":2},"end":{"line":10,"column":null}}},"fnMap":{"0":{"name":"(anonymous_0)","decl":{"start":{"line":1,"column":9},"end":{"line":1,"column":13}},"loc":{"start":{"line":1,"column":9},"end":{"line":1,"column":35}}},"1":{"name":"(anonymous_1)","decl":{"start":{"line":2,"column":9},"end":{"line":2,"column":18}},"loc":{"start":{"line":2,"column":9},"end":{"line":2,"column":50}}},"2":{"name":"(anonymous_2)","decl":{"start":{"line":4,"column":2},"end":{"line":4,"column":7}},"loc":{"start":{"line":4,"column":2},"end":{"line":4,"column":null}}},"3":{"name":"(anonymous_3)","decl":{"start":{"line":5,"column":2},"end":{"line":5,"column":13}},"loc":{"start":{"line":5,"column":2},"end":{"line":5,"column":null}}},"4":{"name":"(anonymous_4)","decl":{"start":{"line":6,"column":2},"end":{"line":6,"column":11}},"loc":{"start":{"line":6,"column":2},"end":{"line":6,"column":null}}},"5":{"name":"(anonymous_5)","decl":{"start":{"line":7,"column":2},"end":{"line":7,"column":13}},"loc":{"start":{"line":7,"column":2},"end":{"line":7,"column":null}}},"6":{"name":"(anonymous_6)","decl":{"start":{"line":8,"column":2},"end":{"line":8,"column":10}},"loc":{"start":{"line":8,"column":2},"end":{"line":8,"column":null}}},"7":{"name":"(anonymous_7)","decl":{"start":{"line":9,"column":2},"end":{"line":9,"column":11}},"loc":{"start":{"line":9,"column":2},"end":{"line":9,"column":null}}},"8":{"name":"(anonymous_8)","decl":{"start":{"line":10,"column":2},"end":{"line":10,"column":11}},"loc":{"start":{"line":10,"column":2},"end":{"line":10,"column":null}}}},"branchMap":{},"s":{"0":7,"1":17,"2":7,"3":63,"4":7,"5":13,"6":14,"7":15,"8":13,"9":33,"10":29,"11":56},"f":{"0":10,"1":56,"2":6,"3":7,"4":8,"5":6,"6":26,"7":22,"8":49},"b":{}}
,"/Users/erikamramos/Documents/Trabajo/TechGirls/clases/src/components/molecules/Card/Card.tsx": {"path":"/Users/erikamramos/Documents/Trabajo/TechGirls/clases/src/components/molecules/Card/Card.tsx","statementMap":{"0":{"start":{"line":2,"column":0},"end":{"line":2,"column":39}},"1":{"start":{"line":4,"column":43},"end":{"line":6,"column":1}},"2":{"start":{"line":5,"column":2},"end":{"line":5,"column":55}},"3":{"start":{"line":4,"column":13},"end":{"line":4,"column":43}}},"fnMap":{"0":{"name":"(anonymous_1)","decl":{"start":{"line":4,"column":43},"end":{"line":4,"column":44}},"loc":{"start":{"line":4,"column":60},"end":{"line":6,"column":1}}}},"branchMap":{},"s":{"0":7,"1":7,"2":10,"3":7},"f":{"0":10},"b":{}}
,"/Users/erikamramos/Documents/Trabajo/TechGirls/clases/src/components/molecules/FormField/FormField.tsx": {"path":"/Users/erikamramos/Documents/Trabajo/TechGirls/clases/src/components/molecules/FormField/FormField.tsx","statementMap":{"0":{"start":{"line":2,"column":0},"end":{"line":2,"column":44}},"1":{"start":{"line":10,"column":64},"end":{"line":25,"column":1}},"2":{"start":{"line":16,"column":2},"end":{"line":24,"column":4}},"3":{"start":{"line":10,"column":13},"end":{"line":10,"column":64}}},"fnMap":{"0":{"name":"(anonymous_1)","decl":{"start":{"line":10,"column":64},"end":{"line":10,"column":65}},"loc":{"start":{"line":15,"column":5},"end":{"line":25,"column":1}}}},"branchMap":{"0":{"loc":{"start":{"line":22,"column":7},"end":{"line":22,"column":76}},"type":"binary-expr","locations":[{"start":{"line":22,"column":7},"end":{"line":22,"column":12}},{"start":{"line":22,"column":16},"end":{"line":22,"column":76}}]}},"s":{"0":7,"1":7,"2":41,"3":7},"f":{"0":41},"b":{"0":[41,3]}}
,"/Users/erikamramos/Documents/Trabajo/TechGirls/clases/src/components/molecules/Pagination/Pagination.tsx": {"path":"/Users/erikamramos/Documents/Trabajo/TechGirls/clases/src/components/molecules/Pagination/Pagination.tsx","statementMap":{"0":{"start":{"line":2,"column":0},"end":{"line":2,"column":45}},"1":{"start":{"line":11,"column":40},"end":{"line":52,"column":1}},"2":{"start":{"line":17,"column":21},"end":{"line":17,"column":57}},"3":{"start":{"line":18,"column":26},"end":{"line":22,"column":3}},"4":{"start":{"line":19,"column":4},"end":{"line":21,"column":5}},"5":{"start":{"line":20,"column":6},"end":{"line":20,"column":25}},"6":{"start":{"line":24,"column":2},"end":{"line":51,"column":4}},"7":{"start":{"line":27,"column":23},"end":{"line":27,"column":55}},"8":{"start":{"line":34,"column":8},"end":{"line":36,"column":null}},"9":{"start":{"line":37,"column":25},"end":{"line":37,"column":51}},"10":{"start":{"line":44,"column":23},"end":{"line":44,"column":55}},"11":{"start":{"line":54,"column":0},"end":{"line":54,"column":26}}},"fnMap":{"0":{"name":"(anonymous_1)","decl":{"start":{"line":11,"column":40},"end":{"line":11,"column":41}},"loc":{"start":{"line":16,"column":5},"end":{"line":52,"column":1}}},"1":{"name":"(anonymous_2)","decl":{"start":{"line":18,"column":26},"end":{"line":18,"column":27}},"loc":{"start":{"line":18,"column":43},"end":{"line":22,"column":3}}},"2":{"name":"(anonymous_3)","decl":{"start":{"line":27,"column":17},"end":{"line":27,"column":20}},"loc":{"start":{"line":27,"column":23},"end":{"line":27,"column":55}}},"3":{"name":"(anonymous_4)","decl":{"start":{"line":33,"column":42},"end":{"line":33,"column":43}},"loc":{"start":{"line":34,"column":8},"end":{"line":36,"column":null}}},"4":{"name":"(anonymous_5)","decl":{"start":{"line":37,"column":19},"end":{"line":37,"column":22}},"loc":{"start":{"line":37,"column":25},"end":{"line":37,"column":51}}},"5":{"name":"(anonymous_6)","decl":{"start":{"line":44,"column":17},"end":{"line":44,"column":20}},"loc":{"start":{"line":44,"column":23},"end":{"line":44,"column":55}}}},"branchMap":{"0":{"loc":{"start":{"line":19,"column":4},"end":{"line":21,"column":5}},"type":"if","locations":[{"start":{"line":19,"column":4},"end":{"line":21,"column":5}}]},"1":{"loc":{"start":{"line":19,"column":8},"end":{"line":19,"column":39}},"type":"binary-expr","locations":[{"start":{"line":19,"column":8},"end":{"line":19,"column":17}},{"start":{"line":19,"column":21},"end":{"line":19,"column":39}}]},"2":{"loc":{"start":{"line":38,"column":53},"end":{"line":38,"column":119}},"type":"cond-expr","locations":[{"start":{"line":38,"column":81},"end":{"line":38,"column":114}},{"start":{"line":38,"column":117},"end":{"line":38,"column":119}}]}},"s":{"0":1,"1":1,"2":4,"3":4,"4":1,"5":1,"6":4,"7":0,"8":8,"9":1,"10":0,"11":1},"f":{"0":4,"1":1,"2":0,"3":8,"4":1,"5":0},"b":{"0":[1],"1":[1,1],"2":[4,4]}}
,"/Users/erikamramos/Documents/Trabajo/TechGirls/clases/src/components/molecules/Table/Table.tsx": {"path":"/Users/erikamramos/Documents/Trabajo/TechGirls/clases/src/components/molecules/Table/Table.tsx","statementMap":{"0":{"start":{"line":1,"column":0},"end":{"line":1,"column":87}},"1":{"start":{"line":2,"column":0},"end":{"line":2,"column":40}},"2":{"start":{"line":4,"column":13},"end":{"line":10,"column":2}},"3":{"start":{"line":5,"column":14},"end":{"line":5,"column":19}},"4":{"start":{"line":5,"column":24},"end":{"line":5,"column":28}},"5":{"start":{"line":5,"column":36},"end":{"line":9,"column":null}},"6":{"start":{"line":12,"column":13},"end":{"line":17,"column":3}},"7":{"start":{"line":15,"column":14},"end":{"line":15,"column":19}},"8":{"start":{"line":15,"column":24},"end":{"line":15,"column":28}},"9":{"start":{"line":15,"column":36},"end":{"line":17,"column":2}},"10":{"start":{"line":19,"column":13},"end":{"line":22,"column":68}},"11":{"start":{"line":22,"column":14},"end":{"line":22,"column":19}},"12":{"start":{"line":22,"column":24},"end":{"line":22,"column":28}},"13":{"start":{"line":22,"column":36},"end":{"line":22,"column":67}},"14":{"start":{"line":24,"column":13},"end":{"line":29,"column":3}},"15":{"start":{"line":27,"column":14},"end":{"line":27,"column":19}},"16":{"start":{"line":27,"column":24},"end":{"line":27,"column":28}},"17":{"start":{"line":27,"column":36},"end":{"line":29,"column":2}},"18":{"start":{"line":31,"column":13},"end":{"line":33,"column":2}},"19":{"start":{"line":32,"column":14},"end":{"line":32,"column":19}},"20":{"start":{"line":32,"column":24},"end":{"line":32,"column":28}},"21":{"start":{"line":32,"column":36},"end":{"line":32,"column":null}},"22":{"start":{"line":35,"column":13},"end":{"line":37,"column":2}},"23":{"start":{"line":36,"column":14},"end":{"line":36,"column":19}},"24":{"start":{"line":36,"column":24},"end":{"line":36,"column":28}},"25":{"start":{"line":36,"column":36},"end":{"line":36,"column":null}},"26":{"start":{"line":39,"column":13},"end":{"line":41,"column":2}},"27":{"start":{"line":40,"column":14},"end":{"line":40,"column":19}},"28":{"start":{"line":40,"column":24},"end":{"line":40,"column":28}},"29":{"start":{"line":40,"column":36},"end":{"line":40,"column":null}}},"fnMap":{"0":{"name":"(anonymous_2)","decl":{"start":{"line":5,"column":2},"end":{"line":5,"column":3}},"loc":{"start":{"line":5,"column":35},"end":{"line":9,"column":null}}},"1":{"name":"(anonymous_3)","decl":{"start":{"line":15,"column":2},"end":{"line":15,"column":3}},"loc":{"start":{"line":15,"column":35},"end":{"line":17,"column":2}}},"2":{"name":"(anonymous_4)","decl":{"start":{"line":22,"column":2},"end":{"line":22,"column":3}},"loc":{"start":{"line":22,"column":35},"end":{"line":22,"column":67}}},"3":{"name":"(anonymous_5)","decl":{"start":{"line":27,"column":2},"end":{"line":27,"column":3}},"loc":{"start":{"line":27,"column":35},"end":{"line":29,"column":2}}},"4":{"name":"(anonymous_6)","decl":{"start":{"line":32,"column":2},"end":{"line":32,"column":3}},"loc":{"start":{"line":32,"column":35},"end":{"line":32,"column":null}}},"5":{"name":"(anonymous_7)","decl":{"start":{"line":36,"column":2},"end":{"line":36,"column":3}},"loc":{"start":{"line":36,"column":35},"end":{"line":36,"column":null}}},"6":{"name":"(anonymous_8)","decl":{"start":{"line":40,"column":2},"end":{"line":40,"column":3}},"loc":{"start":{"line":40,"column":35},"end":{"line":40,"column":null}}}},"branchMap":{},"s":{"0":7,"1":7,"2":7,"3":6,"4":6,"5":6,"6":7,"7":7,"8":7,"9":7,"10":7,"11":8,"12":8,"13":8,"14":7,"15":6,"16":6,"17":6,"18":7,"19":26,"20":26,"21":26,"22":7,"23":22,"24":22,"25":22,"26":7,"27":49,"28":49,"29":49},"f":{"0":6,"1":7,"2":8,"3":6,"4":26,"5":22,"6":49},"b":{}}
,"/Users/erikamramos/Documents/Trabajo/TechGirls/clases/src/components/organisms/index.tsx": {"path":"/Users/erikamramos/Documents/Trabajo/TechGirls/clases/src/components/organisms/index.tsx","statementMap":{"0":{"start":{"line":1,"column":0},"end":{"line":1,"column":9}},"1":{"start":{"line":1,"column":9},"end":{"line":1,"column":41}},"2":{"start":{"line":2,"column":0},"end":{"line":2,"column":9}},"3":{"start":{"line":2,"column":9},"end":{"line":2,"column":41}},"4":{"start":{"line":3,"column":0},"end":{"line":3,"column":9}},"5":{"start":{"line":3,"column":9},"end":{"line":3,"column":38}}},"fnMap":{"0":{"name":"(anonymous_0)","decl":{"start":{"line":1,"column":9},"end":{"line":1,"column":15}},"loc":{"start":{"line":1,"column":9},"end":{"line":1,"column":41}}},"1":{"name":"(anonymous_1)","decl":{"start":{"line":2,"column":9},"end":{"line":2,"column":15}},"loc":{"start":{"line":2,"column":9},"end":{"line":2,"column":41}}},"2":{"name":"(anonymous_2)","decl":{"start":{"line":3,"column":9},"end":{"line":3,"column":14}},"loc":{"start":{"line":3,"column":9},"end":{"line":3,"column":38}}}},"branchMap":{},"s":{"0":5,"1":12,"2":5,"3":9,"4":5,"5":20},"f":{"0":7,"1":4,"2":15},"b":{}}
,"/Users/erikamramos/Documents/Trabajo/TechGirls/clases/src/components/organisms/Footer/Footer.tsx": {"path":"/Users/erikamramos/Documents/Trabajo/TechGirls/clases/src/components/organisms/Footer/Footer.tsx","statementMap":{"0":{"start":{"line":2,"column":0},"end":{"line":2,"column":41}},"1":{"start":{"line":4,"column":45},"end":{"line":6,"column":1}},"2":{"start":{"line":5,"column":2},"end":{"line":5,"column":63}},"3":{"start":{"line":4,"column":13},"end":{"line":4,"column":45}}},"fnMap":{"0":{"name":"(anonymous_1)","decl":{"start":{"line":4,"column":45},"end":{"line":4,"column":46}},"loc":{"start":{"line":4,"column":62},"end":{"line":6,"column":1}}}},"branchMap":{},"s":{"0":5,"1":5,"2":4,"3":5},"f":{"0":4},"b":{}}
,"/Users/erikamramos/Documents/Trabajo/TechGirls/clases/src/components/organisms/Modal/Modal.tsx": {"path":"/Users/erikamramos/Documents/Trabajo/TechGirls/clases/src/components/organisms/Modal/Modal.tsx","statementMap":{"0":{"start":{"line":2,"column":0},"end":{"line":2,"column":37}},"1":{"start":{"line":3,"column":0},"end":{"line":3,"column":40}},"2":{"start":{"line":13,"column":37},"end":{"line":35,"column":1}},"3":{"start":{"line":20,"column":2},"end":{"line":20,"column":27}},"4":{"start":{"line":20,"column":15},"end":{"line":20,"column":27}},"5":{"start":{"line":22,"column":2},"end":{"line":34,"column":4}},"6":{"start":{"line":13,"column":13},"end":{"line":13,"column":37}}},"fnMap":{"0":{"name":"(anonymous_1)","decl":{"start":{"line":13,"column":37},"end":{"line":13,"column":38}},"loc":{"start":{"line":19,"column":5},"end":{"line":35,"column":1}}}},"branchMap":{"0":{"loc":{"start":{"line":18,"column":2},"end":{"line":18,"column":24}},"type":"default-arg","locations":[{"start":{"line":18,"column":20},"end":{"line":18,"column":24}}]},"1":{"loc":{"start":{"line":20,"column":2},"end":{"line":20,"column":27}},"type":"if","locations":[{"start":{"line":20,"column":2},"end":{"line":20,"column":27}}]},"2":{"loc":{"start":{"line":27,"column":9},"end":{"line":30,"column":null}},"type":"binary-expr","locations":[{"start":{"line":27,"column":9},"end":{"line":27,"column":25}},{"start":{"line":28,"column":10},"end":{"line":28,"column":null}}]}},"s":{"0":5,"1":5,"2":5,"3":15,"4":15,"5":0,"6":5},"f":{"0":15},"b":{"0":[15],"1":[15],"2":[0,0]}}
,"/Users/erikamramos/Documents/Trabajo/TechGirls/clases/src/components/organisms/NavBar/NavBar.tsx": {"path":"/Users/erikamramos/Documents/Trabajo/TechGirls/clases/src/components/organisms/NavBar/NavBar.tsx","statementMap":{"0":{"start":{"line":2,"column":0},"end":{"line":2,"column":41}},"1":{"start":{"line":4,"column":45},"end":{"line":10,"column":1}},"2":{"start":{"line":5,"column":2},"end":{"line":9,"column":4}},"3":{"start":{"line":4,"column":13},"end":{"line":4,"column":45}}},"fnMap":{"0":{"name":"(anonymous_1)","decl":{"start":{"line":4,"column":45},"end":{"line":4,"column":46}},"loc":{"start":{"line":4,"column":62},"end":{"line":10,"column":1}}}},"branchMap":{},"s":{"0":5,"1":5,"2":7,"3":5},"f":{"0":7},"b":{}}
,"/Users/erikamramos/Documents/Trabajo/TechGirls/clases/src/context/actions/authActions.ts": {"path":"/Users/erikamramos/Documents/Trabajo/TechGirls/clases/src/context/actions/authActions.ts","statementMap":{"0":{"start":{"line":2,"column":0},"end":{"line":2,"column":60}},"1":{"start":{"line":4,"column":21},"end":{"line":16,"column":2}},"2":{"start":{"line":4,"column":84},"end":{"line":16,"column":2}},"3":{"start":{"line":5,"column":19},"end":{"line":5,"column":43}},"4":{"start":{"line":6,"column":2},"end":{"line":6,"column":52}},"5":{"start":{"line":7,"column":2},"end":{"line":7,"column":66}},"6":{"start":{"line":9,"column":2},"end":{"line":15,"column":5}},"7":{"start":{"line":4,"column":13},"end":{"line":4,"column":21}},"8":{"start":{"line":18,"column":22},"end":{"line":22,"column":1}},"9":{"start":{"line":19,"column":2},"end":{"line":19,"column":39}},"10":{"start":{"line":20,"column":2},"end":{"line":20,"column":38}},"11":{"start":{"line":21,"column":2},"end":{"line":21,"column":31}},"12":{"start":{"line":18,"column":13},"end":{"line":18,"column":22}},"13":{"start":{"line":24,"column":35},"end":{"line":33,"column":1}},"14":{"start":{"line":25,"column":16},"end":{"line":25,"column":49}},"15":{"start":{"line":26,"column":15},"end":{"line":26,"column":47}},"16":{"start":{"line":27,"column":2},"end":{"line":32,"column":3}},"17":{"start":{"line":28,"column":4},"end":{"line":31,"column":7}},"18":{"start":{"line":24,"column":13},"end":{"line":24,"column":35}},"19":{"start":{"line":35,"column":23},"end":{"line":42,"column":1}},"20":{"start":{"line":36,"column":2},"end":{"line":36,"column":57}},"21":{"start":{"line":38,"column":2},"end":{"line":41,"column":5}},"22":{"start":{"line":35,"column":13},"end":{"line":35,"column":23}}},"fnMap":{"0":{"name":"(anonymous_7)","decl":{"start":{"line":4,"column":21},"end":{"line":4,"column":28}},"loc":{"start":{"line":4,"column":84},"end":{"line":16,"column":2}}},"1":{"name":"(anonymous_8)","decl":{"start":{"line":4,"column":84},"end":{"line":4,"column":null}},"loc":{"start":{"line":4,"column":84},"end":{"line":16,"column":1}}},"2":{"name":"(anonymous_9)","decl":{"start":{"line":18,"column":22},"end":{"line":18,"column":23}},"loc":{"start":{"line":18,"column":56},"end":{"line":22,"column":1}}},"3":{"name":"(anonymous_10)","decl":{"start":{"line":24,"column":35},"end":{"line":24,"column":36}},"loc":{"start":{"line":24,"column":69},"end":{"line":33,"column":1}}},"4":{"name":"(anonymous_11)","decl":{"start":{"line":35,"column":23},"end":{"line":35,"column":24}},"loc":{"start":{"line":35,"column":69},"end":{"line":42,"column":1}}}},"branchMap":{"0":{"loc":{"start":{"line":27,"column":2},"end":{"line":32,"column":3}},"type":"if","locations":[{"start":{"line":27,"column":2},"end":{"line":32,"column":3}}]},"1":{"loc":{"start":{"line":27,"column":6},"end":{"line":27,"column":19}},"type":"binary-expr","locations":[{"start":{"line":27,"column":6},"end":{"line":27,"column":11}},{"start":{"line":27,"column":15},"end":{"line":27,"column":19}}]}},"s":{"0":2,"1":2,"2":2,"3":2,"4":1,"5":1,"6":1,"7":2,"8":2,"9":1,"10":1,"11":1,"12":2,"13":2,"14":2,"15":2,"16":2,"17":1,"18":2,"19":2,"20":1,"21":1,"22":2},"f":{"0":2,"1":2,"2":1,"3":2,"4":1},"b":{"0":[1],"1":[2,1]}}
,"/Users/erikamramos/Documents/Trabajo/TechGirls/clases/src/context/actions/cartActions.ts": {"path":"/Users/erikamramos/Documents/Trabajo/TechGirls/clases/src/context/actions/cartActions.ts","statementMap":{"0":{"start":{"line":5,"column":25},"end":{"line":7,"column":1}},"1":{"start":{"line":6,"column":2},"end":{"line":6,"column":54}},"2":{"start":{"line":5,"column":13},"end":{"line":5,"column":25}},"3":{"start":{"line":9,"column":30},"end":{"line":11,"column":1}},"4":{"start":{"line":10,"column":2},"end":{"line":10,"column":61}},"5":{"start":{"line":9,"column":13},"end":{"line":9,"column":30}},"6":{"start":{"line":13,"column":34},"end":{"line":20,"column":1}},"7":{"start":{"line":18,"column":2},"end":{"line":18,"column":27}},"8":{"start":{"line":18,"column":20},"end":{"line":18,"column":27}},"9":{"start":{"line":19,"column":2},"end":{"line":19,"column":78}},"10":{"start":{"line":13,"column":13},"end":{"line":13,"column":34}},"11":{"start":{"line":22,"column":25},"end":{"line":24,"column":1}},"12":{"start":{"line":23,"column":2},"end":{"line":23,"column":35}},"13":{"start":{"line":22,"column":13},"end":{"line":22,"column":25}}},"fnMap":{"0":{"name":"(anonymous_0)","decl":{"start":{"line":5,"column":25},"end":{"line":5,"column":26}},"loc":{"start":{"line":5,"column":75},"end":{"line":7,"column":1}}},"1":{"name":"(anonymous_1)","decl":{"start":{"line":9,"column":30},"end":{"line":9,"column":31}},"loc":{"start":{"line":9,"column":84},"end":{"line":11,"column":1}}},"2":{"name":"(anonymous_2)","decl":{"start":{"line":13,"column":34},"end":{"line":13,"column":null}},"loc":{"start":{"line":17,"column":4},"end":{"line":20,"column":1}}},"3":{"name":"(anonymous_3)","decl":{"start":{"line":22,"column":25},"end":{"line":22,"column":26}},"loc":{"start":{"line":22,"column":60},"end":{"line":24,"column":1}}}},"branchMap":{"0":{"loc":{"start":{"line":18,"column":2},"end":{"line":18,"column":27}},"type":"if","locations":[{"start":{"line":18,"column":2},"end":{"line":18,"column":27}}]}},"s":{"0":2,"1":1,"2":2,"3":2,"4":1,"5":2,"6":2,"7":2,"8":1,"9":1,"10":2,"11":2,"12":1,"13":2},"f":{"0":1,"1":1,"2":2,"3":1},"b":{"0":[1]}}
,"/Users/erikamramos/Documents/Trabajo/TechGirls/clases/src/context/actions/productActions.ts": {"path":"/Users/erikamramos/Documents/Trabajo/TechGirls/clases/src/context/actions/productActions.ts","statementMap":{"0":{"start":{"line":5,"column":0},"end":{"line":5,"column":70}},"1":{"start":{"line":6,"column":0},"end":{"line":6,"column":94}},"2":{"start":{"line":8,"column":30},"end":{"line":15,"column":2}},"3":{"start":{"line":8,"column":74},"end":{"line":15,"column":2}},"4":{"start":{"line":9,"column":2},"end":{"line":14,"column":3}},"5":{"start":{"line":10,"column":35},"end":{"line":10,"column":58}},"6":{"start":{"line":11,"column":4},"end":{"line":11,"column":63}},"7":{"start":{"line":13,"column":4},"end":{"line":13,"column":54}},"8":{"start":{"line":8,"column":13},"end":{"line":8,"column":30}},"9":{"start":{"line":17,"column":28},"end":{"line":30,"column":2}},"10":{"start":{"line":21,"column":4},"end":{"line":30,"column":2}},"11":{"start":{"line":22,"column":2},"end":{"line":29,"column":3}},"12":{"start":{"line":23,"column":21},"end":{"line":23,"column":72}},"13":{"start":{"line":24,"column":72},"end":{"line":24,"column":80}},"14":{"start":{"line":25,"column":4},"end":{"line":25,"column":59}},"15":{"start":{"line":26,"column":4},"end":{"line":26,"column":61}},"16":{"start":{"line":28,"column":4},"end":{"line":28,"column":52}},"17":{"start":{"line":17,"column":13},"end":{"line":17,"column":28}},"18":{"start":{"line":32,"column":40},"end":{"line":52,"column":2}},"19":{"start":{"line":38,"column":4},"end":{"line":52,"column":2}},"20":{"start":{"line":39,"column":2},"end":{"line":42,"column":3}},"21":{"start":{"line":40,"column":4},"end":{"line":40,"column":61}},"22":{"start":{"line":41,"column":4},"end":{"line":41,"column":11}},"23":{"start":{"line":44,"column":2},"end":{"line":51,"column":3}},"24":{"start":{"line":45,"column":21},"end":{"line":45,"column":94}},"25":{"start":{"line":46,"column":72},"end":{"line":46,"column":80}},"26":{"start":{"line":47,"column":4},"end":{"line":47,"column":61}},"27":{"start":{"line":48,"column":4},"end":{"line":48,"column":61}},"28":{"start":{"line":50,"column":4},"end":{"line":50,"column":66}},"29":{"start":{"line":32,"column":13},"end":{"line":32,"column":40}},"30":{"start":{"line":54,"column":30},"end":{"line":66,"column":1}},"31":{"start":{"line":59,"column":22},"end":{"line":59,"column":41}},"32":{"start":{"line":60,"column":27},"end":{"line":63,"column":null}},"33":{"start":{"line":62,"column":6},"end":{"line":63,"column":61}},"34":{"start":{"line":65,"column":2},"end":{"line":65,"column":67}},"35":{"start":{"line":54,"column":13},"end":{"line":54,"column":30}}},"fnMap":{"0":{"name":"(anonymous_7)","decl":{"start":{"line":8,"column":30},"end":{"line":8,"column":37}},"loc":{"start":{"line":8,"column":74},"end":{"line":15,"column":2}}},"1":{"name":"(anonymous_8)","decl":{"start":{"line":8,"column":74},"end":{"line":8,"column":null}},"loc":{"start":{"line":8,"column":74},"end":{"line":15,"column":1}}},"2":{"name":"(anonymous_9)","decl":{"start":{"line":17,"column":28},"end":{"line":17,"column":null}},"loc":{"start":{"line":21,"column":4},"end":{"line":30,"column":2}}},"3":{"name":"(anonymous_10)","decl":{"start":{"line":21,"column":4},"end":{"line":21,"column":null}},"loc":{"start":{"line":20,"column":18},"end":{"line":30,"column":1}}},"4":{"name":"(anonymous_11)","decl":{"start":{"line":32,"column":40},"end":{"line":32,"column":null}},"loc":{"start":{"line":38,"column":4},"end":{"line":52,"column":2}}},"5":{"name":"(anonymous_12)","decl":{"start":{"line":38,"column":4},"end":{"line":38,"column":null}},"loc":{"start":{"line":37,"column":18},"end":{"line":52,"column":1}}},"6":{"name":"(anonymous_13)","decl":{"start":{"line":54,"column":30},"end":{"line":54,"column":null}},"loc":{"start":{"line":58,"column":4},"end":{"line":66,"column":1}}},"7":{"name":"(anonymous_14)","decl":{"start":{"line":61,"column":4},"end":{"line":61,"column":5}},"loc":{"start":{"line":62,"column":6},"end":{"line":63,"column":61}}}},"branchMap":{"0":{"loc":{"start":{"line":19,"column":2},"end":{"line":19,"column":20}},"type":"default-arg","locations":[{"start":{"line":19,"column":18},"end":{"line":19,"column":20}}]},"1":{"loc":{"start":{"line":20,"column":2},"end":{"line":20,"column":18}},"type":"default-arg","locations":[{"start":{"line":20,"column":17},"end":{"line":20,"column":18}}]},"2":{"loc":{"start":{"line":36,"column":2},"end":{"line":36,"column":20}},"type":"default-arg","locations":[{"start":{"line":36,"column":18},"end":{"line":36,"column":20}}]},"3":{"loc":{"start":{"line":37,"column":2},"end":{"line":37,"column":18}},"type":"default-arg","locations":[{"start":{"line":37,"column":17},"end":{"line":37,"column":18}}]},"4":{"loc":{"start":{"line":39,"column":2},"end":{"line":42,"column":3}},"type":"if","locations":[{"start":{"line":39,"column":2},"end":{"line":42,"column":3}}]},"5":{"loc":{"start":{"line":39,"column":6},"end":{"line":39,"column":34}},"type":"binary-expr","locations":[{"start":{"line":39,"column":6},"end":{"line":39,"column":15}},{"start":{"line":39,"column":19},"end":{"line":39,"column":34}}]},"6":{"loc":{"start":{"line":62,"column":6},"end":{"line":63,"column":61}},"type":"binary-expr","locations":[{"start":{"line":62,"column":6},"end":{"line":62,"column":55}},{"start":{"line":63,"column":6},"end":{"line":63,"column":61}}]}},"s":{"0":1,"1":1,"2":1,"3":2,"4":2,"5":2,"6":1,"7":1,"8":1,"9":1,"10":2,"11":2,"12":2,"13":1,"14":1,"15":1,"16":1,"17":1,"18":1,"19":3,"20":3,"21":1,"22":1,"23":2,"24":2,"25":1,"26":1,"27":1,"28":1,"29":1,"30":1,"31":1,"32":1,"33":3,"34":1,"35":1},"f":{"0":2,"1":2,"2":2,"3":2,"4":3,"5":3,"6":1,"7":3},"b":{"0":[0],"1":[0],"2":[1],"3":[1],"4":[1],"5":[3,2],"6":[3,2]}}
,"/Users/erikamramos/Documents/Trabajo/TechGirls/clases/src/context/reducers/authReducer.ts": {"path":"/Users/erikamramos/Documents/Trabajo/TechGirls/clases/src/context/reducers/authReducer.ts","statementMap":{"0":{"start":{"line":4,"column":13},"end":{"line":7,"column":2}},"1":{"start":{"line":9,"column":27},"end":{"line":30,"column":1}},"2":{"start":{"line":10,"column":2},"end":{"line":29,"column":3}},"3":{"start":{"line":12,"column":6},"end":{"line":15,"column":null}},"4":{"start":{"line":18,"column":6},"end":{"line":21,"column":8}},"5":{"start":{"line":23,"column":6},"end":{"line":25,"column":null}},"6":{"start":{"line":28,"column":6},"end":{"line":28,"column":19}},"7":{"start":{"line":9,"column":13},"end":{"line":9,"column":27}}},"fnMap":{"0":{"name":"(anonymous_0)","decl":{"start":{"line":9,"column":27},"end":{"line":9,"column":28}},"loc":{"start":{"line":9,"column":80},"end":{"line":30,"column":1}}}},"branchMap":{"0":{"loc":{"start":{"line":10,"column":2},"end":{"line":29,"column":3}},"type":"switch","locations":[{"start":{"line":11,"column":4},"end":{"line":15,"column":null}},{"start":{"line":17,"column":4},"end":{"line":21,"column":8}},{"start":{"line":22,"column":4},"end":{"line":25,"column":null}},{"start":{"line":27,"column":4},"end":{"line":28,"column":19}}]}},"s":{"0":2,"1":2,"2":3,"3":1,"4":1,"5":1,"6":0,"7":2},"f":{"0":3},"b":{"0":[1,1,1,0]}}
,"/Users/erikamramos/Documents/Trabajo/TechGirls/clases/src/context/reducers/cartReducer.ts": {"path":"/Users/erikamramos/Documents/Trabajo/TechGirls/clases/src/context/reducers/cartReducer.ts","statementMap":{"0":{"start":{"line":20,"column":0},"end":{"line":20,"column":16}},"1":{"start":{"line":10,"column":13},"end":{"line":14,"column":2}},"2":{"start":{"line":16,"column":28},"end":{"line":18,"column":1}},"3":{"start":{"line":17,"column":2},"end":{"line":17,"column":73}},"4":{"start":{"line":17,"column":36},"end":{"line":17,"column":68}},"5":{"start":{"line":21,"column":2},"end":{"line":82,"column":3}},"6":{"start":{"line":23,"column":25},"end":{"line":23,"column":86}},"7":{"start":{"line":23,"column":56},"end":{"line":23,"column":85}},"8":{"start":{"line":25,"column":6},"end":{"line":27,"column":7}},"9":{"start":{"line":25,"column":57},"end":{"line":25,"column":86}},"10":{"start":{"line":26,"column":8},"end":{"line":26,"column":21}},"11":{"start":{"line":29,"column":6},"end":{"line":39,"column":7}},"12":{"start":{"line":30,"column":28},"end":{"line":30,"column":43}},"13":{"start":{"line":31,"column":8},"end":{"line":31,"column":46}},"14":{"start":{"line":33,"column":8},"end":{"line":37,"column":null}},"15":{"start":{"line":41,"column":26},"end":{"line":41,"column":57}},"16":{"start":{"line":42,"column":6},"end":{"line":46,"column":null}},"17":{"start":{"line":51,"column":26},"end":{"line":51,"column":81}},"18":{"start":{"line":51,"column":54},"end":{"line":51,"column":80}},"19":{"start":{"line":53,"column":25},"end":{"line":53,"column":82}},"20":{"start":{"line":53,"column":59},"end":{"line":53,"column":78}},"21":{"start":{"line":55,"column":6},"end":{"line":59,"column":null}},"22":{"start":{"line":64,"column":31},"end":{"line":64,"column":45}},"23":{"start":{"line":65,"column":26},"end":{"line":65,"column":99}},"24":{"start":{"line":65,"column":52},"end":{"line":65,"column":97}},"25":{"start":{"line":67,"column":25},"end":{"line":67,"column":82}},"26":{"start":{"line":67,"column":59},"end":{"line":67,"column":78}},"27":{"start":{"line":69,"column":6},"end":{"line":73,"column":null}},"28":{"start":{"line":78,"column":6},"end":{"line":78,"column":30}},"29":{"start":{"line":81,"column":6},"end":{"line":81,"column":19}}},"fnMap":{"0":{"name":"(anonymous_0)","decl":{"start":{"line":16,"column":28},"end":{"line":16,"column":29}},"loc":{"start":{"line":16,"column":53},"end":{"line":18,"column":1}}},"1":{"name":"(anonymous_1)","decl":{"start":{"line":17,"column":21},"end":{"line":17,"column":22}},"loc":{"start":{"line":17,"column":36},"end":{"line":17,"column":68}}},"2":{"name":"cartReducer","decl":{"start":{"line":20,"column":16},"end":{"line":20,"column":27}},"loc":{"start":{"line":20,"column":64},"end":{"line":83,"column":1}}},"3":{"name":"(anonymous_3)","decl":{"start":{"line":23,"column":46},"end":{"line":23,"column":47}},"loc":{"start":{"line":23,"column":56},"end":{"line":23,"column":85}}},"4":{"name":"(anonymous_4)","decl":{"start":{"line":25,"column":47},"end":{"line":25,"column":48}},"loc":{"start":{"line":25,"column":57},"end":{"line":25,"column":86}}},"5":{"name":"(anonymous_5)","decl":{"start":{"line":51,"column":44},"end":{"line":51,"column":45}},"loc":{"start":{"line":51,"column":54},"end":{"line":51,"column":80}}},"6":{"name":"(anonymous_6)","decl":{"start":{"line":53,"column":44},"end":{"line":53,"column":45}},"loc":{"start":{"line":53,"column":59},"end":{"line":53,"column":78}}},"7":{"name":"(anonymous_7)","decl":{"start":{"line":65,"column":41},"end":{"line":65,"column":42}},"loc":{"start":{"line":65,"column":52},"end":{"line":65,"column":97}}},"8":{"name":"(anonymous_8)","decl":{"start":{"line":67,"column":44},"end":{"line":67,"column":45}},"loc":{"start":{"line":67,"column":59},"end":{"line":67,"column":78}}}},"branchMap":{"0":{"loc":{"start":{"line":21,"column":2},"end":{"line":82,"column":3}},"type":"switch","locations":[{"start":{"line":22,"column":4},"end":{"line":48,"column":5}},{"start":{"line":50,"column":4},"end":{"line":61,"column":5}},{"start":{"line":63,"column":4},"end":{"line":75,"column":5}},{"start":{"line":77,"column":4},"end":{"line":78,"column":30}},{"start":{"line":80,"column":4},"end":{"line":81,"column":19}}]},"1":{"loc":{"start":{"line":25,"column":6},"end":{"line":27,"column":7}},"type":"if","locations":[{"start":{"line":25,"column":6},"end":{"line":27,"column":7}}]},"2":{"loc":{"start":{"line":25,"column":10},"end":{"line":25,"column":87}},"type":"binary-expr","locations":[{"start":{"line":25,"column":10},"end":{"line":25,"column":27}},{"start":{"line":25,"column":31},"end":{"line":25,"column":87}}]},"3":{"loc":{"start":{"line":29,"column":6},"end":{"line":39,"column":7}},"type":"if","locations":[{"start":{"line":29,"column":6},"end":{"line":39,"column":7}}]},"4":{"loc":{"start":{"line":65,"column":52},"end":{"line":65,"column":97}},"type":"cond-expr","locations":[{"start":{"line":65,"column":68},"end":{"line":65,"column":91}},{"start":{"line":65,"column":93},"end":{"line":65,"column":97}}]}},"s":{"0":2,"1":2,"2":2,"3":4,"4":4,"5":6,"6":2,"7":1,"8":2,"9":0,"10":0,"11":2,"12":1,"13":1,"14":1,"15":1,"16":1,"17":1,"18":2,"19":1,"20":1,"21":1,"22":1,"23":1,"24":1,"25":1,"26":1,"27":1,"28":1,"29":1},"f":{"0":4,"1":4,"2":6,"3":1,"4":0,"5":2,"6":1,"7":1,"8":1},"b":{"0":[2,1,1,1,1],"1":[0],"2":[2,1],"3":[1],"4":[1,0]}}
,"/Users/erikamramos/Documents/Trabajo/TechGirls/clases/src/context/reducers/productReducer.ts": {"path":"/Users/erikamramos/Documents/Trabajo/TechGirls/clases/src/context/reducers/productReducer.ts","statementMap":{"0":{"start":{"line":12,"column":13},"end":{"line":17,"column":2}},"1":{"start":{"line":19,"column":30},"end":{"line":36,"column":1}},"2":{"start":{"line":20,"column":2},"end":{"line":35,"column":3}},"3":{"start":{"line":22,"column":6},"end":{"line":25,"column":null}},"4":{"start":{"line":28,"column":6},"end":{"line":28,"column":57}},"5":{"start":{"line":30,"column":6},"end":{"line":30,"column":54}},"6":{"start":{"line":32,"column":6},"end":{"line":32,"column":60}},"7":{"start":{"line":34,"column":6},"end":{"line":34,"column":19}},"8":{"start":{"line":19,"column":13},"end":{"line":19,"column":30}}},"fnMap":{"0":{"name":"(anonymous_0)","decl":{"start":{"line":19,"column":30},"end":{"line":19,"column":31}},"loc":{"start":{"line":19,"column":91},"end":{"line":36,"column":1}}}},"branchMap":{"0":{"loc":{"start":{"line":20,"column":2},"end":{"line":35,"column":3}},"type":"switch","locations":[{"start":{"line":21,"column":4},"end":{"line":25,"column":null}},{"start":{"line":27,"column":4},"end":{"line":28,"column":57}},{"start":{"line":29,"column":4},"end":{"line":30,"column":54}},{"start":{"line":31,"column":4},"end":{"line":32,"column":60}},{"start":{"line":33,"column":4},"end":{"line":34,"column":19}}]}},"s":{"0":1,"1":1,"2":4,"3":1,"4":0,"5":1,"6":1,"7":1,"8":1},"f":{"0":4},"b":{"0":[1,0,1,1,1]}}
,"/Users/erikamramos/Documents/Trabajo/TechGirls/clases/src/context/store/authContext.tsx": {"path":"/Users/erikamramos/Documents/Trabajo/TechGirls/clases/src/context/store/authContext.tsx","statementMap":{"0":{"start":{"line":1,"column":0},"end":{"line":1,"column":92}},"1":{"start":{"line":2,"column":0},"end":{"line":2,"column":72}},"2":{"start":{"line":4,"column":0},"end":{"line":4,"column":61}},"3":{"start":{"line":12,"column":13},"end":{"line":12,"column":82}},"4":{"start":{"line":14,"column":28},"end":{"line":29,"column":1}},"5":{"start":{"line":15,"column":28},"end":{"line":15,"column":69}},"6":{"start":{"line":16,"column":46},"end":{"line":16,"column":60}},"7":{"start":{"line":18,"column":2},"end":{"line":22,"column":9}},"8":{"start":{"line":19,"column":4},"end":{"line":19,"column":34}},"9":{"start":{"line":21,"column":4},"end":{"line":21,"column":29}},"10":{"start":{"line":24,"column":2},"end":{"line":28,"column":4}},"11":{"start":{"line":14,"column":13},"end":{"line":14,"column":28}}},"fnMap":{"0":{"name":"(anonymous_0)","decl":{"start":{"line":14,"column":28},"end":{"line":14,"column":29}},"loc":{"start":{"line":14,"column":70},"end":{"line":29,"column":1}}},"1":{"name":"(anonymous_1)","decl":{"start":{"line":18,"column":12},"end":{"line":18,"column":15}},"loc":{"start":{"line":18,"column":17},"end":{"line":22,"column":3}}}},"branchMap":{},"s":{"0":1,"1":1,"2":1,"3":1,"4":1,"5":0,"6":0,"7":0,"8":0,"9":0,"10":0,"11":1},"f":{"0":0,"1":0},"b":{}}
,"/Users/erikamramos/Documents/Trabajo/TechGirls/clases/src/context/store/cartContext.tsx": {"path":"/Users/erikamramos/Documents/Trabajo/TechGirls/clases/src/context/store/cartContext.tsx","statementMap":{"0":{"start":{"line":1,"column":0},"end":{"line":1,"column":75}},"1":{"start":{"line":2,"column":0},"end":{"line":2,"column":83}},"2":{"start":{"line":10,"column":13},"end":{"line":10,"column":82}},"3":{"start":{"line":12,"column":57},"end":{"line":16,"column":1}},"4":{"start":{"line":13,"column":28},"end":{"line":13,"column":69}},"5":{"start":{"line":15,"column":2},"end":{"line":15,"column":93}},"6":{"start":{"line":12,"column":13},"end":{"line":12,"column":57}}},"fnMap":{"0":{"name":"(anonymous_0)","decl":{"start":{"line":12,"column":57},"end":{"line":12,"column":58}},"loc":{"start":{"line":12,"column":74},"end":{"line":16,"column":1}}}},"branchMap":{},"s":{"0":1,"1":1,"2":1,"3":1,"4":0,"5":0,"6":1},"f":{"0":0},"b":{}}
,"/Users/erikamramos/Documents/Trabajo/TechGirls/clases/src/context/store/productContext.tsx": {"path":"/Users/erikamramos/Documents/Trabajo/TechGirls/clases/src/context/store/productContext.tsx","statementMap":{"0":{"start":{"line":1,"column":0},"end":{"line":1,"column":75}},"1":{"start":{"line":2,"column":0},"end":{"line":2,"column":95}},"2":{"start":{"line":10,"column":13},"end":{"line":10,"column":88}},"3":{"start":{"line":12,"column":60},"end":{"line":16,"column":1}},"4":{"start":{"line":13,"column":28},"end":{"line":13,"column":75}},"5":{"start":{"line":15,"column":2},"end":{"line":15,"column":99}},"6":{"start":{"line":12,"column":13},"end":{"line":12,"column":60}}},"fnMap":{"0":{"name":"(anonymous_0)","decl":{"start":{"line":12,"column":60},"end":{"line":12,"column":61}},"loc":{"start":{"line":12,"column":77},"end":{"line":16,"column":1}}}},"branchMap":{},"s":{"0":0,"1":0,"2":0,"3":0,"4":0,"5":0,"6":0},"f":{"0":0},"b":{}}
[...]
,"/Users/erikamramos/Documents/Trabajo/TechGirls/clases/src/services/api/authServices.ts": {"path":"/Users/erikamramos/Documents/Trabajo/TechGirls/clases/src/services/api/authServices.ts","statementMap":{"0":{"start":{"line":2,"column":0},"end":{"line":2,"column":51}},"1":{"start":{"line":3,"column":0},"end":{"line":3,"column":39}},"2":{"start":{"line":4,"column":0},"end":{"line":4,"column":56}},"3":{"start":{"line":6,"column":25},"end":{"line":17,"column":2}},"4":{"start":{"line":6,"column":81},"end":{"line":17,"column":2}},"5":{"start":{"line":7,"column":19},"end":{"line":7,"column":33}},"6":{"start":{"line":8,"column":2},"end":{"line":8,"column":49}},"7":{"start":{"line":9,"column":2},"end":{"line":9,"column":49}},"8":{"start":{"line":11,"column":19},"end":{"line":14,"column":4}},"9":{"start":{"line":15,"column":15},"end":{"line":15,"column":45}},"10":{"start":{"line":16,"column":2},"end":{"line":16,"column":14}},"11":{"start":{"line":6,"column":13},"end":{"line":6,"column":25}}},"fnMap":{"0":{"name":"(anonymous_8)","decl":{"start":{"line":6,"column":25},"end":{"line":6,"column":32}},"loc":{"start":{"line":6,"column":81},"end":{"line":17,"column":2}}},"1":{"name":"(anonymous_9)","decl":{"start":{"line":6,"column":81},"end":{"line":6,"column":null}},"loc":{"start":{"line":6,"column":81},"end":{"line":17,"column":1}}}},"branchMap":{},"s":{"0":2,"1":2,"2":2,"3":2,"4":2,"5":2,"6":2,"7":2,"8":2,"9":1,"10":1,"11":2},"f":{"0":2,"1":2},"b":{}}
,"/Users/erikamramos/Documents/Trabajo/TechGirls/clases/src/services/api/categoryServices.ts": {"path":"/Users/erikamramos/Documents/Trabajo/TechGirls/clases/src/services/api/categoryServices.ts","statementMap":{"0":{"start":{"line":2,"column":0},"end":{"line":2,"column":58}},"1":{"start":{"line":3,"column":0},"end":{"line":3,"column":51}},"2":{"start":{"line":4,"column":0},"end":{"line":4,"column":39}},"3":{"start":{"line":6,"column":31},"end":{"line":10,"column":2}},"4":{"start":{"line":6,"column":71},"end":{"line":10,"column":2}},"5":{"start":{"line":7,"column":19},"end":{"line":7,"column":81}},"6":{"start":{"line":8,"column":15},"end":{"line":8,"column":28}},"7":{"start":{"line":9,"column":2},"end":{"line":9,"column":29}},"8":{"start":{"line":6,"column":13},"end":{"line":6,"column":31}}},"fnMap":{"0":{"name":"(anonymous_8)","decl":{"start":{"line":6,"column":31},"end":{"line":6,"column":69}},"loc":{"start":{"line":6,"column":71},"end":{"line":10,"column":2}}},"1":{"name":"(anonymous_9)","decl":{"start":{"line":6,"column":71},"end":{"line":6,"column":null}},"loc":{"start":{"line":6,"column":71},"end":{"line":10,"column":1}}}},"branchMap":{},"s":{"0":1,"1":1,"2":1,"3":1,"4":3,"5":3,"6":2,"7":2,"8":1},"f":{"0":3,"1":3},"b":{}}
,"/Users/erikamramos/Documents/Trabajo/TechGirls/clases/src/services/api/productServices.ts": {"path":"/Users/erikamramos/Documents/Trabajo/TechGirls/clases/src/services/api/productServices.ts","statementMap":{"0":{"start":{"line":2,"column":0},"end":{"line":2,"column":55}},"1":{"start":{"line":3,"column":0},"end":{"line":3,"column":51}},"2":{"start":{"line":4,"column":0},"end":{"line":4,"column":39}},"3":{"start":{"line":6,"column":29},"end":{"line":10,"column":2}},"4":{"start":{"line":6,"column":58},"end":{"line":10,"column":2}},"5":{"start":{"line":7,"column":19},"end":{"line":7,"column":92}},"6":{"start":{"line":8,"column":15},"end":{"line":8,"column":34}},"7":{"start":{"line":9,"column":2},"end":{"line":9,"column":78}},"8":{"start":{"line":6,"column":13},"end":{"line":6,"column":29}},"9":{"start":{"line":12,"column":41},"end":{"line":18,"column":2}},"10":{"start":{"line":12,"column":88},"end":{"line":18,"column":2}},"11":{"start":{"line":13,"column":19},"end":{"line":14,"column":null}},"12":{"start":{"line":16,"column":15},"end":{"line":16,"column":28}},"13":{"start":{"line":17,"column":2},"end":{"line":17,"column":78}},"14":{"start":{"line":12,"column":13},"end":{"line":12,"column":41}}},"fnMap":{"0":{"name":"(anonymous_8)","decl":{"start":{"line":6,"column":29},"end":{"line":6,"column":36}},"loc":{"start":{"line":6,"column":58},"end":{"line":10,"column":2}}},"1":{"name":"(anonymous_9)","decl":{"start":{"line":6,"column":58},"end":{"line":6,"column":null}},"loc":{"start":{"line":6,"column":54},"end":{"line":10,"column":1}}},"2":{"name":"(anonymous_10)","decl":{"start":{"line":12,"column":41},"end":{"line":12,"column":48}},"loc":{"start":{"line":12,"column":88},"end":{"line":18,"column":2}}},"3":{"name":"(anonymous_11)","decl":{"start":{"line":12,"column":88},"end":{"line":12,"column":null}},"loc":{"start":{"line":12,"column":84},"end":{"line":18,"column":1}}}},"branchMap":{"0":{"loc":{"start":{"line":6,"column":36},"end":{"line":6,"column":54}},"type":"default-arg","locations":[{"start":{"line":6,"column":52},"end":{"line":6,"column":54}}]},"1":{"loc":{"start":{"line":12,"column":66},"end":{"line":12,"column":84}},"type":"default-arg","locations":[{"start":{"line":12,"column":82},"end":{"line":12,"column":84}}]}},"s":{"0":1,"1":1,"2":1,"3":1,"4":2,"5":2,"6":1,"7":1,"8":1,"9":1,"10":2,"11":2,"12":1,"13":1,"14":1},"f":{"0":2,"1":2,"2":2,"3":2},"b":{"0":[0],"1":[0]}}
,"/Users/erikamramos/Documents/Trabajo/TechGirls/clases/src/services/api/config/fetchInstance.ts": {"path":"/Users/erikamramos/Documents/Trabajo/TechGirls/clases/src/services/api/config/fetchInstance.ts","statementMap":{"0":{"start":{"line":1,"column":0},"end":{"line":1,"column":44}},"1":{"start":{"line":4,"column":22},"end":{"line":53,"column":2}},"2":{"start":{"line":7,"column":31},"end":{"line":53,"column":2}},"3":{"start":{"line":8,"column":18},"end":{"line":8,"column":31}},"4":{"start":{"line":9,"column":16},"end":{"line":9,"column":49}},"5":{"start":{"line":11,"column":38},"end":{"line":13,"column":4}},"6":{"start":{"line":15,"column":2},"end":{"line":20,"column":3}},"7":{"start":{"line":16,"column":4},"end":{"line":19,"column":6}},"8":{"start":{"line":22,"column":21},"end":{"line":27,"column":null}},"9":{"start":{"line":31,"column":2},"end":{"line":52,"column":3}},"10":{"start":{"line":32,"column":21},"end":{"line":32,"column":72}},"11":{"start":{"line":33,"column":26},"end":{"line":33,"column":47}},"12":{"start":{"line":34,"column":4},"end":{"line":40,"column":5}},"13":{"start":{"line":35,"column":6},"end":{"line":38,"column":null}},"14":{"start":{"line":42,"column":4},"end":{"line":46,"column":6}},"15":{"start":{"line":48,"column":4},"end":{"line":50,"column":5}},"16":{"start":{"line":49,"column":6},"end":{"line":49,"column":41}},"17":{"start":{"line":51,"column":4},"end":{"line":51,"column":16}},"18":{"start":{"line":55,"column":0},"end":{"line":55,"column":29}}},"fnMap":{"0":{"name":"(anonymous_7)","decl":{"start":{"line":4,"column":22},"end":{"line":4,"column":null}},"loc":{"start":{"line":7,"column":31},"end":{"line":53,"column":2}}},"1":{"name":"(anonymous_8)","decl":{"start":{"line":7,"column":31},"end":{"line":7,"column":null}},"loc":{"start":{"line":6,"column":28},"end":{"line":53,"column":1}}}},"branchMap":{"0":{"loc":{"start":{"line":6,"column":2},"end":{"line":6,"column":28}},"type":"default-arg","locations":[{"start":{"line":6,"column":26},"end":{"line":6,"column":28}}]},"1":{"loc":{"start":{"line":15,"column":2},"end":{"line":20,"column":3}},"type":"if","locations":[{"start":{"line":15,"column":2},"end":{"line":20,"column":3}}]},"2":{"loc":{"start":{"line":34,"column":4},"end":{"line":40,"column":5}},"type":"if","locations":[{"start":{"line":34,"column":4},"end":{"line":40,"column":5}}]},"3":{"loc":{"start":{"line":48,"column":4},"end":{"line":50,"column":5}},"type":"if","locations":[{"start":{"line":48,"column":4},"end":{"line":50,"column":5}}]},"4":{"loc":{"start":{"line":48,"column":8},"end":{"line":48,"column":68}},"type":"binary-expr","locations":[{"start":{"line":48,"column":8},"end":{"line":48,"column":37}},{"start":{"line":48,"column":41},"end":{"line":48,"column":68}}]}},"s":{"0":2,"1":2,"2":5,"3":5,"4":5,"5":5,"6":5,"7":1,"8":5,"9":5,"10":5,"11":3,"12":3,"13":1,"14":2,"15":3,"16":1,"17":2,"18":2},"f":{"0":5,"1":5},"b":{"0":[5],"1":[1],"2":[1],"3":[1],"4":[3,1]}}
,"/Users/erikamramos/Documents/Trabajo/TechGirls/clases/src/services/api/config/paths.ts": {"path":"/Users/erikamramos/Documents/Trabajo/TechGirls/clases/src/services/api/config/paths.ts","statementMap":{"0":{"start":{"line":1,"column":0},"end":{"line":1,"column":null}},"1":{"start":{"line":2,"column":2},"end":{"line":2,"column":null}},"2":{"start":{"line":3,"column":2},"end":{"line":3,"column":null}},"3":{"start":{"line":4,"column":2},"end":{"line":4,"column":null}},"4":{"start":{"line":5,"column":2},"end":{"line":5,"column":null}}},"fnMap":{"0":{"name":"(anonymous_0)","decl":{"start":{"line":1,"column":0},"end":{"line":1,"column":12}},"loc":{"start":{"line":1,"column":17},"end":{"line":6,"column":1}}}},"branchMap":{"0":{"loc":{"start":{"line":1,"column":12},"end":{"line":1,"column":null}},"type":"binary-expr","locations":[{"start":{"line":1,"column":12},"end":{"line":1,"column":17}},{"start":{"line":1,"column":17},"end":{"line":1,"column":null}}]}},"s":{"0":4,"1":4,"2":4,"3":4,"4":4},"f":{"0":4},"b":{"0":[4,4]}}
,"/Users/erikamramos/Documents/Trabajo/TechGirls/clases/src/services/mappers/authMapper.ts": {"path":"/Users/erikamramos/Documents/Trabajo/TechGirls/clases/src/services/mappers/authMapper.ts","statementMap":{"0":{"start":{"line":3,"column":31},"end":{"line":16,"column":1}},"1":{"start":{"line":4,"column":2},"end":{"line":15,"column":4}},"2":{"start":{"line":3,"column":13},"end":{"line":3,"column":31}}},"fnMap":{"0":{"name":"(anonymous_0)","decl":{"start":{"line":3,"column":31},"end":{"line":3,"column":32}},"loc":{"start":{"line":3,"column":59},"end":{"line":16,"column":1}}}},"branchMap":{},"s":{"0":2,"1":1,"2":2},"f":{"0":1},"b":{}}
,"/Users/erikamramos/Documents/Trabajo/TechGirls/clases/src/services/mappers/cartMapper.ts": {"path":"/Users/erikamramos/Documents/Trabajo/TechGirls/clases/src/services/mappers/cartMapper.ts","statementMap":{"0":{"start":{"line":4,"column":23},"end":{"line":14,"column":1}},"1":{"start":{"line":5,"column":2},"end":{"line":13,"column":4}},"2":{"start":{"line":4,"column":13},"end":{"line":4,"column":23}}},"fnMap":{"0":{"name":"(anonymous_0)","decl":{"start":{"line":4,"column":23},"end":{"line":4,"column":24}},"loc":{"start":{"line":4,"column":72},"end":{"line":14,"column":1}}}},"branchMap":{"0":{"loc":{"start":{"line":4,"column":42},"end":{"line":4,"column":62}},"type":"default-arg","locations":[{"start":{"line":4,"column":61},"end":{"line":4,"column":62}}]}},"s":{"0":1,"1":2,"2":1},"f":{"0":2},"b":{"0":[1]}}
,"/Users/erikamramos/Documents/Trabajo/TechGirls/clases/src/services/mappers/categoryMapper.ts": {"path":"/Users/erikamramos/Documents/Trabajo/TechGirls/clases/src/services/mappers/categoryMapper.ts","statementMap":{"0":{"start":{"line":3,"column":29},"end":{"line":8,"column":1}},"1":{"start":{"line":4,"column":2},"end":{"line":7,"column":6}},"2":{"start":{"line":4,"column":45},"end":{"line":7,"column":4}},"3":{"start":{"line":3,"column":13},"end":{"line":3,"column":29}}},"fnMap":{"0":{"name":"(anonymous_0)","decl":{"start":{"line":3,"column":29},"end":{"line":3,"column":30}},"loc":{"start":{"line":3,"column":84},"end":{"line":8,"column":1}}},"1":{"name":"(anonymous_1)","decl":{"start":{"line":4,"column":24},"end":{"line":4,"column":25}},"loc":{"start":{"line":4,"column":45},"end":{"line":7,"column":4}}}},"branchMap":{},"s":{"0":1,"1":2,"2":3,"3":1},"f":{"0":2,"1":3},"b":{}}
,"/Users/erikamramos/Documents/Trabajo/TechGirls/clases/src/services/mappers/productMapper.ts": {"path":"/Users/erikamramos/Documents/Trabajo/TechGirls/clases/src/services/mappers/productMapper.ts","statementMap":{"0":{"start":{"line":3,"column":27},"end":{"line":17,"column":1}},"1":{"start":{"line":4,"column":2},"end":{"line":16,"column":6}},"2":{"start":{"line":4,"column":36},"end":{"line":16,"column":4}},"3":{"start":{"line":3,"column":13},"end":{"line":3,"column":27}}},"fnMap":{"0":{"name":"(anonymous_0)","decl":{"start":{"line":3,"column":27},"end":{"line":3,"column":28}},"loc":{"start":{"line":3,"column":62},"end":{"line":17,"column":1}}},"1":{"name":"(anonymous_1)","decl":{"start":{"line":4,"column":22},"end":{"line":4,"column":23}},"loc":{"start":{"line":4,"column":36},"end":{"line":16,"column":4}}}},"branchMap":{},"s":{"0":1,"1":2,"2":3,"3":1},"f":{"0":2,"1":3},"b":{}}
,"/Users/erikamramos/Documents/Trabajo/TechGirls/clases/src/utils/formatPrice.ts": {"path":"/Users/erikamramos/Documents/Trabajo/TechGirls/clases/src/utils/formatPrice.ts","statementMap":{"0":{"start":{"line":4,"column":27},"end":{"line":6,"column":1}},"1":{"start":{"line":5,"column":2},"end":{"line":5,"column":26}},"2":{"start":{"line":4,"column":13},"end":{"line":4,"column":27}}},"fnMap":{"0":{"name":"(anonymous_0)","decl":{"start":{"line":4,"column":27},"end":{"line":4,"column":28}},"loc":{"start":{"line":4,"column":53},"end":{"line":6,"column":1}}}},"branchMap":{},"s":{"0":2,"1":10,"2":2},"f":{"0":10},"b":{}}
,"/Users/erikamramos/Documents/Trabajo/TechGirls/clases/src/utils/regex.ts": {"path":"/Users/erikamramos/Documents/Trabajo/TechGirls/clases/src/utils/regex.ts","statementMap":{"0":{"start":{"line":4,"column":13},"end":{"line":4,"column":42}},"1":{"start":{"line":9,"column":13},"end":{"line":9,"column":56}},"2":{"start":{"line":14,"column":13},"end":{"line":14,"column":40}}},"fnMap":{},"branchMap":{},"s":{"0":3,"1":3,"2":3},"f":{},"b":{}}
,"/Users/erikamramos/Documents/Trabajo/TechGirls/clases/src/utils/validations.ts": {"path":"/Users/erikamramos/Documents/Trabajo/TechGirls/clases/src/utils/validations.ts","statementMap":{"0":{"start":{"line":1,"column":0},"end":{"line":1,"column":63}},"1":{"start":{"line":6,"column":28},"end":{"line":12,"column":1}},"2":{"start":{"line":7,"column":16},"end":{"line":7,"column":26}},"3":{"start":{"line":8,"column":2},"end":{"line":8,"column":49}},"4":{"start":{"line":8,"column":14},"end":{"line":8,"column":49}},"5":{"start":{"line":9,"column":2},"end":{"line":9,"column":56}},"6":{"start":{"line":9,"column":21},"end":{"line":9,"column":56}},"7":{"start":{"line":10,"column":2},"end":{"line":10,"column":65}},"8":{"start":{"line":10,"column":26},"end":{"line":10,"column":65}},"9":{"start":{"line":11,"column":2},"end":{"line":11,"column":14}},"10":{"start":{"line":6,"column":13},"end":{"line":6,"column":28}},"11":{"start":{"line":17,"column":29},"end":{"line":23,"column":1}},"12":{"start":{"line":18,"column":16},"end":{"line":18,"column":27}},"13":{"start":{"line":19,"column":2},"end":{"line":19,"column":49}},"14":{"start":{"line":19,"column":14},"end":{"line":19,"column":49}},"15":{"start":{"line":20,"column":2},"end":{"line":20,"column":56}},"16":{"start":{"line":20,"column":21},"end":{"line":20,"column":56}},"17":{"start":{"line":21,"column":2},"end":{"line":21,"column":66}},"18":{"start":{"line":21,"column":26},"end":{"line":21,"column":66}},"19":{"start":{"line":22,"column":2},"end":{"line":22,"column":14}},"20":{"start":{"line":17,"column":13},"end":{"line":17,"column":29}},"21":{"start":{"line":28,"column":32},"end":{"line":32,"column":1}},"22":{"start":{"line":29,"column":2},"end":{"line":29,"column":49}},"23":{"start":{"line":29,"column":14},"end":{"line":29,"column":49}},"24":{"start":{"line":30,"column":2},"end":{"line":30,"column":56}},"25":{"start":{"line":30,"column":21},"end":{"line":30,"column":56}},"26":{"start":{"line":31,"column":2},"end":{"line":31,"column":14}},"27":{"start":{"line":28,"column":13},"end":{"line":28,"column":32}},"28":{"start":{"line":37,"column":29},"end":{"line":43,"column":1}},"29":{"start":{"line":38,"column":16},"end":{"line":38,"column":27}},"30":{"start":{"line":39,"column":2},"end":{"line":39,"column":49}},"31":{"start":{"line":39,"column":14},"end":{"line":39,"column":49}},"32":{"start":{"line":40,"column":2},"end":{"line":40,"column":56}},"33":{"start":{"line":40,"column":21},"end":{"line":40,"column":56}},"34":{"start":{"line":41,"column":2},"end":{"line":41,"column":94}},"35":{"start":{"line":41,"column":26},"end":{"line":41,"column":94}},"36":{"start":{"line":42,"column":2},"end":{"line":42,"column":14}},"37":{"start":{"line":37,"column":13},"end":{"line":37,"column":29}}},"fnMap":{"0":{"name":"(anonymous_0)","decl":{"start":{"line":6,"column":28},"end":{"line":6,"column":29}},"loc":{"start":{"line":6,"column":61},"end":{"line":12,"column":1}}},"1":{"name":"(anonymous_1)","decl":{"start":{"line":17,"column":29},"end":{"line":17,"column":30}},"loc":{"start":{"line":17,"column":62},"end":{"line":23,"column":1}}},"2":{"name":"(anonymous_2)","decl":{"start":{"line":28,"column":32},"end":{"line":28,"column":33}},"loc":{"start":{"line":28,"column":65},"end":{"line":32,"column":1}}},"3":{"name":"(anonymous_3)","decl":{"start":{"line":37,"column":29},"end":{"line":37,"column":30}},"loc":{"start":{"line":37,"column":62},"end":{"line":43,"column":1}}}},"branchMap":{"0":{"loc":{"start":{"line":8,"column":2},"end":{"line":8,"column":49}},"type":"if","locations":[{"start":{"line":8,"column":2},"end":{"line":8,"column":49}}]},"1":{"loc":{"start":{"line":9,"column":2},"end":{"line":9,"column":56}},"type":"if","locations":[{"start":{"line":9,"column":2},"end":{"line":9,"column":56}}]},"2":{"loc":{"start":{"line":10,"column":2},"end":{"line":10,"column":65}},"type":"if","locations":[{"start":{"line":10,"column":2},"end":{"line":10,"column":65}}]},"3":{"loc":{"start":{"line":19,"column":2},"end":{"line":19,"column":49}},"type":"if","locations":[{"start":{"line":19,"column":2},"end":{"line":19,"column":49}}]},"4":{"loc":{"start":{"line":20,"column":2},"end":{"line":20,"column":56}},"type":"if","locations":[{"start":{"line":20,"column":2},"end":{"line":20,"column":56}}]},"5":{"loc":{"start":{"line":21,"column":2},"end":{"line":21,"column":66}},"type":"if","locations":[{"start":{"line":21,"column":2},"end":{"line":21,"column":66}}]},"6":{"loc":{"start":{"line":29,"column":2},"end":{"line":29,"column":49}},"type":"if","locations":[{"start":{"line":29,"column":2},"end":{"line":29,"column":49}}]},"7":{"loc":{"start":{"line":30,"column":2},"end":{"line":30,"column":56}},"type":"if","locations":[{"start":{"line":30,"column":2},"end":{"line":30,"column":56}}]},"8":{"loc":{"start":{"line":39,"column":2},"end":{"line":39,"column":49}},"type":"if","locations":[{"start":{"line":39,"column":2},"end":{"line":39,"column":49}}]},"9":{"loc":{"start":{"line":40,"column":2},"end":{"line":40,"column":56}},"type":"if","locations":[{"start":{"line":40,"column":2},"end":{"line":40,"column":56}}]},"10":{"loc":{"start":{"line":41,"column":2},"end":{"line":41,"column":94}},"type":"if","locations":[{"start":{"line":41,"column":2},"end":{"line":41,"column":94}}]}},"s":{"0":3,"1":3,"2":14,"3":14,"4":3,"5":11,"6":1,"7":10,"8":2,"9":8,"10":3,"11":3,"12":6,"13":6,"14":1,"15":5,"16":1,"17":4,"18":2,"19":2,"20":3,"21":3,"22":4,"23":1,"24":3,"25":1,"26":2,"27":3,"28":3,"29":7,"30":7,"31":1,"32":6,"33":1,"34":5,"35":3,"36":2,"37":3},"f":{"0":14,"1":6,"2":4,"3":7},"b":{"0":[3],"1":[1],"2":[2],"3":[1],"4":[1],"5":[2],"6":[1],"7":[1],"8":[1],"9":[1],"10":[3]}}
}
