{"/Users/maxcm/Desktop/React/Erika Ramos/src/App.tsx": {"path":"/Users/maxcm/Desktop/React/Erika Ramos/src/App.tsx","statementMap":{"0":{"start":{"line":1,"column":0},"end":{"line":1,"column":43}},"1":{"start":{"line":2,"column":0},"end":{"line":2,"column":59}},"2":{"start":{"line":3,"column":0},"end":{"line":3,"column":65}},"3":{"start":{"line":6,"column":2},"end":{"line":12,"column":4}},"4":{"start":{"line":15,"column":0},"end":{"line":15,"column":19}}},"fnMap":{"0":{"name":"App","decl":{"start":{"line":5,"column":9},"end":{"line":5,"column":12}},"loc":{"start":{"line":5,"column":12},"end":{"line":13,"column":1}}}},"branchMap":{},"s":{"0":0,"1":0,"2":0,"3":0,"4":0},"f":{"0":0},"b":{}}
,"/Users/maxcm/Desktop/React/Erika Ramos/src/main.tsx": {"path":"/Users/maxcm/Desktop/React/Erika Ramos/src/main.tsx","statementMap":{"0":{"start":{"line":1,"column":0},"end":{"line":1,"column":46}},"1":{"start":{"line":2,"column":0},"end":{"line":2,"column":24}},"2":{"start":{"line":3,"column":0},"end":{"line":3,"column":27}},"3":{"start":{"line":4,"column":0},"end":{"line":4,"column":61}}},"fnMap":{},"branchMap":{},"s":{"0":0,"1":0,"2":0,"3":0},"f":{},"b":{}}
,"/Users/maxcm/Desktop/React/Erika Ramos/src/components/atoms/index.tsx": {"path":"/Users/maxcm/Desktop/React/Erika Ramos/src/components/atoms/index.tsx","statementMap":{"0":{"start":{"line":1,"column":0},"end":{"line":1,"column":9}},"1":{"start":{"line":1,"column":9},"end":{"line":1,"column":41}},"2":{"start":{"line":2,"column":0},"end":{"line":2,"column":9}},"3":{"start":{"line":2,"column":9},"end":{"line":2,"column":35}},"4":{"start":{"line":3,"column":0},"end":{"line":3,"column":9}},"5":{"start":{"line":3,"column":9},"end":{"line":3,"column":56}},"6":{"start":{"line":4,"column":0},"end":{"line":4,"column":9}},"7":{"start":{"line":4,"column":9},"end":{"line":4,"column":38}},"8":{"start":{"line":5,"column":0},"end":{"line":5,"column":9}},"9":{"start":{"line":5,"column":9},"end":{"line":5,"column":41}},"10":{"start":{"line":6,"column":0},"end":{"line":6,"column":9}},"11":{"start":{"line":6,"column":9},"end":{"line":6,"column":41}},"12":{"start":{"line":7,"column":0},"end":{"line":7,"column":9}},"13":{"start":{"line":7,"column":9},"end":{"line":7,"column":35}}},"fnMap":{"0":{"name":"(anonymous_0)","decl":{"start":{"line":1,"column":9},"end":{"line":1,"column":15}},"loc":{"start":{"line":1,"column":9},"end":{"line":1,"column":41}}},"1":{"name":"(anonymous_1)","decl":{"start":{"line":2,"column":9},"end":{"line":2,"column":13}},"loc":{"start":{"line":2,"column":9},"end":{"line":2,"column":35}}},"2":{"name":"(anonymous_2)","decl":{"start":{"line":3,"column":9},"end":{"line":3,"column":20}},"loc":{"start":{"line":3,"column":9},"end":{"line":3,"column":56}}},"3":{"name":"(anonymous_3)","decl":{"start":{"line":4,"column":9},"end":{"line":4,"column":14}},"loc":{"start":{"line":4,"column":9},"end":{"line":4,"column":38}}},"4":{"name":"(anonymous_4)","decl":{"start":{"line":5,"column":9},"end":{"line":5,"column":15}},"loc":{"start":{"line":5,"column":9},"end":{"line":5,"column":41}}},"5":{"name":"(anonymous_5)","decl":{"start":{"line":6,"column":9},"end":{"line":6,"column":15}},"loc":{"start":{"line":6,"column":9},"end":{"line":6,"column":41}}},"6":{"name":"(anonymous_6)","decl":{"start":{"line":7,"column":9},"end":{"line":7,"column":13}},"loc":{"start":{"line":7,"column":9},"end":{"line":7,"column":35}}}},"branchMap":{},"s":{"0":11,"1":17,"2":11,"3":35,"4":11,"5":19,"6":11,"7":25,"8":11,"9":21,"10":11,"11":13,"12":11,"13":12},"f":{"0":6,"1":24,"2":8,"3":14,"4":10,"5":2,"6":1},"b":{}}
,"/Users/maxcm/Desktop/React/Erika Ramos/src/components/atoms/Button/Button.tsx": {"path":"/Users/maxcm/Desktop/React/Erika Ramos/src/components/atoms/Button/Button.tsx","statementMap":{"0":{"start":{"line":2,"column":0},"end":{"line":2,"column":41}},"1":{"start":{"line":3,"column":0},"end":{"line":3,"column":36}},"2":{"start":{"line":4,"column":0},"end":{"line":4,"column":64}},"3":{"start":{"line":15,"column":58},"end":{"line":45,"column":1}},"4":{"start":{"line":24,"column":2},"end":{"line":44,"column":4}},"5":{"start":{"line":15,"column":13},"end":{"line":15,"column":58}}},"fnMap":{"0":{"name":"(anonymous_1)","decl":{"start":{"line":15,"column":58},"end":{"line":15,"column":59}},"loc":{"start":{"line":23,"column":5},"end":{"line":45,"column":1}}}},"branchMap":{"0":{"loc":{"start":{"line":18,"column":2},"end":{"line":18,"column":21}},"type":"default-arg","locations":[{"start":{"line":18,"column":12},"end":{"line":18,"column":21}}]},"1":{"loc":{"start":{"line":19,"column":2},"end":{"line":19,"column":15}},"type":"default-arg","locations":[{"start":{"line":19,"column":10},"end":{"line":19,"column":15}}]},"2":{"loc":{"start":{"line":20,"column":2},"end":{"line":20,"column":18}},"type":"default-arg","locations":[{"start":{"line":20,"column":13},"end":{"line":20,"column":18}}]},"3":{"loc":{"start":{"line":29,"column":10},"end":{"line":29,"column":89}},"type":"cond-expr","locations":[{"start":{"line":29,"column":34},"end":{"line":29,"column":59}},{"start":{"line":29,"column":62},"end":{"line":29,"column":89}}]},"4":{"loc":{"start":{"line":30,"column":10},"end":{"line":30,"column":66}},"type":"cond-expr","locations":[{"start":{"line":30,"column":18},"end":{"line":30,"column":41}},{"start":{"line":30,"column":44},"end":{"line":30,"column":66}}]},"5":{"loc":{"start":{"line":36,"column":7},"end":{"line":41,"column":null}},"type":"binary-expr","locations":[{"start":{"line":36,"column":7},"end":{"line":36,"column":11}},{"start":{"line":37,"column":8},"end":{"line":40,"column":null}}]},"6":{"loc":{"start":{"line":39,"column":17},"end":{"line":39,"column":98}},"type":"cond-expr","locations":[{"start":{"line":39,"column":41},"end":{"line":39,"column":67}},{"start":{"line":39,"column":70},"end":{"line":39,"column":98}}]}},"s":{"0":12,"1":12,"2":12,"3":12,"4":8,"5":12},"f":{"0":8},"b":{"0":[6],"1":[5],"2":[8],"3":[6,2],"4":[3,5],"5":[8,2],"6":[0,2]}}
,"/Users/maxcm/Desktop/React/Erika Ramos/src/components/atoms/Column/Column.tsx": {"path":"/Users/maxcm/Desktop/React/Erika Ramos/src/components/atoms/Column/Column.tsx","statementMap":{"0":{"start":{"line":2,"column":0},"end":{"line":2,"column":41}},"1":{"start":{"line":9,"column":58},"end":{"line":19,"column":1}},"2":{"start":{"line":14,"column":2},"end":{"line":18,"column":4}},"3":{"start":{"line":9,"column":13},"end":{"line":9,"column":58}}},"fnMap":{"0":{"name":"(anonymous_1)","decl":{"start":{"line":9,"column":58},"end":{"line":9,"column":59}},"loc":{"start":{"line":13,"column":5},"end":{"line":19,"column":1}}}},"branchMap":{"0":{"loc":{"start":{"line":11,"column":2},"end":{"line":11,"column":10}},"type":"default-arg","locations":[{"start":{"line":11,"column":9},"end":{"line":11,"column":10}}]},"1":{"loc":{"start":{"line":12,"column":2},"end":{"line":12,"column":16}},"type":"default-arg","locations":[{"start":{"line":12,"column":14},"end":{"line":12,"column":16}}]}},"s":{"0":12,"1":12,"2":5,"3":12},"f":{"0":5},"b":{"0":[3],"1":[4]}}
,"/Users/maxcm/Desktop/React/Erika Ramos/src/components/atoms/Grid/Grid.tsx": {"path":"/Users/maxcm/Desktop/React/Erika Ramos/src/components/atoms/Grid/Grid.tsx","statementMap":{"0":{"start":{"line":2,"column":0},"end":{"line":2,"column":39}},"1":{"start":{"line":9,"column":54},"end":{"line":15,"column":1}},"2":{"start":{"line":10,"column":2},"end":{"line":14,"column":4}},"3":{"start":{"line":9,"column":13},"end":{"line":9,"column":54}}},"fnMap":{"0":{"name":"(anonymous_1)","decl":{"start":{"line":9,"column":54},"end":{"line":9,"column":55}},"loc":{"start":{"line":9,"column":97},"end":{"line":15,"column":1}}}},"branchMap":{"0":{"loc":{"start":{"line":9,"column":67},"end":{"line":9,"column":81}},"type":"default-arg","locations":[{"start":{"line":9,"column":79},"end":{"line":9,"column":81}}]},"1":{"loc":{"start":{"line":9,"column":83},"end":{"line":9,"column":91}},"type":"default-arg","locations":[{"start":{"line":9,"column":89},"end":{"line":9,"column":91}}]}},"s":{"0":12,"1":12,"2":6,"3":12},"f":{"0":6},"b":{"0":[5],"1":[4]}}
,"/Users/maxcm/Desktop/React/Erika Ramos/src/components/atoms/Icon/Icon.tsx": {"path":"/Users/maxcm/Desktop/React/Erika Ramos/src/components/atoms/Icon/Icon.tsx","statementMap":{"0":{"start":{"line":2,"column":0},"end":{"line":2,"column":62}},"1":{"start":{"line":11,"column":35},"end":{"line":31,"column":1}},"2":{"start":{"line":17,"column":18},"end":{"line":17,"column":49}},"3":{"start":{"line":19,"column":2},"end":{"line":30,"column":4}},"4":{"start":{"line":11,"column":13},"end":{"line":11,"column":35}}},"fnMap":{"0":{"name":"(anonymous_0)","decl":{"start":{"line":11,"column":35},"end":{"line":11,"column":36}},"loc":{"start":{"line":16,"column":5},"end":{"line":31,"column":1}}}},"branchMap":{"0":{"loc":{"start":{"line":13,"column":2},"end":{"line":13,"column":34}},"type":"default-arg","locations":[{"start":{"line":13,"column":10},"end":{"line":13,"column":34}}]},"1":{"loc":{"start":{"line":14,"column":2},"end":{"line":14,"column":32}},"type":"default-arg","locations":[{"start":{"line":14,"column":9},"end":{"line":14,"column":32}}]}},"s":{"0":11,"1":11,"2":29,"3":29,"4":11},"f":{"0":29},"b":{"0":[1],"1":[1]}}
,"/Users/maxcm/Desktop/React/Erika Ramos/src/components/atoms/Input/Input.tsx": {"path":"/Users/maxcm/Desktop/React/Erika Ramos/src/components/atoms/Input/Input.tsx","statementMap":{"0":{"start":{"line":2,"column":0},"end":{"line":2,"column":40}},"1":{"start":{"line":3,"column":0},"end":{"line":3,"column":36}},"2":{"start":{"line":4,"column":0},"end":{"line":4,"column":63}},"3":{"start":{"line":12,"column":37},"end":{"line":25,"column":1}},"4":{"start":{"line":12,"column":59},"end":{"line":12,"column":64}},"5":{"start":{"line":12,"column":69},"end":{"line":12,"column":73}},"6":{"start":{"line":13,"column":2},"end":{"line":24,"column":4}},"7":{"start":{"line":12,"column":13},"end":{"line":12,"column":37}}},"fnMap":{"0":{"name":"(anonymous_2)","decl":{"start":{"line":12,"column":37},"end":{"line":12,"column":38}},"loc":{"start":{"line":12,"column":75},"end":{"line":25,"column":1}}}},"branchMap":{"0":{"loc":{"start":{"line":16,"column":7},"end":{"line":21,"column":null}},"type":"binary-expr","locations":[{"start":{"line":16,"column":7},"end":{"line":16,"column":11}},{"start":{"line":17,"column":8},"end":{"line":20,"column":null}}]}},"s":{"0":11,"1":11,"2":11,"3":11,"4":14,"5":14,"6":14,"7":11},"f":{"0":14},"b":{"0":[14,5]}}
,"/Users/maxcm/Desktop/React/Erika Ramos/src/components/atoms/RatingStars/RatingStars.tsx": {"path":"/Users/maxcm/Desktop/React/Erika Ramos/src/components/atoms/RatingStars/RatingStars.tsx","statementMap":{"0":{"start":{"line":2,"column":0},"end":{"line":2,"column":46}},"1":{"start":{"line":3,"column":0},"end":{"line":3,"column":69}},"2":{"start":{"line":9,"column":49},"end":{"line":45,"column":1}},"3":{"start":{"line":10,"column":20},"end":{"line":10,"column":38}},"4":{"start":{"line":11,"column":19},"end":{"line":11,"column":44}},"5":{"start":{"line":12,"column":21},"end":{"line":12,"column":80}},"6":{"start":{"line":14,"column":16},"end":{"line":42,"column":4}},"7":{"start":{"line":18,"column":8},"end":{"line":19,"column":null}},"8":{"start":{"line":35,"column":8},"end":{"line":36,"column":null}},"9":{"start":{"line":44,"column":2},"end":{"line":44,"column":54}},"10":{"start":{"line":9,"column":13},"end":{"line":9,"column":49}}},"fnMap":{"0":{"name":"(anonymous_1)","decl":{"start":{"line":9,"column":49},"end":{"line":9,"column":50}},"loc":{"start":{"line":9,"column":64},"end":{"line":45,"column":1}}},"1":{"name":"(anonymous_2)","decl":{"start":{"line":17,"column":11},"end":{"line":17,"column":12}},"loc":{"start":{"line":18,"column":8},"end":{"line":19,"column":null}}},"2":{"name":"(anonymous_3)","decl":{"start":{"line":34,"column":11},"end":{"line":34,"column":12}},"loc":{"start":{"line":35,"column":8},"end":{"line":36,"column":null}}}},"branchMap":{"0":{"loc":{"start":{"line":11,"column":19},"end":{"line":11,"column":44}},"type":"cond-expr","locations":[{"start":{"line":11,"column":39},"end":{"line":11,"column":40}},{"start":{"line":11,"column":43},"end":{"line":11,"column":44}}]},"1":{"loc":{"start":{"line":25,"column":8},"end":{"line":31,"column":10}},"type":"cond-expr","locations":[{"start":{"line":26,"column":8},"end":{"line":30,"column":null}},{"start":{"line":31,"column":8},"end":{"line":31,"column":10}}]}},"s":{"0":11,"1":11,"2":11,"3":8,"4":8,"5":8,"6":8,"7":28,"8":8,"9":8,"10":11},"f":{"0":8,"1":28,"2":8},"b":{"0":[4,4],"1":[4,4]}}
,"/Users/maxcm/Desktop/React/Erika Ramos/src/components/atoms/Select/Select.tsx": {"path":"/Users/maxcm/Desktop/React/Erika Ramos/src/components/atoms/Select/Select.tsx","statementMap":{"0":{"start":{"line":2,"column":0},"end":{"line":2,"column":41}},"1":{"start":{"line":13,"column":39},"end":{"line":31,"column":1}},"2":{"start":{"line":21,"column":2},"end":{"line":30,"column":4}},"3":{"start":{"line":25,"column":8},"end":{"line":25,"column":35}},"4":{"start":{"line":13,"column":13},"end":{"line":13,"column":39}}},"fnMap":{"0":{"name":"(anonymous_1)","decl":{"start":{"line":13,"column":39},"end":{"line":13,"column":40}},"loc":{"start":{"line":20,"column":5},"end":{"line":31,"column":1}}},"1":{"name":"(anonymous_2)","decl":{"start":{"line":24,"column":19},"end":{"line":24,"column":20}},"loc":{"start":{"line":25,"column":8},"end":{"line":25,"column":35}}}},"branchMap":{},"s":{"0":11,"1":11,"2":10,"3":30,"4":11},"f":{"0":10,"1":30},"b":{}}
,"/Users/maxcm/Desktop/React/Erika Ramos/src/components/custom/CartList/CartList.tsx": {"path":"/Users/maxcm/Desktop/React/Erika Ramos/src/components/custom/CartList/CartList.tsx","statementMap":{"0":{"start":{"line":2,"column":0},"end":{"line":2,"column":null}},"1":{"start":{"line":12,"column":0},"end":{"line":12,"column":49}},"2":{"start":{"line":13,"column":0},"end":{"line":13,"column":35}},"3":{"start":{"line":14,"column":0},"end":{"line":14,"column":90}},"4":{"start":{"line":15,"column":0},"end":{"line":15,"column":57}},"5":{"start":{"line":17,"column":21},"end":{"line":80,"column":1}},"6":{"start":{"line":18,"column":30},"end":{"line":18,"column":39}},"7":{"start":{"line":20,"column":2},"end":{"line":79,"column":4}},"8":{"start":{"line":35,"column":14},"end":{"line":35,"column":null}},"9":{"start":{"line":43,"column":37},"end":{"line":43,"column":93}},"10":{"start":{"line":51,"column":37},"end":{"line":51,"column":93}},"11":{"start":{"line":62,"column":35},"end":{"line":62,"column":68}},"12":{"start":{"line":82,"column":0},"end":{"line":82,"column":24}}},"fnMap":{"0":{"name":"(anonymous_0)","decl":{"start":{"line":17,"column":21},"end":{"line":17,"column":24}},"loc":{"start":{"line":17,"column":26},"end":{"line":80,"column":1}}},"1":{"name":"(anonymous_1)","decl":{"start":{"line":34,"column":28},"end":{"line":34,"column":29}},"loc":{"start":{"line":35,"column":14},"end":{"line":35,"column":null}}},"2":{"name":"(anonymous_2)","decl":{"start":{"line":43,"column":31},"end":{"line":43,"column":34}},"loc":{"start":{"line":43,"column":37},"end":{"line":43,"column":93}}},"3":{"name":"(anonymous_3)","decl":{"start":{"line":51,"column":31},"end":{"line":51,"column":34}},"loc":{"start":{"line":51,"column":37},"end":{"line":51,"column":93}}},"4":{"name":"(anonymous_4)","decl":{"start":{"line":62,"column":29},"end":{"line":62,"column":32}},"loc":{"start":{"line":62,"column":35},"end":{"line":62,"column":68}}}},"branchMap":{},"s":{"0":2,"1":2,"2":2,"3":2,"4":2,"5":2,"6":5,"7":5,"8":10,"9":1,"10":1,"11":1,"12":2},"f":{"0":5,"1":10,"2":1,"3":1,"4":1},"b":{}}
,"/Users/maxcm/Desktop/React/Erika Ramos/src/components/custom/CustomFooter/CustomFooter.tsx": {"path":"/Users/maxcm/Desktop/React/Erika Ramos/src/components/custom/CustomFooter/CustomFooter.tsx","statementMap":{"0":{"start":{"line":2,"column":0},"end":{"line":2,"column":47}},"1":{"start":{"line":3,"column":0},"end":{"line":3,"column":41}},"2":{"start":{"line":5,"column":25},"end":{"line":17,"column":1}},"3":{"start":{"line":6,"column":2},"end":{"line":16,"column":4}},"4":{"start":{"line":19,"column":0},"end":{"line":19,"column":28}}},"fnMap":{"0":{"name":"(anonymous_1)","decl":{"start":{"line":5,"column":25},"end":{"line":5,"column":28}},"loc":{"start":{"line":5,"column":30},"end":{"line":17,"column":1}}}},"branchMap":{},"s":{"0":3,"1":3,"2":3,"3":4,"4":3},"f":{"0":4},"b":{}}
,"/Users/maxcm/Desktop/React/Erika Ramos/src/components/custom/CustomHeader/CustomHeader.tsx": {"path":"/Users/maxcm/Desktop/React/Erika Ramos/src/components/custom/CustomHeader/CustomHeader.tsx","statementMap":{"0":{"start":{"line":2,"column":0},"end":{"line":2,"column":47}},"1":{"start":{"line":3,"column":0},"end":{"line":3,"column":49}},"2":{"start":{"line":4,"column":0},"end":{"line":4,"column":41}},"3":{"start":{"line":5,"column":0},"end":{"line":5,"column":47}},"4":{"start":{"line":6,"column":0},"end":{"line":6,"column":35}},"5":{"start":{"line":7,"column":0},"end":{"line":7,"column":54}},"6":{"start":{"line":8,"column":0},"end":{"line":8,"column":64}},"7":{"start":{"line":10,"column":19},"end":{"line":34,"column":1}},"8":{"start":{"line":11,"column":19},"end":{"line":11,"column":32}},"9":{"start":{"line":12,"column":20},"end":{"line":12,"column":29}},"10":{"start":{"line":14,"column":29},"end":{"line":16,"column":3}},"11":{"start":{"line":15,"column":4},"end":{"line":15,"column":29}},"12":{"start":{"line":17,"column":2},"end":{"line":33,"column":4}},"13":{"start":{"line":36,"column":0},"end":{"line":36,"column":22}}},"fnMap":{"0":{"name":"(anonymous_1)","decl":{"start":{"line":10,"column":19},"end":{"line":10,"column":22}},"loc":{"start":{"line":10,"column":24},"end":{"line":34,"column":1}}},"1":{"name":"(anonymous_2)","decl":{"start":{"line":14,"column":29},"end":{"line":14,"column":32}},"loc":{"start":{"line":14,"column":34},"end":{"line":16,"column":3}}}},"branchMap":{},"s":{"0":3,"1":3,"2":3,"3":3,"4":3,"5":3,"6":3,"7":3,"8":6,"9":6,"10":6,"11":1,"12":6,"13":3},"f":{"0":6,"1":1},"b":{}}
,"/Users/maxcm/Desktop/React/Erika Ramos/src/components/custom/Filters/Filters.tsx": {"path":"/Users/maxcm/Desktop/React/Erika Ramos/src/components/custom/Filters/Filters.tsx","statementMap":{"0":{"start":{"line":1,"column":0},"end":{"line":1,"column":51}},"1":{"start":{"line":2,"column":0},"end":{"line":2,"column":42}},"2":{"start":{"line":3,"column":0},"end":{"line":3,"column":44}},"3":{"start":{"line":4,"column":0},"end":{"line":4,"column":57}},"4":{"start":{"line":5,"column":0},"end":{"line":5,"column":null}},"5":{"start":{"line":11,"column":20},"end":{"line":49,"column":1}},"6":{"start":{"line":12,"column":30},"end":{"line":12,"column":43}},"7":{"start":{"line":14,"column":2},"end":{"line":16,"column":17}},"8":{"start":{"line":15,"column":4},"end":{"line":15,"column":29}},"9":{"start":{"line":18,"column":31},"end":{"line":20,"column":3}},"10":{"start":{"line":19,"column":4},"end":{"line":19,"column":71}},"11":{"start":{"line":22,"column":29},"end":{"line":24,"column":3}},"12":{"start":{"line":23,"column":4},"end":{"line":23,"column":61}},"13":{"start":{"line":26,"column":29},"end":{"line":31,"column":3}},"14":{"start":{"line":27,"column":4},"end":{"line":30,"column":8}},"15":{"start":{"line":27,"column":47},"end":{"line":30,"column":6}},"16":{"start":{"line":33,"column":2},"end":{"line":35,"column":17}},"17":{"start":{"line":34,"column":4},"end":{"line":34,"column":29}},"18":{"start":{"line":37,"column":2},"end":{"line":48,"column":4}},"19":{"start":{"line":51,"column":0},"end":{"line":51,"column":23}}},"fnMap":{"0":{"name":"(anonymous_1)","decl":{"start":{"line":11,"column":20},"end":{"line":11,"column":23}},"loc":{"start":{"line":11,"column":25},"end":{"line":49,"column":1}}},"1":{"name":"(anonymous_2)","decl":{"start":{"line":14,"column":12},"end":{"line":14,"column":15}},"loc":{"start":{"line":14,"column":17},"end":{"line":16,"column":3}}},"2":{"name":"(anonymous_3)","decl":{"start":{"line":18,"column":31},"end":{"line":18,"column":32}},"loc":{"start":{"line":18,"column":69},"end":{"line":20,"column":3}}},"3":{"name":"(anonymous_4)","decl":{"start":{"line":22,"column":29},"end":{"line":22,"column":30}},"loc":{"start":{"line":22,"column":66},"end":{"line":24,"column":3}}},"4":{"name":"(anonymous_5)","decl":{"start":{"line":26,"column":29},"end":{"line":26,"column":32}},"loc":{"start":{"line":26,"column":34},"end":{"line":31,"column":3}}},"5":{"name":"(anonymous_6)","decl":{"start":{"line":27,"column":32},"end":{"line":27,"column":33}},"loc":{"start":{"line":27,"column":47},"end":{"line":30,"column":6}}},"6":{"name":"(anonymous_7)","decl":{"start":{"line":33,"column":12},"end":{"line":33,"column":15}},"loc":{"start":{"line":33,"column":17},"end":{"line":35,"column":3}}}},"branchMap":{},"s":{"0":1,"1":1,"2":1,"3":1,"4":1,"5":1,"6":4,"7":4,"8":4,"9":4,"10":1,"11":4,"12":1,"13":4,"14":4,"15":12,"16":4,"17":4,"18":4,"19":1},"f":{"0":4,"1":4,"2":1,"3":1,"4":4,"5":12,"6":4},"b":{}}
,"/Users/maxcm/Desktop/React/Erika Ramos/src/components/custom/FormShipping/FormShipping.tsx": {"path":"/Users/maxcm/Desktop/React/Erika Ramos/src/components/custom/FormShipping/FormShipping.tsx","statementMap":{"0":{"start":{"line":1,"column":0},"end":{"line":1,"column":37}},"1":{"start":{"line":2,"column":0},"end":{"line":2,"column":66}},"2":{"start":{"line":3,"column":0},"end":{"line":3,"column":50}},"3":{"start":{"line":4,"column":0},"end":{"line":4,"column":52}},"4":{"start":{"line":5,"column":0},"end":{"line":5,"column":54}},"5":{"start":{"line":6,"column":0},"end":{"line":6,"column":88}},"6":{"start":{"line":7,"column":0},"end":{"line":7,"column":65}},"7":{"start":{"line":8,"column":0},"end":{"line":8,"column":49}},"8":{"start":{"line":10,"column":25},"end":{"line":158,"column":1}},"9":{"start":{"line":11,"column":23},"end":{"line":11,"column":32}},"10":{"start":{"line":13,"column":38},"end":{"line":21,"column":4}},"11":{"start":{"line":22,"column":30},"end":{"line":30,"column":4}},"12":{"start":{"line":31,"column":40},"end":{"line":31,"column":55}},"13":{"start":{"line":33,"column":20},"end":{"line":33,"column":34}},"14":{"start":{"line":35,"column":23},"end":{"line":38,"column":3}},"15":{"start":{"line":36,"column":4},"end":{"line":36,"column":59}},"16":{"start":{"line":36,"column":28},"end":{"line":36,"column":57}},"17":{"start":{"line":37,"column":4},"end":{"line":37,"column":52}},"18":{"start":{"line":37,"column":24},"end":{"line":37,"column":50}},"19":{"start":{"line":40,"column":23},"end":{"line":52,"column":3}},"20":{"start":{"line":41,"column":22},"end":{"line":49,"column":6}},"21":{"start":{"line":50,"column":4},"end":{"line":50,"column":25}},"22":{"start":{"line":51,"column":4},"end":{"line":51,"column":67}},"23":{"start":{"line":51,"column":53},"end":{"line":51,"column":65}},"24":{"start":{"line":54,"column":23},"end":{"line":61,"column":3}},"25":{"start":{"line":55,"column":4},"end":{"line":60,"column":5}},"26":{"start":{"line":56,"column":6},"end":{"line":56,"column":54}},"27":{"start":{"line":57,"column":6},"end":{"line":57,"column":27}},"28":{"start":{"line":59,"column":6},"end":{"line":59,"column":58}},"29":{"start":{"line":63,"column":27},"end":{"line":66,"column":3}},"30":{"start":{"line":64,"column":4},"end":{"line":64,"column":26}},"31":{"start":{"line":65,"column":4},"end":{"line":65,"column":24}},"32":{"start":{"line":68,"column":29},"end":{"line":73,"column":3}},"33":{"start":{"line":69,"column":4},"end":{"line":72,"column":8}},"34":{"start":{"line":69,"column":40},"end":{"line":72,"column":6}},"35":{"start":{"line":75,"column":2},"end":{"line":157,"column":4}},"36":{"start":{"line":79,"column":50},"end":{"line":79,"column":68}},"37":{"start":{"line":86,"column":31},"end":{"line":86,"column":67}},"38":{"start":{"line":95,"column":31},"end":{"line":95,"column":71}},"39":{"start":{"line":105,"column":31},"end":{"line":105,"column":71}},"40":{"start":{"line":114,"column":31},"end":{"line":114,"column":70}},"41":{"start":{"line":123,"column":31},"end":{"line":123,"column":72}},"42":{"start":{"line":132,"column":31},"end":{"line":132,"column":68}},"43":{"start":{"line":141,"column":31},"end":{"line":141,"column":68}},"44":{"start":{"line":160,"column":0},"end":{"line":160,"column":28}}},"fnMap":{"0":{"name":"(anonymous_1)","decl":{"start":{"line":10,"column":25},"end":{"line":10,"column":28}},"loc":{"start":{"line":10,"column":30},"end":{"line":158,"column":1}}},"1":{"name":"(anonymous_2)","decl":{"start":{"line":35,"column":23},"end":{"line":35,"column":24}},"loc":{"start":{"line":35,"column":56},"end":{"line":38,"column":3}}},"2":{"name":"(anonymous_3)","decl":{"start":{"line":36,"column":18},"end":{"line":36,"column":19}},"loc":{"start":{"line":36,"column":28},"end":{"line":36,"column":57}}},"3":{"name":"(anonymous_4)","decl":{"start":{"line":37,"column":14},"end":{"line":37,"column":15}},"loc":{"start":{"line":37,"column":24},"end":{"line":37,"column":50}}},"4":{"name":"(anonymous_5)","decl":{"start":{"line":40,"column":23},"end":{"line":40,"column":26}},"loc":{"start":{"line":40,"column":28},"end":{"line":52,"column":3}}},"5":{"name":"(anonymous_6)","decl":{"start":{"line":51,"column":42},"end":{"line":51,"column":43}},"loc":{"start":{"line":51,"column":53},"end":{"line":51,"column":65}}},"6":{"name":"(anonymous_7)","decl":{"start":{"line":54,"column":23},"end":{"line":54,"column":26}},"loc":{"start":{"line":54,"column":28},"end":{"line":61,"column":3}}},"7":{"name":"(anonymous_8)","decl":{"start":{"line":63,"column":27},"end":{"line":63,"column":30}},"loc":{"start":{"line":63,"column":32},"end":{"line":66,"column":3}}},"8":{"name":"(anonymous_9)","decl":{"start":{"line":68,"column":29},"end":{"line":68,"column":32}},"loc":{"start":{"line":68,"column":34},"end":{"line":73,"column":3}}},"9":{"name":"(anonymous_10)","decl":{"start":{"line":69,"column":25},"end":{"line":69,"column":26}},"loc":{"start":{"line":69,"column":40},"end":{"line":72,"column":6}}},"10":{"name":"(anonymous_11)","decl":{"start":{"line":79,"column":43},"end":{"line":79,"column":44}},"loc":{"start":{"line":79,"column":50},"end":{"line":79,"column":68}}},"11":{"name":"(anonymous_12)","decl":{"start":{"line":86,"column":24},"end":{"line":86,"column":25}},"loc":{"start":{"line":86,"column":31},"end":{"line":86,"column":67}}},"12":{"name":"(anonymous_13)","decl":{"start":{"line":95,"column":24},"end":{"line":95,"column":25}},"loc":{"start":{"line":95,"column":31},"end":{"line":95,"column":71}}},"13":{"name":"(anonymous_14)","decl":{"start":{"line":105,"column":24},"end":{"line":105,"column":25}},"loc":{"start":{"line":105,"column":31},"end":{"line":105,"column":71}}},"14":{"name":"(anonymous_15)","decl":{"start":{"line":114,"column":24},"end":{"line":114,"column":25}},"loc":{"start":{"line":114,"column":31},"end":{"line":114,"column":70}}},"15":{"name":"(anonymous_16)","decl":{"start":{"line":123,"column":24},"end":{"line":123,"column":25}},"loc":{"start":{"line":123,"column":31},"end":{"line":123,"column":72}}},"16":{"name":"(anonymous_17)","decl":{"start":{"line":132,"column":24},"end":{"line":132,"column":25}},"loc":{"start":{"line":132,"column":31},"end":{"line":132,"column":68}}},"17":{"name":"(anonymous_18)","decl":{"start":{"line":141,"column":24},"end":{"line":141,"column":25}},"loc":{"start":{"line":141,"column":31},"end":{"line":141,"column":68}}}},"branchMap":{"0":{"loc":{"start":{"line":42,"column":12},"end":{"line":42,"column":47}},"type":"binary-expr","locations":[{"start":{"line":42,"column":12},"end":{"line":42,"column":41}},{"start":{"line":42,"column":45},"end":{"line":42,"column":47}}]},"1":{"loc":{"start":{"line":43,"column":16},"end":{"line":43,"column":55}},"type":"binary-expr","locations":[{"start":{"line":43,"column":16},"end":{"line":43,"column":49}},{"start":{"line":43,"column":53},"end":{"line":43,"column":55}}]},"2":{"loc":{"start":{"line":44,"column":13},"end":{"line":44,"column":50}},"type":"binary-expr","locations":[{"start":{"line":44,"column":13},"end":{"line":44,"column":44}},{"start":{"line":44,"column":48},"end":{"line":44,"column":50}}]},"3":{"loc":{"start":{"line":45,"column":16},"end":{"line":45,"column":55}},"type":"binary-expr","locations":[{"start":{"line":45,"column":16},"end":{"line":45,"column":49}},{"start":{"line":45,"column":53},"end":{"line":45,"column":55}}]},"4":{"loc":{"start":{"line":46,"column":15},"end":{"line":46,"column":53}},"type":"binary-expr","locations":[{"start":{"line":46,"column":15},"end":{"line":46,"column":47}},{"start":{"line":46,"column":51},"end":{"line":46,"column":53}}]},"5":{"loc":{"start":{"line":47,"column":17},"end":{"line":47,"column":57}},"type":"binary-expr","locations":[{"start":{"line":47,"column":17},"end":{"line":47,"column":51}},{"start":{"line":47,"column":55},"end":{"line":47,"column":57}}]},"6":{"loc":{"start":{"line":48,"column":13},"end":{"line":48,"column":50}},"type":"binary-expr","locations":[{"start":{"line":48,"column":13},"end":{"line":48,"column":44}},{"start":{"line":48,"column":48},"end":{"line":48,"column":50}}]},"7":{"loc":{"start":{"line":55,"column":4},"end":{"line":60,"column":5}},"type":"if","locations":[{"start":{"line":55,"column":4},"end":{"line":60,"column":5}},{"start":{"line":58,"column":11},"end":{"line":60,"column":5}}]}},"s":{"0":1,"1":1,"2":1,"3":1,"4":1,"5":1,"6":1,"7":1,"8":1,"9":1,"10":1,"11":1,"12":1,"13":1,"14":1,"15":0,"16":0,"17":0,"18":0,"19":1,"20":0,"21":0,"22":0,"23":0,"24":1,"25":0,"26":0,"27":0,"28":0,"29":1,"30":0,"31":0,"32":1,"33":1,"34":3,"35":1,"36":0,"37":0,"38":0,"39":0,"40":0,"41":0,"42":0,"43":0,"44":1},"f":{"0":1,"1":0,"2":0,"3":0,"4":0,"5":0,"6":0,"7":0,"8":1,"9":3,"10":0,"11":0,"12":0,"13":0,"14":0,"15":0,"16":0,"17":0},"b":{"0":[0,0],"1":[0,0],"2":[0,0],"3":[0,0],"4":[0,0],"5":[0,0],"6":[0,0],"7":[0,0]}}
,"/Users/maxcm/Desktop/React/Erika Ramos/src/components/custom/ProductCard/ProductCard.tsx": {"path":"/Users/maxcm/Desktop/React/Erika Ramos/src/components/custom/ProductCard/ProductCard.tsx","statementMap":{"0":{"start":{"line":2,"column":0},"end":{"line":2,"column":46}},"1":{"start":{"line":4,"column":0},"end":{"line":4,"column":50}},"2":{"start":{"line":5,"column":0},"end":{"line":5,"column":49}},"3":{"start":{"line":6,"column":0},"end":{"line":6,"column":39}},"4":{"start":{"line":7,"column":0},"end":{"line":7,"column":63}},"5":{"start":{"line":8,"column":0},"end":{"line":8,"column":62}},"6":{"start":{"line":13,"column":42},"end":{"line":38,"column":1}},"7":{"start":{"line":14,"column":23},"end":{"line":14,"column":32}},"8":{"start":{"line":15,"column":26},"end":{"line":15,"column":53}},"9":{"start":{"line":17,"column":26},"end":{"line":19,"column":3}},"10":{"start":{"line":18,"column":4},"end":{"line":18,"column":82}},"11":{"start":{"line":20,"column":2},"end":{"line":37,"column":4}},"12":{"start":{"line":32,"column":23},"end":{"line":32,"column":44}},"13":{"start":{"line":40,"column":0},"end":{"line":40,"column":27}}},"fnMap":{"0":{"name":"(anonymous_1)","decl":{"start":{"line":13,"column":42},"end":{"line":13,"column":43}},"loc":{"start":{"line":13,"column":55},"end":{"line":38,"column":1}}},"1":{"name":"(anonymous_2)","decl":{"start":{"line":17,"column":26},"end":{"line":17,"column":27}},"loc":{"start":{"line":17,"column":47},"end":{"line":19,"column":3}}},"2":{"name":"(anonymous_3)","decl":{"start":{"line":32,"column":17},"end":{"line":32,"column":20}},"loc":{"start":{"line":32,"column":23},"end":{"line":32,"column":44}}}},"branchMap":{},"s":{"0":1,"1":1,"2":1,"3":1,"4":1,"5":1,"6":1,"7":2,"8":2,"9":2,"10":1,"11":2,"12":1,"13":1},"f":{"0":2,"1":1,"2":1},"b":{}}
,"/Users/maxcm/Desktop/React/Erika Ramos/src/components/custom/ProductList/ProductList.tsx": {"path":"/Users/maxcm/Desktop/React/Erika Ramos/src/components/custom/ProductList/ProductList.tsx","statementMap":{"0":{"start":{"line":1,"column":0},"end":{"line":1,"column":38}},"1":{"start":{"line":2,"column":0},"end":{"line":2,"column":46}},"2":{"start":{"line":3,"column":0},"end":{"line":3,"column":53}},"3":{"start":{"line":4,"column":0},"end":{"line":4,"column":57}},"4":{"start":{"line":5,"column":0},"end":{"line":5,"column":71}},"5":{"start":{"line":7,"column":24},"end":{"line":23,"column":1}},"6":{"start":{"line":8,"column":30},"end":{"line":8,"column":43}},"7":{"start":{"line":10,"column":2},"end":{"line":12,"column":17}},"8":{"start":{"line":11,"column":4},"end":{"line":11,"column":27}},"9":{"start":{"line":14,"column":2},"end":{"line":22,"column":4}},"10":{"start":{"line":17,"column":8},"end":{"line":17,"column":null}},"11":{"start":{"line":25,"column":0},"end":{"line":25,"column":27}}},"fnMap":{"0":{"name":"(anonymous_1)","decl":{"start":{"line":7,"column":24},"end":{"line":7,"column":27}},"loc":{"start":{"line":7,"column":29},"end":{"line":23,"column":1}}},"1":{"name":"(anonymous_2)","decl":{"start":{"line":10,"column":12},"end":{"line":10,"column":15}},"loc":{"start":{"line":10,"column":17},"end":{"line":12,"column":3}}},"2":{"name":"(anonymous_3)","decl":{"start":{"line":16,"column":34},"end":{"line":16,"column":35}},"loc":{"start":{"line":17,"column":8},"end":{"line":17,"column":null}}}},"branchMap":{},"s":{"0":1,"1":1,"2":1,"3":1,"4":1,"5":1,"6":3,"7":3,"8":3,"9":3,"10":9,"11":1},"f":{"0":3,"1":3,"2":9},"b":{}}
,"/Users/maxcm/Desktop/React/Erika Ramos/src/components/custom/SuccessModal/SuccessModal.tsx": {"path":"/Users/maxcm/Desktop/React/Erika Ramos/src/components/custom/SuccessModal/SuccessModal.tsx","statementMap":{"0":{"start":{"line":2,"column":0},"end":{"line":2,"column":37}},"1":{"start":{"line":10,"column":44},"end":{"line":24,"column":1}},"2":{"start":{"line":11,"column":2},"end":{"line":11,"column":27}},"3":{"start":{"line":11,"column":15},"end":{"line":11,"column":27}},"4":{"start":{"line":13,"column":2},"end":{"line":23,"column":4}},"5":{"start":{"line":26,"column":0},"end":{"line":26,"column":28}}},"fnMap":{"0":{"name":"(anonymous_0)","decl":{"start":{"line":10,"column":44},"end":{"line":10,"column":45}},"loc":{"start":{"line":10,"column":77},"end":{"line":24,"column":1}}}},"branchMap":{"0":{"loc":{"start":{"line":11,"column":2},"end":{"line":11,"column":27}},"type":"if","locations":[{"start":{"line":11,"column":2},"end":{"line":11,"column":27}}]}},"s":{"0":2,"1":2,"2":5,"3":2,"4":3,"5":2},"f":{"0":5},"b":{"0":[2]}}
,"/Users/maxcm/Desktop/React/Erika Ramos/src/components/layout/MainLayout/MainLayout.tsx": {"path":"/Users/maxcm/Desktop/React/Erika Ramos/src/components/layout/MainLayout/MainLayout.tsx","statementMap":{"0":{"start":{"line":2,"column":0},"end":{"line":2,"column":45}},"1":{"start":{"line":3,"column":0},"end":{"line":3,"column":66}},"2":{"start":{"line":4,"column":0},"end":{"line":4,"column":66}},"3":{"start":{"line":6,"column":42},"end":{"line":14,"column":1}},"4":{"start":{"line":7,"column":2},"end":{"line":13,"column":4}},"5":{"start":{"line":16,"column":0},"end":{"line":16,"column":26}}},"fnMap":{"0":{"name":"(anonymous_1)","decl":{"start":{"line":6,"column":42},"end":{"line":6,"column":43}},"loc":{"start":{"line":6,"column":59},"end":{"line":14,"column":1}}}},"branchMap":{},"s":{"0":2,"1":2,"2":2,"3":2,"4":2,"5":2},"f":{"0":2},"b":{}}
,"/Users/maxcm/Desktop/React/Erika Ramos/src/components/molecules/index.tsx": {"path":"/Users/maxcm/Desktop/React/Erika Ramos/src/components/molecules/index.tsx","statementMap":{"0":{"start":{"line":1,"column":0},"end":{"line":1,"column":9}},"1":{"start":{"line":1,"column":9},"end":{"line":1,"column":35}},"2":{"start":{"line":2,"column":0},"end":{"line":2,"column":9}},"3":{"start":{"line":2,"column":9},"end":{"line":2,"column":50}},"4":{"start":{"line":3,"column":0},"end":{"line":3,"column":null}},"5":{"start":{"line":4,"column":2},"end":{"line":4,"column":null}},"6":{"start":{"line":5,"column":2},"end":{"line":5,"column":null}},"7":{"start":{"line":6,"column":2},"end":{"line":6,"column":null}},"8":{"start":{"line":7,"column":2},"end":{"line":7,"column":null}},"9":{"start":{"line":8,"column":2},"end":{"line":8,"column":null}},"10":{"start":{"line":9,"column":2},"end":{"line":9,"column":null}},"11":{"start":{"line":10,"column":2},"end":{"line":10,"column":null}}},"fnMap":{"0":{"name":"(anonymous_0)","decl":{"start":{"line":1,"column":9},"end":{"line":1,"column":13}},"loc":{"start":{"line":1,"column":9},"end":{"line":1,"column":35}}},"1":{"name":"(anonymous_1)","decl":{"start":{"line":2,"column":9},"end":{"line":2,"column":18}},"loc":{"start":{"line":2,"column":9},"end":{"line":2,"column":50}}},"2":{"name":"(anonymous_2)","decl":{"start":{"line":4,"column":2},"end":{"line":4,"column":7}},"loc":{"start":{"line":4,"column":2},"end":{"line":4,"column":null}}},"3":{"name":"(anonymous_3)","decl":{"start":{"line":5,"column":2},"end":{"line":5,"column":13}},"loc":{"start":{"line":5,"column":2},"end":{"line":5,"column":null}}},"4":{"name":"(anonymous_4)","decl":{"start":{"line":6,"column":2},"end":{"line":6,"column":11}},"loc":{"start":{"line":6,"column":2},"end":{"line":6,"column":null}}},"5":{"name":"(anonymous_5)","decl":{"start":{"line":7,"column":2},"end":{"line":7,"column":13}},"loc":{"start":{"line":7,"column":2},"end":{"line":7,"column":null}}},"6":{"name":"(anonymous_6)","decl":{"start":{"line":8,"column":2},"end":{"line":8,"column":10}},"loc":{"start":{"line":8,"column":2},"end":{"line":8,"column":null}}},"7":{"name":"(anonymous_7)","decl":{"start":{"line":9,"column":2},"end":{"line":9,"column":11}},"loc":{"start":{"line":9,"column":2},"end":{"line":9,"column":null}}},"8":{"name":"(anonymous_8)","decl":{"start":{"line":10,"column":2},"end":{"line":10,"column":11}},"loc":{"start":{"line":10,"column":2},"end":{"line":10,"column":null}}}},"branchMap":{},"s":{"0":6,"1":16,"2":6,"3":17,"4":6,"5":12,"6":13,"7":14,"8":12,"9":32,"10":28,"11":55},"f":{"0":10,"1":11,"2":6,"3":7,"4":8,"5":6,"6":26,"7":22,"8":49},"b":{}}
,"/Users/maxcm/Desktop/React/Erika Ramos/src/components/molecules/Card/Card.tsx": {"path":"/Users/maxcm/Desktop/React/Erika Ramos/src/components/molecules/Card/Card.tsx","statementMap":{"0":{"start":{"line":2,"column":0},"end":{"line":2,"column":39}},"1":{"start":{"line":4,"column":43},"end":{"line":6,"column":1}},"2":{"start":{"line":5,"column":2},"end":{"line":5,"column":55}},"3":{"start":{"line":4,"column":13},"end":{"line":4,"column":43}}},"fnMap":{"0":{"name":"(anonymous_1)","decl":{"start":{"line":4,"column":43},"end":{"line":4,"column":44}},"loc":{"start":{"line":4,"column":60},"end":{"line":6,"column":1}}}},"branchMap":{},"s":{"0":6,"1":6,"2":10,"3":6},"f":{"0":10},"b":{}}
,"/Users/maxcm/Desktop/React/Erika Ramos/src/components/molecules/FormField/FormField.tsx": {"path":"/Users/maxcm/Desktop/React/Erika Ramos/src/components/molecules/FormField/FormField.tsx","statementMap":{"0":{"start":{"line":2,"column":0},"end":{"line":2,"column":44}},"1":{"start":{"line":10,"column":64},"end":{"line":25,"column":1}},"2":{"start":{"line":16,"column":2},"end":{"line":24,"column":4}},"3":{"start":{"line":10,"column":13},"end":{"line":10,"column":64}}},"fnMap":{"0":{"name":"(anonymous_1)","decl":{"start":{"line":10,"column":64},"end":{"line":10,"column":65}},"loc":{"start":{"line":15,"column":5},"end":{"line":25,"column":1}}}},"branchMap":{"0":{"loc":{"start":{"line":22,"column":7},"end":{"line":22,"column":76}},"type":"binary-expr","locations":[{"start":{"line":22,"column":7},"end":{"line":22,"column":12}},{"start":{"line":22,"column":16},"end":{"line":22,"column":76}}]}},"s":{"0":6,"1":6,"2":11,"3":6},"f":{"0":11},"b":{"0":[11,1]}}
,"/Users/maxcm/Desktop/React/Erika Ramos/src/components/molecules/Table/Table.tsx": {"path":"/Users/maxcm/Desktop/React/Erika Ramos/src/components/molecules/Table/Table.tsx","statementMap":{"0":{"start":{"line":1,"column":0},"end":{"line":1,"column":87}},"1":{"start":{"line":2,"column":0},"end":{"line":2,"column":40}},"2":{"start":{"line":4,"column":13},"end":{"line":10,"column":2}},"3":{"start":{"line":5,"column":14},"end":{"line":5,"column":19}},"4":{"start":{"line":5,"column":24},"end":{"line":5,"column":28}},"5":{"start":{"line":5,"column":36},"end":{"line":9,"column":null}},"6":{"start":{"line":12,"column":13},"end":{"line":17,"column":3}},"7":{"start":{"line":15,"column":14},"end":{"line":15,"column":19}},"8":{"start":{"line":15,"column":24},"end":{"line":15,"column":28}},"9":{"start":{"line":15,"column":36},"end":{"line":17,"column":2}},"10":{"start":{"line":19,"column":13},"end":{"line":22,"column":68}},"11":{"start":{"line":22,"column":14},"end":{"line":22,"column":19}},"12":{"start":{"line":22,"column":24},"end":{"line":22,"column":28}},"13":{"start":{"line":22,"column":36},"end":{"line":22,"column":67}},"14":{"start":{"line":24,"column":13},"end":{"line":29,"column":3}},"15":{"start":{"line":27,"column":14},"end":{"line":27,"column":19}},"16":{"start":{"line":27,"column":24},"end":{"line":27,"column":28}},"17":{"start":{"line":27,"column":36},"end":{"line":29,"column":2}},"18":{"start":{"line":31,"column":13},"end":{"line":33,"column":2}},"19":{"start":{"line":32,"column":14},"end":{"line":32,"column":19}},"20":{"start":{"line":32,"column":24},"end":{"line":32,"column":28}},"21":{"start":{"line":32,"column":36},"end":{"line":32,"column":null}},"22":{"start":{"line":35,"column":13},"end":{"line":37,"column":2}},"23":{"start":{"line":36,"column":14},"end":{"line":36,"column":19}},"24":{"start":{"line":36,"column":24},"end":{"line":36,"column":28}},"25":{"start":{"line":36,"column":36},"end":{"line":36,"column":null}},"26":{"start":{"line":39,"column":13},"end":{"line":41,"column":2}},"27":{"start":{"line":40,"column":14},"end":{"line":40,"column":19}},"28":{"start":{"line":40,"column":24},"end":{"line":40,"column":28}},"29":{"start":{"line":40,"column":36},"end":{"line":40,"column":null}}},"fnMap":{"0":{"name":"(anonymous_2)","decl":{"start":{"line":5,"column":2},"end":{"line":5,"column":3}},"loc":{"start":{"line":5,"column":35},"end":{"line":9,"column":null}}},"1":{"name":"(anonymous_3)","decl":{"start":{"line":15,"column":2},"end":{"line":15,"column":3}},"loc":{"start":{"line":15,"column":35},"end":{"line":17,"column":2}}},"2":{"name":"(anonymous_4)","decl":{"start":{"line":22,"column":2},"end":{"line":22,"column":3}},"loc":{"start":{"line":22,"column":35},"end":{"line":22,"column":67}}},"3":{"name":"(anonymous_5)","decl":{"start":{"line":27,"column":2},"end":{"line":27,"column":3}},"loc":{"start":{"line":27,"column":35},"end":{"line":29,"column":2}}},"4":{"name":"(anonymous_6)","decl":{"start":{"line":32,"column":2},"end":{"line":32,"column":3}},"loc":{"start":{"line":32,"column":35},"end":{"line":32,"column":null}}},"5":{"name":"(anonymous_7)","decl":{"start":{"line":36,"column":2},"end":{"line":36,"column":3}},"loc":{"start":{"line":36,"column":35},"end":{"line":36,"column":null}}},"6":{"name":"(anonymous_8)","decl":{"start":{"line":40,"column":2},"end":{"line":40,"column":3}},"loc":{"start":{"line":40,"column":35},"end":{"line":40,"column":null}}}},"branchMap":{},"s":{"0":6,"1":6,"2":6,"3":6,"4":6,"5":6,"6":6,"7":7,"8":7,"9":7,"10":6,"11":8,"12":8,"13":8,"14":6,"15":6,"16":6,"17":6,"18":6,"19":26,"20":26,"21":26,"22":6,"23":22,"24":22,"25":22,"26":6,"27":49,"28":49,"29":49},"f":{"0":6,"1":7,"2":8,"3":6,"4":26,"5":22,"6":49},"b":{}}
,"/Users/maxcm/Desktop/React/Erika Ramos/src/components/organisms/index.tsx": {"path":"/Users/maxcm/Desktop/React/Erika Ramos/src/components/organisms/index.tsx","statementMap":{"0":{"start":{"line":1,"column":0},"end":{"line":1,"column":9}},"1":{"start":{"line":1,"column":9},"end":{"line":1,"column":41}},"2":{"start":{"line":2,"column":0},"end":{"line":2,"column":9}},"3":{"start":{"line":2,"column":9},"end":{"line":2,"column":41}}},"fnMap":{"0":{"name":"(anonymous_0)","decl":{"start":{"line":1,"column":9},"end":{"line":1,"column":15}},"loc":{"start":{"line":1,"column":9},"end":{"line":1,"column":41}}},"1":{"name":"(anonymous_1)","decl":{"start":{"line":2,"column":9},"end":{"line":2,"column":15}},"loc":{"start":{"line":2,"column":9},"end":{"line":2,"column":41}}}},"branchMap":{},"s":{"0":4,"1":10,"2":4,"3":8},"f":{"0":6,"1":4},"b":{}}
,"/Users/maxcm/Desktop/React/Erika Ramos/src/components/organisms/Footer/Footer.tsx": {"path":"/Users/maxcm/Desktop/React/Erika Ramos/src/components/organisms/Footer/Footer.tsx","statementMap":{"0":{"start":{"line":2,"column":0},"end":{"line":2,"column":41}},"1":{"start":{"line":4,"column":45},"end":{"line":6,"column":1}},"2":{"start":{"line":5,"column":2},"end":{"line":5,"column":63}},"3":{"start":{"line":4,"column":13},"end":{"line":4,"column":45}}},"fnMap":{"0":{"name":"(anonymous_1)","decl":{"start":{"line":4,"column":45},"end":{"line":4,"column":46}},"loc":{"start":{"line":4,"column":62},"end":{"line":6,"column":1}}}},"branchMap":{},"s":{"0":4,"1":4,"2":4,"3":4},"f":{"0":4},"b":{}}
,"/Users/maxcm/Desktop/React/Erika Ramos/src/components/organisms/NavBar/NavBar.tsx": {"path":"/Users/maxcm/Desktop/React/Erika Ramos/src/components/organisms/NavBar/NavBar.tsx","statementMap":{"0":{"start":{"line":2,"column":0},"end":{"line":2,"column":41}},"1":{"start":{"line":4,"column":45},"end":{"line":10,"column":1}},"2":{"start":{"line":5,"column":2},"end":{"line":9,"column":4}},"3":{"start":{"line":4,"column":13},"end":{"line":4,"column":45}}},"fnMap":{"0":{"name":"(anonymous_1)","decl":{"start":{"line":4,"column":45},"end":{"line":4,"column":46}},"loc":{"start":{"line":4,"column":62},"end":{"line":10,"column":1}}}},"branchMap":{},"s":{"0":4,"1":4,"2":6,"3":4},"f":{"0":6},"b":{}}
,"/Users/maxcm/Desktop/React/Erika Ramos/src/context/actions/cartActions.ts": {"path":"/Users/maxcm/Desktop/React/Erika Ramos/src/context/actions/cartActions.ts","statementMap":{"0":{"start":{"line":5,"column":25},"end":{"line":7,"column":1}},"1":{"start":{"line":6,"column":2},"end":{"line":6,"column":54}},"2":{"start":{"line":5,"column":13},"end":{"line":5,"column":25}},"3":{"start":{"line":9,"column":30},"end":{"line":11,"column":1}},"4":{"start":{"line":10,"column":2},"end":{"line":10,"column":61}},"5":{"start":{"line":9,"column":13},"end":{"line":9,"column":30}},"6":{"start":{"line":13,"column":34},"end":{"line":20,"column":1}},"7":{"start":{"line":18,"column":2},"end":{"line":18,"column":27}},"8":{"start":{"line":18,"column":20},"end":{"line":18,"column":27}},"9":{"start":{"line":19,"column":2},"end":{"line":19,"column":78}},"10":{"start":{"line":13,"column":13},"end":{"line":13,"column":34}},"11":{"start":{"line":22,"column":25},"end":{"line":24,"column":1}},"12":{"start":{"line":23,"column":2},"end":{"line":23,"column":35}},"13":{"start":{"line":22,"column":13},"end":{"line":22,"column":25}}},"fnMap":{"0":{"name":"(anonymous_0)","decl":{"start":{"line":5,"column":25},"end":{"line":5,"column":26}},"loc":{"start":{"line":5,"column":75},"end":{"line":7,"column":1}}},"1":{"name":"(anonymous_1)","decl":{"start":{"line":9,"column":30},"end":{"line":9,"column":31}},"loc":{"start":{"line":9,"column":84},"end":{"line":11,"column":1}}},"2":{"name":"(anonymous_2)","decl":{"start":{"line":13,"column":34},"end":{"line":13,"column":null}},"loc":{"start":{"line":17,"column":4},"end":{"line":20,"column":1}}},"3":{"name":"(anonymous_3)","decl":{"start":{"line":22,"column":25},"end":{"line":22,"column":26}},"loc":{"start":{"line":22,"column":60},"end":{"line":24,"column":1}}}},"branchMap":{"0":{"loc":{"start":{"line":18,"column":2},"end":{"line":18,"column":27}},"type":"if","locations":[{"start":{"line":18,"column":2},"end":{"line":18,"column":27}}]}},"s":{"0":2,"1":1,"2":2,"3":2,"4":1,"5":2,"6":2,"7":2,"8":1,"9":1,"10":2,"11":2,"12":1,"13":2},"f":{"0":1,"1":1,"2":2,"3":1},"b":{"0":[1]}}
,"/Users/maxcm/Desktop/React/Erika Ramos/src/context/actions/productActions.ts": {"path":"/Users/maxcm/Desktop/React/Erika Ramos/src/context/actions/productActions.ts","statementMap":{"0":{"start":{"line":5,"column":0},"end":{"line":5,"column":70}},"1":{"start":{"line":6,"column":0},"end":{"line":6,"column":94}},"2":{"start":{"line":8,"column":30},"end":{"line":15,"column":2}},"3":{"start":{"line":8,"column":74},"end":{"line":15,"column":2}},"4":{"start":{"line":9,"column":2},"end":{"line":14,"column":3}},"5":{"start":{"line":10,"column":35},"end":{"line":10,"column":58}},"6":{"start":{"line":11,"column":4},"end":{"line":11,"column":63}},"7":{"start":{"line":13,"column":4},"end":{"line":13,"column":54}},"8":{"start":{"line":8,"column":13},"end":{"line":8,"column":30}},"9":{"start":{"line":17,"column":28},"end":{"line":24,"column":2}},"10":{"start":{"line":17,"column":72},"end":{"line":24,"column":2}},"11":{"start":{"line":18,"column":2},"end":{"line":23,"column":3}},"12":{"start":{"line":19,"column":32},"end":{"line":19,"column":53}},"13":{"start":{"line":20,"column":4},"end":{"line":20,"column":59}},"14":{"start":{"line":22,"column":4},"end":{"line":22,"column":52}},"15":{"start":{"line":17,"column":13},"end":{"line":17,"column":28}},"16":{"start":{"line":26,"column":40},"end":{"line":42,"column":2}},"17":{"start":{"line":30,"column":4},"end":{"line":42,"column":2}},"18":{"start":{"line":31,"column":2},"end":{"line":34,"column":3}},"19":{"start":{"line":32,"column":4},"end":{"line":32,"column":61}},"20":{"start":{"line":33,"column":4},"end":{"line":33,"column":11}},"21":{"start":{"line":36,"column":2},"end":{"line":41,"column":3}},"22":{"start":{"line":37,"column":29},"end":{"line":37,"column":70}},"23":{"start":{"line":38,"column":4},"end":{"line":38,"column":69}},"24":{"start":{"line":40,"column":4},"end":{"line":40,"column":66}},"25":{"start":{"line":26,"column":13},"end":{"line":26,"column":40}},"26":{"start":{"line":44,"column":30},"end":{"line":56,"column":1}},"27":{"start":{"line":49,"column":22},"end":{"line":49,"column":41}},"28":{"start":{"line":50,"column":27},"end":{"line":53,"column":null}},"29":{"start":{"line":52,"column":6},"end":{"line":53,"column":61}},"30":{"start":{"line":55,"column":2},"end":{"line":55,"column":67}},"31":{"start":{"line":44,"column":13},"end":{"line":44,"column":30}}},"fnMap":{"0":{"name":"(anonymous_7)","decl":{"start":{"line":8,"column":30},"end":{"line":8,"column":37}},"loc":{"start":{"line":8,"column":74},"end":{"line":15,"column":2}}},"1":{"name":"(anonymous_8)","decl":{"start":{"line":8,"column":74},"end":{"line":8,"column":null}},"loc":{"start":{"line":8,"column":74},"end":{"line":15,"column":1}}},"2":{"name":"(anonymous_9)","decl":{"start":{"line":17,"column":28},"end":{"line":17,"column":35}},"loc":{"start":{"line":17,"column":72},"end":{"line":24,"column":2}}},"3":{"name":"(anonymous_10)","decl":{"start":{"line":17,"column":72},"end":{"line":17,"column":null}},"loc":{"start":{"line":17,"column":72},"end":{"line":24,"column":1}}},"4":{"name":"(anonymous_11)","decl":{"start":{"line":26,"column":40},"end":{"line":26,"column":null}},"loc":{"start":{"line":30,"column":4},"end":{"line":42,"column":2}}},"5":{"name":"(anonymous_12)","decl":{"start":{"line":30,"column":4},"end":{"line":30,"column":null}},"loc":{"start":{"line":30,"column":4},"end":{"line":42,"column":1}}},"6":{"name":"(anonymous_13)","decl":{"start":{"line":44,"column":30},"end":{"line":44,"column":null}},"loc":{"start":{"line":48,"column":4},"end":{"line":56,"column":1}}},"7":{"name":"(anonymous_14)","decl":{"start":{"line":51,"column":4},"end":{"line":51,"column":5}},"loc":{"start":{"line":52,"column":6},"end":{"line":53,"column":61}}}},"branchMap":{"0":{"loc":{"start":{"line":31,"column":2},"end":{"line":34,"column":3}},"type":"if","locations":[{"start":{"line":31,"column":2},"end":{"line":34,"column":3}}]},"1":{"loc":{"start":{"line":31,"column":6},"end":{"line":31,"column":37}},"type":"binary-expr","locations":[{"start":{"line":31,"column":6},"end":{"line":31,"column":15}},{"start":{"line":31,"column":19},"end":{"line":31,"column":37}}]},"2":{"loc":{"start":{"line":52,"column":6},"end":{"line":53,"column":61}},"type":"binary-expr","locations":[{"start":{"line":52,"column":6},"end":{"line":52,"column":55}},{"start":{"line":53,"column":6},"end":{"line":53,"column":61}}]}},"s":{"0":1,"1":1,"2":1,"3":2,"4":2,"5":2,"6":1,"7":1,"8":1,"9":1,"10":2,"11":2,"12":2,"13":1,"14":1,"15":1,"16":1,"17":2,"18":2,"19":1,"20":1,"21":1,"22":1,"23":1,"24":0,"25":1,"26":1,"27":1,"28":1,"29":3,"30":1,"31":1},"f":{"0":2,"1":2,"2":2,"3":2,"4":2,"5":2,"6":1,"7":3},"b":{"0":[1],"1":[2,2],"2":[3,2]}}
,"/Users/maxcm/Desktop/React/Erika Ramos/src/context/reducers/cartReducer.ts": {"path":"/Users/maxcm/Desktop/React/Erika Ramos/src/context/reducers/cartReducer.ts","statementMap":{"0":{"start":{"line":20,"column":0},"end":{"line":20,"column":16}},"1":{"start":{"line":10,"column":13},"end":{"line":14,"column":2}},"2":{"start":{"line":16,"column":28},"end":{"line":18,"column":1}},"3":{"start":{"line":17,"column":2},"end":{"line":17,"column":73}},"4":{"start":{"line":17,"column":36},"end":{"line":17,"column":68}},"5":{"start":{"line":21,"column":2},"end":{"line":83,"column":3}},"6":{"start":{"line":23,"column":25},"end":{"line":23,"column":86}},"7":{"start":{"line":23,"column":56},"end":{"line":23,"column":85}},"8":{"start":{"line":25,"column":6},"end":{"line":28,"column":7}},"9":{"start":{"line":25,"column":57},"end":{"line":25,"column":86}},"10":{"start":{"line":26,"column":8},"end":{"line":26,"column":48}},"11":{"start":{"line":27,"column":8},"end":{"line":27,"column":21}},"12":{"start":{"line":30,"column":6},"end":{"line":40,"column":7}},"13":{"start":{"line":31,"column":28},"end":{"line":31,"column":43}},"14":{"start":{"line":32,"column":8},"end":{"line":32,"column":46}},"15":{"start":{"line":34,"column":8},"end":{"line":38,"column":null}},"16":{"start":{"line":42,"column":26},"end":{"line":42,"column":57}},"17":{"start":{"line":43,"column":6},"end":{"line":47,"column":null}},"18":{"start":{"line":52,"column":26},"end":{"line":52,"column":81}},"19":{"start":{"line":52,"column":54},"end":{"line":52,"column":80}},"20":{"start":{"line":54,"column":25},"end":{"line":54,"column":82}},"21":{"start":{"line":54,"column":59},"end":{"line":54,"column":78}},"22":{"start":{"line":56,"column":6},"end":{"line":60,"column":null}},"23":{"start":{"line":65,"column":31},"end":{"line":65,"column":45}},"24":{"start":{"line":66,"column":26},"end":{"line":66,"column":99}},"25":{"start":{"line":66,"column":52},"end":{"line":66,"column":97}},"26":{"start":{"line":68,"column":25},"end":{"line":68,"column":82}},"27":{"start":{"line":68,"column":59},"end":{"line":68,"column":78}},"28":{"start":{"line":70,"column":6},"end":{"line":74,"column":null}},"29":{"start":{"line":79,"column":6},"end":{"line":79,"column":30}},"30":{"start":{"line":82,"column":6},"end":{"line":82,"column":19}}},"fnMap":{"0":{"name":"(anonymous_0)","decl":{"start":{"line":16,"column":28},"end":{"line":16,"column":29}},"loc":{"start":{"line":16,"column":53},"end":{"line":18,"column":1}}},"1":{"name":"(anonymous_1)","decl":{"start":{"line":17,"column":21},"end":{"line":17,"column":22}},"loc":{"start":{"line":17,"column":36},"end":{"line":17,"column":68}}},"2":{"name":"cartReducer","decl":{"start":{"line":20,"column":16},"end":{"line":20,"column":27}},"loc":{"start":{"line":20,"column":64},"end":{"line":84,"column":1}}},"3":{"name":"(anonymous_3)","decl":{"start":{"line":23,"column":46},"end":{"line":23,"column":47}},"loc":{"start":{"line":23,"column":56},"end":{"line":23,"column":85}}},"4":{"name":"(anonymous_4)","decl":{"start":{"line":25,"column":47},"end":{"line":25,"column":48}},"loc":{"start":{"line":25,"column":57},"end":{"line":25,"column":86}}},"5":{"name":"(anonymous_5)","decl":{"start":{"line":52,"column":44},"end":{"line":52,"column":45}},"loc":{"start":{"line":52,"column":54},"end":{"line":52,"column":80}}},"6":{"name":"(anonymous_6)","decl":{"start":{"line":54,"column":44},"end":{"line":54,"column":45}},"loc":{"start":{"line":54,"column":59},"end":{"line":54,"column":78}}},"7":{"name":"(anonymous_7)","decl":{"start":{"line":66,"column":41},"end":{"line":66,"column":42}},"loc":{"start":{"line":66,"column":52},"end":{"line":66,"column":97}}},"8":{"name":"(anonymous_8)","decl":{"start":{"line":68,"column":44},"end":{"line":68,"column":45}},"loc":{"start":{"line":68,"column":59},"end":{"line":68,"column":78}}}},"branchMap":{"0":{"loc":{"start":{"line":21,"column":2},"end":{"line":83,"column":3}},"type":"switch","locations":[{"start":{"line":22,"column":4},"end":{"line":49,"column":5}},{"start":{"line":51,"column":4},"end":{"line":62,"column":5}},{"start":{"line":64,"column":4},"end":{"line":76,"column":5}},{"start":{"line":78,"column":4},"end":{"line":79,"column":30}},{"start":{"line":81,"column":4},"end":{"line":82,"column":19}}]},"1":{"loc":{"start":{"line":25,"column":6},"end":{"line":28,"column":7}},"type":"if","locations":[{"start":{"line":25,"column":6},"end":{"line":28,"column":7}}]},"2":{"loc":{"start":{"line":25,"column":10},"end":{"line":25,"column":87}},"type":"binary-expr","locations":[{"start":{"line":25,"column":10},"end":{"line":25,"column":27}},{"start":{"line":25,"column":31},"end":{"line":25,"column":87}}]},"3":{"loc":{"start":{"line":30,"column":6},"end":{"line":40,"column":7}},"type":"if","locations":[{"start":{"line":30,"column":6},"end":{"line":40,"column":7}}]},"4":{"loc":{"start":{"line":66,"column":52},"end":{"line":66,"column":97}},"type":"cond-expr","locations":[{"start":{"line":66,"column":68},"end":{"line":66,"column":91}},{"start":{"line":66,"column":93},"end":{"line":66,"column":97}}]}},"s":{"0":2,"1":2,"2":2,"3":4,"4":4,"5":6,"6":2,"7":1,"8":2,"9":0,"10":0,"11":0,"12":2,"13":1,"14":1,"15":1,"16":1,"17":1,"18":1,"19":2,"20":1,"21":1,"22":1,"23":1,"24":1,"25":1,"26":1,"27":1,"28":1,"29":1,"30":1},"f":{"0":4,"1":4,"2":6,"3":1,"4":0,"5":2,"6":1,"7":1,"8":1},"b":{"0":[2,1,1,1,1],"1":[0],"2":[2,1],"3":[1],"4":[1,0]}}
,"/Users/maxcm/Desktop/React/Erika Ramos/src/context/reducers/productReducer.ts": {"path":"/Users/maxcm/Desktop/React/Erika Ramos/src/context/reducers/productReducer.ts","statementMap":{"0":{"start":{"line":11,"column":13},"end":{"line":15,"column":2}},"1":{"start":{"line":17,"column":30},"end":{"line":32,"column":1}},"2":{"start":{"line":18,"column":2},"end":{"line":31,"column":3}},"3":{"start":{"line":20,"column":6},"end":{"line":23,"column":null}},"4":{"start":{"line":26,"column":6},"end":{"line":26,"column":54}},"5":{"start":{"line":28,"column":6},"end":{"line":28,"column":60}},"6":{"start":{"line":30,"column":6},"end":{"line":30,"column":19}},"7":{"start":{"line":17,"column":13},"end":{"line":17,"column":30}}},"fnMap":{"0":{"name":"(anonymous_0)","decl":{"start":{"line":17,"column":30},"end":{"line":17,"column":31}},"loc":{"start":{"line":17,"column":91},"end":{"line":32,"column":1}}}},"branchMap":{"0":{"loc":{"start":{"line":18,"column":2},"end":{"line":31,"column":3}},"type":"switch","locations":[{"start":{"line":19,"column":4},"end":{"line":23,"column":null}},{"start":{"line":25,"column":4},"end":{"line":26,"column":54}},{"start":{"line":27,"column":4},"end":{"line":28,"column":60}},{"start":{"line":29,"column":4},"end":{"line":30,"column":19}}]}},"s":{"0":1,"1":1,"2":4,"3":1,"4":1,"5":1,"6":1,"7":1},"f":{"0":4},"b":{"0":[1,1,1,1]}}
,"/Users/maxcm/Desktop/React/Erika Ramos/src/context/store/cartContext.tsx": {"path":"/Users/maxcm/Desktop/React/Erika Ramos/src/context/store/cartContext.tsx","statementMap":{"0":{"start":{"line":1,"column":0},"end":{"line":1,"column":75}},"1":{"start":{"line":2,"column":0},"end":{"line":2,"column":83}},"2":{"start":{"line":10,"column":13},"end":{"line":10,"column":82}},"3":{"start":{"line":12,"column":57},"end":{"line":16,"column":1}},"4":{"start":{"line":13,"column":28},"end":{"line":13,"column":69}},"5":{"start":{"line":15,"column":2},"end":{"line":15,"column":93}},"6":{"start":{"line":12,"column":13},"end":{"line":12,"column":57}}},"fnMap":{"0":{"name":"(anonymous_0)","decl":{"start":{"line":12,"column":57},"end":{"line":12,"column":58}},"loc":{"start":{"line":12,"column":74},"end":{"line":16,"column":1}}}},"branchMap":{},"s":{"0":1,"1":1,"2":1,"3":1,"4":0,"5":0,"6":1},"f":{"0":0},"b":{}}
,"/Users/maxcm/Desktop/React/Erika Ramos/src/context/store/productContext.tsx": {"path":"/Users/maxcm/Desktop/React/Erika Ramos/src/context/store/productContext.tsx","statementMap":{"0":{"start":{"line":1,"column":0},"end":{"line":1,"column":75}},"1":{"start":{"line":2,"column":0},"end":{"line":2,"column":95}},"2":{"start":{"line":10,"column":13},"end":{"line":10,"column":88}},"3":{"start":{"line":12,"column":60},"end":{"line":16,"column":1}},"4":{"start":{"line":13,"column":28},"end":{"line":13,"column":75}},"5":{"start":{"line":15,"column":2},"end":{"line":15,"column":99}},"6":{"start":{"line":12,"column":13},"end":{"line":12,"column":60}}},"fnMap":{"0":{"name":"(anonymous_0)","decl":{"start":{"line":12,"column":60},"end":{"line":12,"column":61}},"loc":{"start":{"line":12,"column":77},"end":{"line":16,"column":1}}}},"branchMap":{},"s":{"0":0,"1":0,"2":0,"3":0,"4":0,"5":0,"6":0},"f":{"0":0},"b":{}}
,"/Users/maxcm/Desktop/React/Erika Ramos/src/hooks/useCart.ts": {"path":"/Users/maxcm/Desktop/React/Erika Ramos/src/hooks/useCart.ts","statementMap":{"0":{"start":{"line":4,"column":0},"end":{"line":4,"column":16}},"1":{"start":{"line":1,"column":0},"end":{"line":1,"column":35}},"2":{"start":{"line":2,"column":0},"end":{"line":2,"column":59}},"3":{"start":{"line":5,"column":18},"end":{"line":5,"column":41}},"4":{"start":{"line":6,"column":2},"end":{"line":8,"column":3}},"5":{"start":{"line":7,"column":4},"end":{"line":7,"column":42}},"6":{"start":{"line":9,"column":2},"end":{"line":9,"column":17}}},"fnMap":{"0":{"name":"useCart","decl":{"start":{"line":4,"column":16},"end":{"line":4,"column":23}},"loc":{"start":{"line":4,"column":23},"end":{"line":10,"column":1}}}},"branchMap":{"0":{"loc":{"start":{"line":6,"column":2},"end":{"line":8,"column":3}},"type":"if","locations":[{"start":{"line":6,"column":2},"end":{"line":8,"column":3}}]}},"s":{"0":1,"1":1,"2":1,"3":0,"4":0,"5":0,"6":0},"f":{"0":0},"b":{"0":[0]}}
,"/Users/maxcm/Desktop/React/Erika Ramos/src/hooks/useDistrict.ts": {"path":"/Users/maxcm/Desktop/React/Erika Ramos/src/hooks/useDistrict.ts","statementMap":{"0":{"start":{"line":1,"column":0},"end":{"line":1,"column":44}},"1":{"start":{"line":4,"column":21},"end":{"line":22,"column":1}},"2":{"start":{"line":5,"column":36},"end":{"line":5,"column":60}},"3":{"start":{"line":7,"column":2},"end":{"line":19,"column":9}},"4":{"start":{"line":8,"column":27},"end":{"line":16,"column":6}},"5":{"start":{"line":8,"column":38},"end":{"line":16,"column":6}},"6":{"start":{"line":9,"column":6},"end":{"line":15,"column":7}},"7":{"start":{"line":10,"column":25},"end":{"line":10,"column":70}},"8":{"start":{"line":11,"column":33},"end":{"line":11,"column":54}},"9":{"start":{"line":12,"column":8},"end":{"line":12,"column":27}},"10":{"start":{"line":14,"column":8},"end":{"line":14,"column":58}},"11":{"start":{"line":18,"column":4},"end":{"line":18,"column":21}},"12":{"start":{"line":21,"column":2},"end":{"line":21,"column":19}},"13":{"start":{"line":24,"column":0},"end":{"line":24,"column":28}}},"fnMap":{"0":{"name":"(anonymous_7)","decl":{"start":{"line":4,"column":21},"end":{"line":4,"column":36}},"loc":{"start":{"line":4,"column":38},"end":{"line":22,"column":1}}},"1":{"name":"(anonymous_8)","decl":{"start":{"line":7,"column":12},"end":{"line":7,"column":15}},"loc":{"start":{"line":7,"column":17},"end":{"line":19,"column":3}}},"2":{"name":"(anonymous_9)","decl":{"start":{"line":8,"column":27},"end":{"line":8,"column":36}},"loc":{"start":{"line":8,"column":38},"end":{"line":16,"column":6}}},"3":{"name":"(anonymous_10)","decl":{"start":{"line":8,"column":38},"end":{"line":8,"column":null}},"loc":{"start":{"line":8,"column":38},"end":{"line":16,"column":5}}}},"branchMap":{},"s":{"0":0,"1":0,"2":0,"3":0,"4":0,"5":0,"6":0,"7":0,"8":0,"9":0,"10":0,"11":0,"12":0,"13":0},"f":{"0":0,"1":0,"2":0,"3":0},"b":{}}
,"/Users/maxcm/Desktop/React/Erika Ramos/src/hooks/useProducts.ts": {"path":"/Users/maxcm/Desktop/React/Erika Ramos/src/hooks/useProducts.ts","statementMap":{"0":{"start":{"line":1,"column":0},"end":{"line":1,"column":35}},"1":{"start":{"line":2,"column":0},"end":{"line":2,"column":65}},"2":{"start":{"line":4,"column":27},"end":{"line":12,"column":1}},"3":{"start":{"line":5,"column":18},"end":{"line":5,"column":44}},"4":{"start":{"line":7,"column":2},"end":{"line":9,"column":3}},"5":{"start":{"line":8,"column":4},"end":{"line":8,"column":45}},"6":{"start":{"line":11,"column":2},"end":{"line":11,"column":17}},"7":{"start":{"line":4,"column":13},"end":{"line":4,"column":27}}},"fnMap":{"0":{"name":"(anonymous_0)","decl":{"start":{"line":4,"column":27},"end":{"line":4,"column":30}},"loc":{"start":{"line":4,"column":32},"end":{"line":12,"column":1}}}},"branchMap":{"0":{"loc":{"start":{"line":7,"column":2},"end":{"line":9,"column":3}},"type":"if","locations":[{"start":{"line":7,"column":2},"end":{"line":9,"column":3}}]}},"s":{"0":0,"1":0,"2":0,"3":0,"4":0,"5":0,"6":0,"7":0},"f":{"0":0},"b":{"0":[0]}}
,"/Users/maxcm/Desktop/React/Erika Ramos/src/pages/Cart/index.tsx": {"path":"/Users/maxcm/Desktop/React/Erika Ramos/src/pages/Cart/index.tsx","statementMap":{"0":{"start":{"line":1,"column":0},"end":{"line":1,"column":38}},"1":{"start":{"line":2,"column":0},"end":{"line":2,"column":71}},"2":{"start":{"line":3,"column":0},"end":{"line":3,"column":54}},"3":{"start":{"line":4,"column":0},"end":{"line":4,"column":65}},"4":{"start":{"line":5,"column":0},"end":{"line":5,"column":77}},"5":{"start":{"line":6,"column":0},"end":{"line":6,"column":46}},"6":{"start":{"line":7,"column":0},"end":{"line":7,"column":47}},"7":{"start":{"line":8,"column":0},"end":{"line":8,"column":51}},"8":{"start":{"line":10,"column":21},"end":{"line":38,"column":1}},"9":{"start":{"line":11,"column":19},"end":{"line":11,"column":32}},"10":{"start":{"line":12,"column":20},"end":{"line":12,"column":29}},"11":{"start":{"line":14,"column":25},"end":{"line":16,"column":3}},"12":{"start":{"line":15,"column":4},"end":{"line":15,"column":35}},"13":{"start":{"line":18,"column":2},"end":{"line":22,"column":9}},"14":{"start":{"line":19,"column":4},"end":{"line":21,"column":5}},"15":{"start":{"line":20,"column":6},"end":{"line":20,"column":23}},"16":{"start":{"line":24,"column":2},"end":{"line":37,"column":4}},"17":{"start":{"line":40,"column":0},"end":{"line":40,"column":24}}},"fnMap":{"0":{"name":"(anonymous_1)","decl":{"start":{"line":10,"column":21},"end":{"line":10,"column":24}},"loc":{"start":{"line":10,"column":26},"end":{"line":38,"column":1}}},"1":{"name":"(anonymous_2)","decl":{"start":{"line":14,"column":25},"end":{"line":14,"column":28}},"loc":{"start":{"line":14,"column":30},"end":{"line":16,"column":3}}},"2":{"name":"(anonymous_3)","decl":{"start":{"line":18,"column":12},"end":{"line":18,"column":15}},"loc":{"start":{"line":18,"column":17},"end":{"line":22,"column":3}}}},"branchMap":{"0":{"loc":{"start":{"line":19,"column":4},"end":{"line":21,"column":5}},"type":"if","locations":[{"start":{"line":19,"column":4},"end":{"line":21,"column":5}}]}},"s":{"0":1,"1":1,"2":1,"3":1,"4":1,"5":1,"6":1,"7":1,"8":1,"9":1,"10":1,"11":1,"12":0,"13":1,"14":1,"15":0,"16":1,"17":1},"f":{"0":1,"1":0,"2":1},"b":{"0":[0]}}
,"/Users/maxcm/Desktop/React/Erika Ramos/src/pages/Helpers/Empty/index.tsx": {"path":"/Users/maxcm/Desktop/React/Erika Ramos/src/pages/Helpers/Empty/index.tsx","statementMap":{"0":{"start":{"line":2,"column":0},"end":{"line":2,"column":74}},"1":{"start":{"line":4,"column":22},"end":{"line":13,"column":1}},"2":{"start":{"line":5,"column":2},"end":{"line":12,"column":4}},"3":{"start":{"line":14,"column":0},"end":{"line":14,"column":25}}},"fnMap":{"0":{"name":"(anonymous_1)","decl":{"start":{"line":4,"column":22},"end":{"line":4,"column":25}},"loc":{"start":{"line":4,"column":27},"end":{"line":13,"column":1}}}},"branchMap":{},"s":{"0":1,"1":1,"2":1,"3":1},"f":{"0":1},"b":{}}
,"/Users/maxcm/Desktop/React/Erika Ramos/src/pages/Helpers/NotFound/index.tsx": {"path":"/Users/maxcm/Desktop/React/Erika Ramos/src/pages/Helpers/NotFound/index.tsx","statementMap":{"0":{"start":{"line":2,"column":0},"end":{"line":2,"column":74}},"1":{"start":{"line":4,"column":25},"end":{"line":13,"column":1}},"2":{"start":{"line":5,"column":2},"end":{"line":12,"column":4}},"3":{"start":{"line":14,"column":0},"end":{"line":14,"column":28}}},"fnMap":{"0":{"name":"(anonymous_1)","decl":{"start":{"line":4,"column":25},"end":{"line":4,"column":28}},"loc":{"start":{"line":4,"column":30},"end":{"line":13,"column":1}}}},"branchMap":{},"s":{"0":0,"1":0,"2":0,"3":0},"f":{"0":0},"b":{}}
,"/Users/maxcm/Desktop/React/Erika Ramos/src/pages/Home/index.tsx": {"path":"/Users/maxcm/Desktop/React/Erika Ramos/src/pages/Home/index.tsx","statementMap":{"0":{"start":{"line":2,"column":0},"end":{"line":2,"column":71}},"1":{"start":{"line":3,"column":0},"end":{"line":3,"column":62}},"2":{"start":{"line":4,"column":0},"end":{"line":4,"column":74}},"3":{"start":{"line":6,"column":21},"end":{"line":15,"column":1}},"4":{"start":{"line":7,"column":2},"end":{"line":14,"column":4}},"5":{"start":{"line":17,"column":0},"end":{"line":17,"column":24}}},"fnMap":{"0":{"name":"(anonymous_1)","decl":{"start":{"line":6,"column":21},"end":{"line":6,"column":24}},"loc":{"start":{"line":6,"column":26},"end":{"line":15,"column":1}}}},"branchMap":{},"s":{"0":0,"1":0,"2":0,"3":0,"4":0,"5":0},"f":{"0":0},"b":{}}
,"/Users/maxcm/Desktop/React/Erika Ramos/src/router/AppRouter.tsx": {"path":"/Users/maxcm/Desktop/React/Erika Ramos/src/router/AppRouter.tsx","statementMap":{"0":{"start":{"line":2,"column":0},"end":{"line":2,"column":74}},"1":{"start":{"line":3,"column":0},"end":{"line":3,"column":40}},"2":{"start":{"line":4,"column":0},"end":{"line":4,"column":37}},"3":{"start":{"line":5,"column":0},"end":{"line":5,"column":37}},"4":{"start":{"line":6,"column":0},"end":{"line":6,"column":47}},"5":{"start":{"line":7,"column":0},"end":{"line":7,"column":53}},"6":{"start":{"line":9,"column":22},"end":{"line":20,"column":1}},"7":{"start":{"line":10,"column":2},"end":{"line":19,"column":4}},"8":{"start":{"line":22,"column":0},"end":{"line":22,"column":25}}},"fnMap":{"0":{"name":"(anonymous_1)","decl":{"start":{"line":9,"column":22},"end":{"line":9,"column":25}},"loc":{"start":{"line":9,"column":27},"end":{"line":20,"column":1}}}},"branchMap":{},"s":{"0":0,"1":0,"2":0,"3":0,"4":0,"5":0,"6":0,"7":0,"8":0},"f":{"0":0},"b":{}}
,"/Users/maxcm/Desktop/React/Erika Ramos/src/router/AppRoutes.ts": {"path":"/Users/maxcm/Desktop/React/Erika Ramos/src/router/AppRoutes.ts","statementMap":{"0":{"start":{"line":1,"column":0},"end":{"line":1,"column":null}},"1":{"start":{"line":2,"column":2},"end":{"line":2,"column":null}},"2":{"start":{"line":3,"column":2},"end":{"line":3,"column":null}},"3":{"start":{"line":4,"column":2},"end":{"line":4,"column":null}},"4":{"start":{"line":5,"column":2},"end":{"line":5,"column":null}}},"fnMap":{"0":{"name":"(anonymous_0)","decl":{"start":{"line":1,"column":0},"end":{"line":1,"column":12}},"loc":{"start":{"line":1,"column":21},"end":{"line":6,"column":1}}}},"branchMap":{"0":{"loc":{"start":{"line":1,"column":12},"end":{"line":1,"column":null}},"type":"binary-expr","locations":[{"start":{"line":1,"column":12},"end":{"line":1,"column":21}},{"start":{"line":1,"column":21},"end":{"line":1,"column":null}}]}},"s":{"0":3,"1":3,"2":3,"3":3,"4":3},"f":{"0":3},"b":{"0":[3,3]}}
,"/Users/maxcm/Desktop/React/Erika Ramos/src/services/api/categoryServices.ts": {"path":"/Users/maxcm/Desktop/React/Erika Ramos/src/services/api/categoryServices.ts","statementMap":{"0":{"start":{"line":2,"column":0},"end":{"line":2,"column":58}},"1":{"start":{"line":3,"column":0},"end":{"line":3,"column":51}},"2":{"start":{"line":4,"column":0},"end":{"line":4,"column":39}},"3":{"start":{"line":6,"column":31},"end":{"line":10,"column":2}},"4":{"start":{"line":6,"column":71},"end":{"line":10,"column":2}},"5":{"start":{"line":7,"column":19},"end":{"line":7,"column":81}},"6":{"start":{"line":8,"column":15},"end":{"line":8,"column":28}},"7":{"start":{"line":9,"column":2},"end":{"line":9,"column":29}},"8":{"start":{"line":6,"column":13},"end":{"line":6,"column":31}}},"fnMap":{"0":{"name":"(anonymous_8)","decl":{"start":{"line":6,"column":31},"end":{"line":6,"column":69}},"loc":{"start":{"line":6,"column":71},"end":{"line":10,"column":2}}},"1":{"name":"(anonymous_9)","decl":{"start":{"line":6,"column":71},"end":{"line":6,"column":null}},"loc":{"start":{"line":6,"column":71},"end":{"line":10,"column":1}}}},"branchMap":{},"s":{"0":1,"1":1,"2":1,"3":1,"4":3,"5":3,"6":2,"7":2,"8":1},"f":{"0":3,"1":3},"b":{}}
,"/Users/maxcm/Desktop/React/Erika Ramos/src/services/api/productServices.ts": {"path":"/Users/maxcm/Desktop/React/Erika Ramos/src/services/api/productServices.ts","statementMap":{"0":{"start":{"line":2,"column":0},"end":{"line":2,"column":55}},"1":{"start":{"line":3,"column":0},"end":{"line":3,"column":51}},"2":{"start":{"line":4,"column":0},"end":{"line":4,"column":39}},"3":{"start":{"line":6,"column":29},"end":{"line":10,"column":2}},"4":{"start":{"line":6,"column":60},"end":{"line":10,"column":2}},"5":{"start":{"line":7,"column":19},"end":{"line":7,"column":86}},"6":{"start":{"line":8,"column":15},"end":{"line":8,"column":34}},"7":{"start":{"line":9,"column":2},"end":{"line":9,"column":36}},"8":{"start":{"line":6,"column":13},"end":{"line":6,"column":29}},"9":{"start":{"line":12,"column":41},"end":{"line":18,"column":2}},"10":{"start":{"line":12,"column":88},"end":{"line":18,"column":2}},"11":{"start":{"line":13,"column":19},"end":{"line":14,"column":null}},"12":{"start":{"line":16,"column":15},"end":{"line":16,"column":28}},"13":{"start":{"line":17,"column":2},"end":{"line":17,"column":36}},"14":{"start":{"line":12,"column":13},"end":{"line":12,"column":41}}},"fnMap":{"0":{"name":"(anonymous_8)","decl":{"start":{"line":6,"column":29},"end":{"line":6,"column":58}},"loc":{"start":{"line":6,"column":60},"end":{"line":10,"column":2}}},"1":{"name":"(anonymous_9)","decl":{"start":{"line":6,"column":60},"end":{"line":6,"column":null}},"loc":{"start":{"line":6,"column":60},"end":{"line":10,"column":1}}},"2":{"name":"(anonymous_10)","decl":{"start":{"line":12,"column":41},"end":{"line":12,"column":48}},"loc":{"start":{"line":12,"column":88},"end":{"line":18,"column":2}}},"3":{"name":"(anonymous_11)","decl":{"start":{"line":12,"column":88},"end":{"line":12,"column":null}},"loc":{"start":{"line":12,"column":88},"end":{"line":18,"column":1}}}},"branchMap":{},"s":{"0":1,"1":1,"2":1,"3":1,"4":2,"5":2,"6":1,"7":1,"8":1,"9":1,"10":2,"11":2,"12":1,"13":1,"14":1},"f":{"0":2,"1":2,"2":2,"3":2},"b":{}}
,"/Users/maxcm/Desktop/React/Erika Ramos/src/services/api/config/fetchInstance.ts": {"path":"/Users/maxcm/Desktop/React/Erika Ramos/src/services/api/config/fetchInstance.ts","statementMap":{"0":{"start":{"line":1,"column":0},"end":{"line":1,"column":44}},"1":{"start":{"line":4,"column":22},"end":{"line":25,"column":2}},"2":{"start":{"line":4,"column":79},"end":{"line":25,"column":2}},"3":{"start":{"line":5,"column":18},"end":{"line":5,"column":31}},"4":{"start":{"line":7,"column":2},"end":{"line":24,"column":3}},"5":{"start":{"line":8,"column":21},"end":{"line":8,"column":57}},"6":{"start":{"line":9,"column":26},"end":{"line":9,"column":47}},"7":{"start":{"line":10,"column":4},"end":{"line":12,"column":5}},"8":{"start":{"line":11,"column":6},"end":{"line":11,"column":74}},"9":{"start":{"line":14,"column":4},"end":{"line":18,"column":6}},"10":{"start":{"line":20,"column":4},"end":{"line":22,"column":5}},"11":{"start":{"line":21,"column":6},"end":{"line":21,"column":41}},"12":{"start":{"line":23,"column":4},"end":{"line":23,"column":16}},"13":{"start":{"line":27,"column":0},"end":{"line":27,"column":29}}},"fnMap":{"0":{"name":"(anonymous_7)","decl":{"start":{"line":4,"column":22},"end":{"line":4,"column":32}},"loc":{"start":{"line":4,"column":79},"end":{"line":25,"column":2}}},"1":{"name":"(anonymous_8)","decl":{"start":{"line":4,"column":79},"end":{"line":4,"column":null}},"loc":{"start":{"line":4,"column":79},"end":{"line":25,"column":1}}}},"branchMap":{"0":{"loc":{"start":{"line":10,"column":4},"end":{"line":12,"column":5}},"type":"if","locations":[{"start":{"line":10,"column":4},"end":{"line":12,"column":5}}]},"1":{"loc":{"start":{"line":20,"column":4},"end":{"line":22,"column":5}},"type":"if","locations":[{"start":{"line":20,"column":4},"end":{"line":22,"column":5}}]},"2":{"loc":{"start":{"line":20,"column":8},"end":{"line":20,"column":68}},"type":"binary-expr","locations":[{"start":{"line":20,"column":8},"end":{"line":20,"column":37}},{"start":{"line":20,"column":41},"end":{"line":20,"column":68}}]}},"s":{"0":1,"1":1,"2":4,"3":4,"4":4,"5":4,"6":2,"7":2,"8":1,"9":1,"10":3,"11":1,"12":2,"13":1},"f":{"0":4,"1":4},"b":{"0":[1],"1":[1],"2":[3,1]}}
,"/Users/maxcm/Desktop/React/Erika Ramos/src/services/api/config/paths.ts": {"path":"/Users/maxcm/Desktop/React/Erika Ramos/src/services/api/config/paths.ts","statementMap":{"0":{"start":{"line":1,"column":0},"end":{"line":1,"column":null}},"1":{"start":{"line":2,"column":2},"end":{"line":2,"column":null}},"2":{"start":{"line":3,"column":2},"end":{"line":3,"column":null}},"3":{"start":{"line":4,"column":2},"end":{"line":4,"column":null}}},"fnMap":{"0":{"name":"(anonymous_0)","decl":{"start":{"line":1,"column":0},"end":{"line":1,"column":12}},"loc":{"start":{"line":1,"column":17},"end":{"line":5,"column":1}}}},"branchMap":{"0":{"loc":{"start":{"line":1,"column":12},"end":{"line":1,"column":null}},"type":"binary-expr","locations":[{"start":{"line":1,"column":12},"end":{"line":1,"column":17}},{"start":{"line":1,"column":17},"end":{"line":1,"column":null}}]}},"s":{"0":2,"1":2,"2":2,"3":2},"f":{"0":2},"b":{"0":[2,2]}}
,"/Users/maxcm/Desktop/React/Erika Ramos/src/services/mappers/cartMapper.ts": {"path":"/Users/maxcm/Desktop/React/Erika Ramos/src/services/mappers/cartMapper.ts","statementMap":{"0":{"start":{"line":4,"column":23},"end":{"line":14,"column":1}},"1":{"start":{"line":5,"column":2},"end":{"line":13,"column":4}},"2":{"start":{"line":4,"column":13},"end":{"line":4,"column":23}}},"fnMap":{"0":{"name":"(anonymous_0)","decl":{"start":{"line":4,"column":23},"end":{"line":4,"column":24}},"loc":{"start":{"line":4,"column":72},"end":{"line":14,"column":1}}}},"branchMap":{"0":{"loc":{"start":{"line":4,"column":42},"end":{"line":4,"column":62}},"type":"default-arg","locations":[{"start":{"line":4,"column":61},"end":{"line":4,"column":62}}]}},"s":{"0":1,"1":2,"2":1},"f":{"0":2},"b":{"0":[1]}}
,"/Users/maxcm/Desktop/React/Erika Ramos/src/services/mappers/categoryMapper.ts": {"path":"/Users/maxcm/Desktop/React/Erika Ramos/src/services/mappers/categoryMapper.ts","statementMap":{"0":{"start":{"line":3,"column":29},"end":{"line":8,"column":1}},"1":{"start":{"line":4,"column":2},"end":{"line":7,"column":6}},"2":{"start":{"line":4,"column":45},"end":{"line":7,"column":4}},"3":{"start":{"line":3,"column":13},"end":{"line":3,"column":29}}},"fnMap":{"0":{"name":"(anonymous_0)","decl":{"start":{"line":3,"column":29},"end":{"line":3,"column":30}},"loc":{"start":{"line":3,"column":84},"end":{"line":8,"column":1}}},"1":{"name":"(anonymous_1)","decl":{"start":{"line":4,"column":24},"end":{"line":4,"column":25}},"loc":{"start":{"line":4,"column":45},"end":{"line":7,"column":4}}}},"branchMap":{},"s":{"0":1,"1":2,"2":3,"3":1},"f":{"0":2,"1":3},"b":{}}
,"/Users/maxcm/Desktop/React/Erika Ramos/src/services/mappers/productMapper.ts": {"path":"/Users/maxcm/Desktop/React/Erika Ramos/src/services/mappers/productMapper.ts","statementMap":{"0":{"start":{"line":3,"column":27},"end":{"line":17,"column":1}},"1":{"start":{"line":4,"column":2},"end":{"line":16,"column":6}},"2":{"start":{"line":4,"column":36},"end":{"line":16,"column":4}},"3":{"start":{"line":3,"column":13},"end":{"line":3,"column":27}}},"fnMap":{"0":{"name":"(anonymous_0)","decl":{"start":{"line":3,"column":27},"end":{"line":3,"column":28}},"loc":{"start":{"line":3,"column":62},"end":{"line":17,"column":1}}},"1":{"name":"(anonymous_1)","decl":{"start":{"line":4,"column":22},"end":{"line":4,"column":23}},"loc":{"start":{"line":4,"column":36},"end":{"line":16,"column":4}}}},"branchMap":{},"s":{"0":1,"1":2,"2":3,"3":1},"f":{"0":2,"1":3},"b":{}}
,"/Users/maxcm/Desktop/React/Erika Ramos/src/utils/formatPrice.ts": {"path":"/Users/maxcm/Desktop/React/Erika Ramos/src/utils/formatPrice.ts","statementMap":{"0":{"start":{"line":4,"column":27},"end":{"line":6,"column":1}},"1":{"start":{"line":5,"column":2},"end":{"line":5,"column":26}},"2":{"start":{"line":4,"column":13},"end":{"line":4,"column":27}}},"fnMap":{"0":{"name":"(anonymous_0)","decl":{"start":{"line":4,"column":27},"end":{"line":4,"column":28}},"loc":{"start":{"line":4,"column":53},"end":{"line":6,"column":1}}}},"branchMap":{},"s":{"0":2,"1":10,"2":2},"f":{"0":10},"b":{}}
,"/Users/maxcm/Desktop/React/Erika Ramos/src/utils/regex.ts": {"path":"/Users/maxcm/Desktop/React/Erika Ramos/src/utils/regex.ts","statementMap":{"0":{"start":{"line":4,"column":13},"end":{"line":4,"column":42}},"1":{"start":{"line":9,"column":13},"end":{"line":9,"column":56}},"2":{"start":{"line":14,"column":13},"end":{"line":14,"column":40}}},"fnMap":{},"branchMap":{},"s":{"0":2,"1":2,"2":2},"f":{},"b":{}}
,"/Users/maxcm/Desktop/React/Erika Ramos/src/utils/validations.ts": {"path":"/Users/maxcm/Desktop/React/Erika Ramos/src/utils/validations.ts","statementMap":{"0":{"start":{"line":1,"column":0},"end":{"line":1,"column":63}},"1":{"start":{"line":6,"column":28},"end":{"line":12,"column":1}},"2":{"start":{"line":7,"column":16},"end":{"line":7,"column":26}},"3":{"start":{"line":8,"column":2},"end":{"line":8,"column":49}},"4":{"start":{"line":8,"column":14},"end":{"line":8,"column":49}},"5":{"start":{"line":9,"column":2},"end":{"line":9,"column":56}},"6":{"start":{"line":9,"column":21},"end":{"line":9,"column":56}},"7":{"start":{"line":10,"column":2},"end":{"line":10,"column":65}},"8":{"start":{"line":10,"column":26},"end":{"line":10,"column":65}},"9":{"start":{"line":11,"column":2},"end":{"line":11,"column":14}},"10":{"start":{"line":6,"column":13},"end":{"line":6,"column":28}},"11":{"start":{"line":17,"column":29},"end":{"line":23,"column":1}},"12":{"start":{"line":18,"column":16},"end":{"line":18,"column":27}},"13":{"start":{"line":19,"column":2},"end":{"line":19,"column":49}},"14":{"start":{"line":19,"column":14},"end":{"line":19,"column":49}},"15":{"start":{"line":20,"column":2},"end":{"line":20,"column":56}},"16":{"start":{"line":20,"column":21},"end":{"line":20,"column":56}},"17":{"start":{"line":21,"column":2},"end":{"line":21,"column":66}},"18":{"start":{"line":21,"column":26},"end":{"line":21,"column":66}},"19":{"start":{"line":22,"column":2},"end":{"line":22,"column":14}},"20":{"start":{"line":17,"column":13},"end":{"line":17,"column":29}},"21":{"start":{"line":28,"column":32},"end":{"line":32,"column":1}},"22":{"start":{"line":29,"column":2},"end":{"line":29,"column":49}},"23":{"start":{"line":29,"column":14},"end":{"line":29,"column":49}},"24":{"start":{"line":30,"column":2},"end":{"line":30,"column":56}},"25":{"start":{"line":30,"column":21},"end":{"line":30,"column":56}},"26":{"start":{"line":31,"column":2},"end":{"line":31,"column":14}},"27":{"start":{"line":28,"column":13},"end":{"line":28,"column":32}},"28":{"start":{"line":37,"column":29},"end":{"line":43,"column":1}},"29":{"start":{"line":38,"column":16},"end":{"line":38,"column":27}},"30":{"start":{"line":39,"column":2},"end":{"line":39,"column":49}},"31":{"start":{"line":39,"column":14},"end":{"line":39,"column":49}},"32":{"start":{"line":40,"column":2},"end":{"line":40,"column":56}},"33":{"start":{"line":40,"column":21},"end":{"line":40,"column":56}},"34":{"start":{"line":41,"column":2},"end":{"line":41,"column":94}},"35":{"start":{"line":41,"column":26},"end":{"line":41,"column":94}},"36":{"start":{"line":42,"column":2},"end":{"line":42,"column":14}},"37":{"start":{"line":37,"column":13},"end":{"line":37,"column":29}}},"fnMap":{"0":{"name":"(anonymous_0)","decl":{"start":{"line":6,"column":28},"end":{"line":6,"column":29}},"loc":{"start":{"line":6,"column":61},"end":{"line":12,"column":1}}},"1":{"name":"(anonymous_1)","decl":{"start":{"line":17,"column":29},"end":{"line":17,"column":30}},"loc":{"start":{"line":17,"column":62},"end":{"line":23,"column":1}}},"2":{"name":"(anonymous_2)","decl":{"start":{"line":28,"column":32},"end":{"line":28,"column":33}},"loc":{"start":{"line":28,"column":65},"end":{"line":32,"column":1}}},"3":{"name":"(anonymous_3)","decl":{"start":{"line":37,"column":29},"end":{"line":37,"column":30}},"loc":{"start":{"line":37,"column":62},"end":{"line":43,"column":1}}}},"branchMap":{"0":{"loc":{"start":{"line":8,"column":2},"end":{"line":8,"column":49}},"type":"if","locations":[{"start":{"line":8,"column":2},"end":{"line":8,"column":49}}]},"1":{"loc":{"start":{"line":9,"column":2},"end":{"line":9,"column":56}},"type":"if","locations":[{"start":{"line":9,"column":2},"end":{"line":9,"column":56}}]},"2":{"loc":{"start":{"line":10,"column":2},"end":{"line":10,"column":65}},"type":"if","locations":[{"start":{"line":10,"column":2},"end":{"line":10,"column":65}}]},"3":{"loc":{"start":{"line":19,"column":2},"end":{"line":19,"column":49}},"type":"if","locations":[{"start":{"line":19,"column":2},"end":{"line":19,"column":49}}]},"4":{"loc":{"start":{"line":20,"column":2},"end":{"line":20,"column":56}},"type":"if","locations":[{"start":{"line":20,"column":2},"end":{"line":20,"column":56}}]},"5":{"loc":{"start":{"line":21,"column":2},"end":{"line":21,"column":66}},"type":"if","locations":[{"start":{"line":21,"column":2},"end":{"line":21,"column":66}}]},"6":{"loc":{"start":{"line":29,"column":2},"end":{"line":29,"column":49}},"type":"if","locations":[{"start":{"line":29,"column":2},"end":{"line":29,"column":49}}]},"7":{"loc":{"start":{"line":30,"column":2},"end":{"line":30,"column":56}},"type":"if","locations":[{"start":{"line":30,"column":2},"end":{"line":30,"column":56}}]},"8":{"loc":{"start":{"line":39,"column":2},"end":{"line":39,"column":49}},"type":"if","locations":[{"start":{"line":39,"column":2},"end":{"line":39,"column":49}}]},"9":{"loc":{"start":{"line":40,"column":2},"end":{"line":40,"column":56}},"type":"if","locations":[{"start":{"line":40,"column":2},"end":{"line":40,"column":56}}]},"10":{"loc":{"start":{"line":41,"column":2},"end":{"line":41,"column":94}},"type":"if","locations":[{"start":{"line":41,"column":2},"end":{"line":41,"column":94}}]}},"s":{"0":2,"1":2,"2":6,"3":6,"4":1,"5":5,"6":1,"7":4,"8":2,"9":2,"10":2,"11":2,"12":6,"13":6,"14":1,"15":5,"16":1,"17":4,"18":2,"19":2,"20":2,"21":2,"22":4,"23":1,"24":3,"25":1,"26":2,"27":2,"28":2,"29":7,"30":7,"31":1,"32":6,"33":1,"34":5,"35":3,"36":2,"37":2},"f":{"0":6,"1":6,"2":4,"3":7},"b":{"0":[1],"1":[1],"2":[2],"3":[1],"4":[1],"5":[2],"6":[1],"7":[1],"8":[1],"9":[1],"10":[3]}}
}
