TN:
SF:src/App.tsx
FN:5,App
FNF:1
FNH:0
FNDA:0,App
DA:1,0
DA:2,0
DA:3,0
DA:6,0
DA:15,0
LF:5
LH:0
BRF:0
BRH:0
end_of_record
TN:
SF:src/main.tsx
FNF:0
FNH:0
DA:1,0
DA:2,0
DA:3,0
DA:4,0
LF:4
LH:0
BRF:0
BRH:0
end_of_record
TN:
SF:src/components/atoms/index.tsx
FN:1,(anonymous_0)
FN:2,(anonymous_1)
FN:3,(anonymous_2)
FN:4,(anonymous_3)
FN:5,(anonymous_4)
FN:6,(anonymous_5)
FN:7,(anonymous_6)
FNF:7
FNH:7
FNDA:6,(anonymous_0)
FNDA:24,(anonymous_1)
FNDA:8,(anonymous_2)
FNDA:14,(anonymous_3)
FNDA:10,(anonymous_4)
FNDA:2,(anonymous_5)
FNDA:1,(anonymous_6)
DA:1,17
DA:2,35
DA:3,19
DA:4,25
DA:5,21
DA:6,13
DA:7,12
LF:7
LH:7
BRF:0
BRH:0
end_of_record
TN:
SF:src/components/atoms/Button/Button.tsx
FN:15,(anonymous_1)
FNF:1
FNH:1
FNDA:8,(anonymous_1)
DA:2,12
DA:3,12
DA:4,12
DA:15,12
DA:24,8
LF:5
LH:5
BRDA:18,0,0,6
BRDA:19,1,0,5
BRDA:20,2,0,8
BRDA:29,3,0,6
BRDA:29,3,1,2
BRDA:30,4,0,3
BRDA:30,4,1,5
BRDA:36,5,0,8
BRDA:36,5,1,2
BRDA:39,6,0,0
BRDA:39,6,1,2
BRF:11
BRH:10
end_of_record
TN:
SF:src/components/atoms/Column/Column.tsx
FN:9,(anonymous_1)
FNF:1
FNH:1
FNDA:5,(anonymous_1)
DA:2,12
DA:9,12
DA:14,5
LF:3
LH:3
BRDA:11,0,0,3
BRDA:12,1,0,4
BRF:2
BRH:2
end_of_record
TN:
SF:src/components/atoms/Grid/Grid.tsx
FN:9,(anonymous_1)
FNF:1
FNH:1
FNDA:6,(anonymous_1)
DA:2,12
DA:9,12
DA:10,6
LF:3
LH:3
BRDA:9,0,0,5
BRDA:9,1,0,4
BRF:2
BRH:2
end_of_record
TN:
SF:src/components/atoms/Icon/Icon.tsx
FN:11,(anonymous_0)
FNF:1
FNH:1
FNDA:29,(anonymous_0)
DA:2,11
DA:11,11
DA:17,29
DA:19,29
LF:4
LH:4
BRDA:13,0,0,1
BRDA:14,1,0,1
BRF:2
BRH:2
end_of_record
TN:
SF:src/components/atoms/Input/Input.tsx
FN:12,(anonymous_2)
FNF:1
FNH:1
FNDA:14,(anonymous_2)
DA:2,11
DA:3,11
DA:4,11
DA:12,14
DA:13,14
LF:5
LH:5
BRDA:16,0,0,14
BRDA:16,0,1,5
BRF:2
BRH:2
end_of_record
TN:
SF:src/components/atoms/RatingStars/RatingStars.tsx
FN:9,(anonymous_1)
FN:17,(anonymous_2)
FN:34,(anonymous_3)
FNF:3
FNH:3
FNDA:8,(anonymous_1)
FNDA:28,(anonymous_2)
FNDA:8,(anonymous_3)
DA:2,11
DA:3,11
DA:9,11
DA:10,8
DA:11,8
DA:12,8
DA:14,8
DA:18,28
DA:35,8
DA:44,8
LF:10
LH:10
BRDA:11,0,0,4
BRDA:11,0,1,4
BRDA:25,1,0,4
BRDA:25,1,1,4
BRF:4
BRH:4
end_of_record
TN:
SF:src/components/atoms/Select/Select.tsx
FN:13,(anonymous_1)
FN:24,(anonymous_2)
FNF:2
FNH:2
FNDA:10,(anonymous_1)
FNDA:30,(anonymous_2)
DA:2,11
DA:13,11
DA:21,10
DA:25,30
LF:4
LH:4
BRF:0
BRH:0
end_of_record
TN:
SF:src/components/custom/CartList/CartList.tsx
FN:17,(anonymous_0)
FN:34,(anonymous_1)
FN:43,(anonymous_2)
FN:51,(anonymous_3)
FN:62,(anonymous_4)
FNF:5
FNH:5
FNDA:5,(anonymous_0)
FNDA:10,(anonymous_1)
FNDA:1,(anonymous_2)
FNDA:1,(anonymous_3)
FNDA:1,(anonymous_4)
DA:2,2
DA:12,2
DA:13,2
DA:14,2
DA:15,2
DA:17,2
DA:18,5
DA:20,5
DA:35,10
DA:43,1
DA:51,1
DA:62,1
DA:82,2
LF:13
LH:13
BRF:0
BRH:0
end_of_record
TN:
SF:src/components/custom/CustomFooter/CustomFooter.tsx
FN:5,(anonymous_1)
FNF:1
FNH:1
FNDA:4,(anonymous_1)
DA:2,3
DA:3,3
DA:5,3
DA:6,4
DA:19,3
LF:5
LH:5
BRF:0
BRH:0
end_of_record
TN:
SF:src/components/custom/CustomHeader/CustomHeader.tsx
FN:10,(anonymous_1)
FN:14,(anonymous_2)
FNF:2
FNH:2
FNDA:6,(anonymous_1)
FNDA:1,(anonymous_2)
DA:2,3
DA:3,3
DA:4,3
DA:5,3
DA:6,3
DA:7,3
DA:8,3
DA:10,3
DA:11,6
DA:12,6
DA:14,6
DA:15,1
DA:17,6
DA:36,3
LF:14
LH:14
BRF:0
BRH:0
end_of_record
TN:
SF:src/components/custom/Filters/Filters.tsx
FN:11,(anonymous_1)
FN:14,(anonymous_2)
FN:18,(anonymous_3)
FN:22,(anonymous_4)
FN:26,(anonymous_5)
FN:27,(anonymous_6)
FN:33,(anonymous_7)
FNF:7
FNH:7
FNDA:4,(anonymous_1)
FNDA:4,(anonymous_2)
FNDA:1,(anonymous_3)
FNDA:1,(anonymous_4)
FNDA:4,(anonymous_5)
FNDA:12,(anonymous_6)
FNDA:4,(anonymous_7)
DA:1,1
DA:2,1
DA:3,1
DA:4,1
DA:5,1
DA:11,1
DA:12,4
DA:14,4
DA:15,4
DA:18,4
DA:19,1
DA:22,4
DA:23,1
DA:26,4
DA:27,12
DA:33,4
DA:34,4
DA:37,4
DA:51,1
LF:19
LH:19
BRF:0
BRH:0
end_of_record
TN:
SF:src/components/custom/FormShipping/FormShipping.tsx
FN:10,(anonymous_1)
FN:35,(anonymous_2)
FN:36,(anonymous_3)
FN:37,(anonymous_4)
FN:40,(anonymous_5)
FN:51,(anonymous_6)
FN:54,(anonymous_7)
FN:63,(anonymous_8)
FN:68,(anonymous_9)
FN:69,(anonymous_10)
FN:79,(anonymous_11)
FN:86,(anonymous_12)
FN:95,(anonymous_13)
FN:105,(anonymous_14)
FN:114,(anonymous_15)
FN:123,(anonymous_16)
FN:132,(anonymous_17)
FN:141,(anonymous_18)
FNF:18
FNH:3
FNDA:1,(anonymous_1)
FNDA:0,(anonymous_2)
FNDA:0,(anonymous_3)
FNDA:0,(anonymous_4)
FNDA:0,(anonymous_5)
FNDA:0,(anonymous_6)
FNDA:0,(anonymous_7)
FNDA:0,(anonymous_8)
FNDA:1,(anonymous_9)
FNDA:3,(anonymous_10)
FNDA:0,(anonymous_11)
FNDA:0,(anonymous_12)
FNDA:0,(anonymous_13)
FNDA:0,(anonymous_14)
FNDA:0,(anonymous_15)
FNDA:0,(anonymous_16)
FNDA:0,(anonymous_17)
FNDA:0,(anonymous_18)
DA:1,1
DA:2,1
DA:3,1
DA:4,1
DA:5,1
DA:6,1
DA:7,1
DA:8,1
DA:10,1
DA:11,1
DA:13,1
DA:22,1
DA:31,1
DA:33,1
DA:35,1
DA:36,0
DA:37,0
DA:40,1
DA:41,0
DA:50,0
DA:51,0
DA:54,1
DA:55,0
DA:56,0
DA:57,0
DA:59,0
DA:63,1
DA:64,0
DA:65,0
DA:68,1
DA:69,3
DA:75,1
DA:79,0
DA:86,0
DA:95,0
DA:105,0
DA:114,0
DA:123,0
DA:132,0
DA:141,0
DA:160,1
LF:41
LH:22
BRDA:42,0,0,0
BRDA:42,0,1,0
BRDA:43,1,0,0
BRDA:43,1,1,0
BRDA:44,2,0,0
BRDA:44,2,1,0
BRDA:45,3,0,0
BRDA:45,3,1,0
BRDA:46,4,0,0
BRDA:46,4,1,0
BRDA:47,5,0,0
BRDA:47,5,1,0
BRDA:48,6,0,0
BRDA:48,6,1,0
BRDA:55,7,0,0
BRDA:55,7,1,0
BRF:16
BRH:0
end_of_record
TN:
SF:src/components/custom/ProductCard/ProductCard.tsx
FN:13,(anonymous_1)
FN:17,(anonymous_2)
FN:32,(anonymous_3)
FNF:3
FNH:3
FNDA:2,(anonymous_1)
FNDA:1,(anonymous_2)
FNDA:1,(anonymous_3)
DA:2,1
DA:4,1
DA:5,1
DA:6,1
DA:7,1
DA:8,1
DA:13,1
DA:14,2
DA:15,2
DA:17,2
DA:18,1
DA:20,2
DA:32,1
DA:40,1
LF:14
LH:14
BRF:0
BRH:0
end_of_record
TN:
SF:src/components/custom/ProductList/ProductList.tsx
FN:7,(anonymous_1)
FN:10,(anonymous_2)
FN:16,(anonymous_3)
FNF:3
FNH:3
FNDA:3,(anonymous_1)
FNDA:3,(anonymous_2)
FNDA:9,(anonymous_3)
DA:1,1
DA:2,1
DA:3,1
DA:4,1
DA:5,1
DA:7,1
DA:8,3
DA:10,3
DA:11,3
DA:14,3
DA:17,9
DA:25,1
LF:12
LH:12
BRF:0
BRH:0
end_of_record
TN:
SF:src/components/custom/SuccessModal/SuccessModal.tsx
FN:10,(anonymous_0)
FNF:1
FNH:1
FNDA:5,(anonymous_0)
DA:2,2
DA:10,2
DA:11,5
DA:13,3
DA:26,2
LF:5
LH:5
BRDA:11,0,0,2
BRF:1
BRH:1
end_of_record
TN:
SF:src/components/layout/MainLayout/MainLayout.tsx
FN:6,(anonymous_1)
FNF:1
FNH:1
FNDA:2,(anonymous_1)
DA:2,2
DA:3,2
DA:4,2
DA:6,2
DA:7,2
DA:16,2
LF:6
LH:6
BRF:0
BRH:0
end_of_record
TN:
SF:src/components/molecules/index.tsx
FN:1,(anonymous_0)
FN:2,(anonymous_1)
FN:4,(anonymous_2)
FN:5,(anonymous_3)
FN:6,(anonymous_4)
FN:7,(anonymous_5)
FN:8,(anonymous_6)
FN:9,(anonymous_7)
FN:10,(anonymous_8)
FNF:9
FNH:9
FNDA:10,(anonymous_0)
FNDA:11,(anonymous_1)
FNDA:6,(anonymous_2)
FNDA:7,(anonymous_3)
FNDA:8,(anonymous_4)
FNDA:6,(anonymous_5)
FNDA:26,(anonymous_6)
FNDA:22,(anonymous_7)
FNDA:49,(anonymous_8)
DA:1,16
DA:2,17
DA:3,6
DA:4,12
DA:5,13
DA:6,14
DA:7,12
DA:8,32
DA:9,28
DA:10,55
LF:10
LH:10
BRF:0
BRH:0
end_of_record
TN:
SF:src/components/molecules/Card/Card.tsx
FN:4,(anonymous_1)
FNF:1
FNH:1
FNDA:10,(anonymous_1)
DA:2,6
DA:4,6
DA:5,10
LF:3
LH:3
BRF:0
BRH:0
end_of_record
TN:
SF:src/components/molecules/FormField/FormField.tsx
FN:10,(anonymous_1)
FNF:1
FNH:1
FNDA:11,(anonymous_1)
DA:2,6
DA:10,6
DA:16,11
LF:3
LH:3
BRDA:22,0,0,11
BRDA:22,0,1,1
BRF:2
BRH:2
end_of_record
TN:
SF:src/components/molecules/Table/Table.tsx
FN:5,(anonymous_2)
FN:15,(anonymous_3)
FN:22,(anonymous_4)
FN:27,(anonymous_5)
FN:32,(anonymous_6)
FN:36,(anonymous_7)
FN:40,(anonymous_8)
FNF:7
FNH:7
FNDA:6,(anonymous_2)
FNDA:7,(anonymous_3)
FNDA:8,(anonymous_4)
FNDA:6,(anonymous_5)
FNDA:26,(anonymous_6)
FNDA:22,(anonymous_7)
FNDA:49,(anonymous_8)
DA:1,6
DA:2,6
DA:4,6
DA:5,6
DA:12,6
DA:15,7
DA:19,6
DA:22,8
DA:24,6
DA:27,6
DA:31,6
DA:32,26
DA:35,6
DA:36,22
DA:39,6
DA:40,49
LF:16
LH:16
BRF:0
BRH:0
end_of_record
TN:
SF:src/components/organisms/index.tsx
FN:1,(anonymous_0)
FN:2,(anonymous_1)
FNF:2
FNH:2
FNDA:6,(anonymous_0)
FNDA:4,(anonymous_1)
DA:1,10
DA:2,8
LF:2
LH:2
BRF:0
BRH:0
end_of_record
TN:
SF:src/components/organisms/Footer/Footer.tsx
FN:4,(anonymous_1)
FNF:1
FNH:1
FNDA:4,(anonymous_1)
DA:2,4
DA:4,4
DA:5,4
LF:3
LH:3
BRF:0
BRH:0
end_of_record
TN:
SF:src/components/organisms/NavBar/NavBar.tsx
FN:4,(anonymous_1)
FNF:1
FNH:1
FNDA:6,(anonymous_1)
DA:2,4
DA:4,4
DA:5,6
LF:3
LH:3
BRF:0
BRH:0
end_of_record
TN:
SF:src/context/actions/cartActions.ts
FN:5,(anonymous_0)
FN:9,(anonymous_1)
FN:13,(anonymous_2)
FN:22,(anonymous_3)
FNF:4
FNH:4
FNDA:1,(anonymous_0)
FNDA:1,(anonymous_1)
FNDA:2,(anonymous_2)
FNDA:1,(anonymous_3)
DA:5,2
DA:6,1
DA:9,2
DA:10,1
DA:13,2
DA:18,2
DA:19,1
DA:22,2
DA:23,1
LF:9
LH:9
BRDA:18,0,0,1
BRF:1
BRH:1
end_of_record
TN:
SF:src/context/actions/productActions.ts
FN:8,(anonymous_7)
FN:8,(anonymous_8)
FN:17,(anonymous_9)
FN:17,(anonymous_10)
FN:26,(anonymous_11)
FN:30,(anonymous_12)
FN:44,(anonymous_13)
FN:51,(anonymous_14)
FNF:8
FNH:8
FNDA:2,(anonymous_7)
FNDA:2,(anonymous_8)
FNDA:2,(anonymous_9)
FNDA:2,(anonymous_10)
FNDA:2,(anonymous_11)
FNDA:2,(anonymous_12)
FNDA:1,(anonymous_13)
FNDA:3,(anonymous_14)
DA:5,1
DA:6,1
DA:8,2
DA:9,2
DA:10,2
DA:11,1
DA:13,1
DA:17,2
DA:18,2
DA:19,2
DA:20,1
DA:22,1
DA:26,1
DA:30,2
DA:31,2
DA:32,1
DA:33,1
DA:36,1
DA:37,1
DA:38,1
DA:40,0
DA:44,1
DA:49,1
DA:50,1
DA:52,3
DA:55,1
LF:26
LH:25
BRDA:31,0,0,1
BRDA:31,1,0,2
BRDA:31,1,1,2
BRDA:52,2,0,3
BRDA:52,2,1,2
BRF:5
BRH:5
end_of_record
TN:
SF:src/context/reducers/cartReducer.ts
FN:16,(anonymous_0)
FN:17,(anonymous_1)
FN:20,cartReducer
FN:23,(anonymous_3)
FN:25,(anonymous_4)
FN:52,(anonymous_5)
FN:54,(anonymous_6)
FN:66,(anonymous_7)
FN:68,(anonymous_8)
FNF:9
FNH:8
FNDA:4,(anonymous_0)
FNDA:4,(anonymous_1)
FNDA:6,cartReducer
FNDA:1,(anonymous_3)
FNDA:0,(anonymous_4)
FNDA:2,(anonymous_5)
FNDA:1,(anonymous_6)
FNDA:1,(anonymous_7)
FNDA:1,(anonymous_8)
DA:10,2
DA:16,2
DA:17,4
DA:20,2
DA:21,6
DA:23,2
DA:25,2
DA:26,0
DA:27,0
DA:30,2
DA:31,1
DA:32,1
DA:34,1
DA:42,1
DA:43,1
DA:52,2
DA:54,1
DA:56,1
DA:65,1
DA:66,1
DA:68,1
DA:70,1
DA:79,1
DA:82,1
LF:24
LH:22
BRDA:21,0,0,2
BRDA:21,0,1,1
BRDA:21,0,2,1
BRDA:21,0,3,1
BRDA:21,0,4,1
BRDA:25,1,0,0
BRDA:25,2,0,2
BRDA:25,2,1,1
BRDA:30,3,0,1
BRDA:66,4,0,1
BRDA:66,4,1,0
BRF:11
BRH:9
end_of_record
TN:
SF:src/context/reducers/productReducer.ts
FN:17,(anonymous_0)
FNF:1
FNH:1
FNDA:4,(anonymous_0)
DA:11,1
DA:17,1
DA:18,4
DA:20,1
DA:26,1
DA:28,1
DA:30,1
LF:7
LH:7
BRDA:18,0,0,1
BRDA:18,0,1,1
BRDA:18,0,2,1
BRDA:18,0,3,1
BRF:4
BRH:4
end_of_record
TN:
SF:src/context/store/cartContext.tsx
FN:12,(anonymous_0)
FNF:1
FNH:0
FNDA:0,(anonymous_0)
DA:1,1
DA:2,1
DA:10,1
DA:12,1
DA:13,0
DA:15,0
LF:6
LH:4
BRF:0
BRH:0
end_of_record
TN:
SF:src/context/store/productContext.tsx
FN:12,(anonymous_0)
FNF:1
FNH:0
FNDA:0,(anonymous_0)
DA:1,0
DA:2,0
DA:10,0
DA:12,0
DA:13,0
DA:15,0
LF:6
LH:0
BRF:0
BRH:0
end_of_record
TN:
SF:src/hooks/useCart.ts
FN:4,useCart
FNF:1
FNH:0
FNDA:0,useCart
DA:1,1
DA:2,1
DA:4,1
DA:5,0
DA:6,0
DA:7,0
DA:9,0
LF:7
LH:3
BRDA:6,0,0,0
BRF:1
BRH:0
end_of_record
TN:
SF:src/hooks/useDistrict.ts
FN:4,(anonymous_7)
FN:7,(anonymous_8)
FN:8,(anonymous_9)
FN:8,(anonymous_10)
FNF:4
FNH:0
FNDA:0,(anonymous_7)
FNDA:0,(anonymous_8)
FNDA:0,(anonymous_9)
FNDA:0,(anonymous_10)
DA:1,0
DA:4,0
DA:5,0
DA:7,0
DA:8,0
DA:9,0
DA:10,0
DA:11,0
DA:12,0
DA:14,0
DA:18,0
DA:21,0
DA:24,0
LF:13
LH:0
BRF:0
BRH:0
end_of_record
TN:
SF:src/hooks/useProducts.ts
FN:4,(anonymous_0)
FNF:1
FNH:0
FNDA:0,(anonymous_0)
DA:1,0
DA:2,0
DA:4,0
DA:5,0
DA:7,0
DA:8,0
DA:11,0
LF:7
LH:0
BRDA:7,0,0,0
BRF:1
BRH:0
end_of_record
TN:
SF:src/pages/Cart/index.tsx
FN:10,(anonymous_1)
FN:14,(anonymous_2)
FN:18,(anonymous_3)
FNF:3
FNH:2
FNDA:1,(anonymous_1)
FNDA:0,(anonymous_2)
FNDA:1,(anonymous_3)
DA:1,1
DA:2,1
DA:3,1
DA:4,1
DA:5,1
DA:6,1
DA:7,1
DA:8,1
DA:10,1
DA:11,1
DA:12,1
DA:14,1
DA:15,0
DA:18,1
DA:19,1
DA:20,0
DA:24,1
DA:40,1
LF:18
LH:16
BRDA:19,0,0,0
BRF:1
BRH:0
end_of_record
TN:
SF:src/pages/Helpers/Empty/index.tsx
FN:4,(anonymous_1)
FNF:1
FNH:1
FNDA:1,(anonymous_1)
DA:2,1
DA:4,1
DA:5,1
DA:14,1
LF:4
LH:4
BRF:0
BRH:0
end_of_record
TN:
SF:src/pages/Helpers/NotFound/index.tsx
FN:4,(anonymous_1)
FNF:1
FNH:0
FNDA:0,(anonymous_1)
DA:2,0
DA:4,0
DA:5,0
DA:14,0
LF:4
LH:0
BRF:0
BRH:0
end_of_record
TN:
SF:src/pages/Home/index.tsx
FN:6,(anonymous_1)
FNF:1
FNH:0
FNDA:0,(anonymous_1)
DA:2,0
DA:3,0
DA:4,0
DA:6,0
DA:7,0
DA:17,0
LF:6
LH:0
BRF:0
BRH:0
end_of_record
TN:
SF:src/router/AppRouter.tsx
FN:9,(anonymous_1)
FNF:1
FNH:0
FNDA:0,(anonymous_1)
DA:2,0
DA:3,0
DA:4,0
DA:5,0
DA:6,0
DA:7,0
DA:9,0
DA:10,0
DA:22,0
LF:9
LH:0
BRF:0
BRH:0
end_of_record
TN:
SF:src/router/AppRoutes.ts
FN:1,(anonymous_0)
FNF:1
FNH:1
FNDA:3,(anonymous_0)
DA:1,3
DA:2,3
DA:3,3
DA:4,3
DA:5,3
LF:5
LH:5
BRDA:1,0,0,3
BRDA:1,0,1,3
BRF:2
BRH:2
end_of_record
TN:
SF:src/services/api/categoryServices.ts
FN:6,(anonymous_8)
FN:6,(anonymous_9)
FNF:2
FNH:2
FNDA:3,(anonymous_8)
FNDA:3,(anonymous_9)
DA:2,1
DA:3,1
DA:4,1
DA:6,3
DA:7,3
DA:8,2
DA:9,2
LF:7
LH:7
BRF:0
BRH:0
end_of_record
TN:
SF:src/services/api/productServices.ts
FN:6,(anonymous_8)
FN:6,(anonymous_9)
FN:12,(anonymous_10)
FN:12,(anonymous_11)
FNF:4
FNH:4
FNDA:2,(anonymous_8)
FNDA:2,(anonymous_9)
FNDA:2,(anonymous_10)
FNDA:2,(anonymous_11)
DA:2,1
DA:3,1
DA:4,1
DA:6,2
DA:7,2
DA:8,1
DA:9,1
DA:12,2
DA:13,2
DA:16,1
DA:17,1
LF:11
LH:11
BRF:0
BRH:0
end_of_record
TN:
SF:src/services/api/config/fetchInstance.ts
FN:4,(anonymous_7)
FN:4,(anonymous_8)
FNF:2
FNH:2
FNDA:4,(anonymous_7)
FNDA:4,(anonymous_8)
DA:1,1
DA:4,4
DA:5,4
DA:7,4
DA:8,4
DA:9,2
DA:10,2
DA:11,1
DA:14,1
DA:20,3
DA:21,1
DA:23,2
DA:27,1
LF:13
LH:13
BRDA:10,0,0,1
BRDA:20,1,0,1
BRDA:20,2,0,3
BRDA:20,2,1,1
BRF:4
BRH:4
end_of_record
TN:
SF:src/services/api/config/paths.ts
FN:1,(anonymous_0)
FNF:1
FNH:1
FNDA:2,(anonymous_0)
DA:1,2
DA:2,2
DA:3,2
DA:4,2
LF:4
LH:4
BRDA:1,0,0,2
BRDA:1,0,1,2
BRF:2
BRH:2
end_of_record
TN:
SF:src/services/mappers/cartMapper.ts
FN:4,(anonymous_0)
FNF:1
FNH:1
FNDA:2,(anonymous_0)
DA:4,1
DA:5,2
LF:2
LH:2
BRDA:4,0,0,1
BRF:1
BRH:1
end_of_record
TN:
SF:src/services/mappers/categoryMapper.ts
FN:3,(anonymous_0)
FN:4,(anonymous_1)
FNF:2
FNH:2
FNDA:2,(anonymous_0)
FNDA:3,(anonymous_1)
DA:3,1
DA:4,3
LF:2
LH:2
BRF:0
BRH:0
end_of_record
TN:
SF:src/services/mappers/productMapper.ts
FN:3,(anonymous_0)
FN:4,(anonymous_1)
FNF:2
FNH:2
FNDA:2,(anonymous_0)
FNDA:3,(anonymous_1)
DA:3,1
DA:4,3
LF:2
LH:2
BRF:0
BRH:0
end_of_record
TN:
SF:src/utils/formatPrice.ts
FN:4,(anonymous_0)
FNF:1
FNH:1
FNDA:10,(anonymous_0)
DA:4,2
DA:5,10
LF:2
LH:2
BRF:0
BRH:0
end_of_record
TN:
SF:src/utils/regex.ts
FNF:0
FNH:0
DA:4,2
DA:9,2
DA:14,2
LF:3
LH:3
BRF:0
BRH:0
end_of_record
TN:
SF:src/utils/validations.ts
FN:6,(anonymous_0)
FN:17,(anonymous_1)
FN:28,(anonymous_2)
FN:37,(anonymous_3)
FNF:4
FNH:4
FNDA:6,(anonymous_0)
FNDA:6,(anonymous_1)
FNDA:4,(anonymous_2)
FNDA:7,(anonymous_3)
DA:1,2
DA:6,2
DA:7,6
DA:8,6
DA:9,5
DA:10,4
DA:11,2
DA:17,2
DA:18,6
DA:19,6
DA:20,5
DA:21,4
DA:22,2
DA:28,2
DA:29,4
DA:30,3
DA:31,2
DA:37,2
DA:38,7
DA:39,7
DA:40,6
DA:41,5
DA:42,2
LF:23
LH:23
BRDA:8,0,0,1
BRDA:9,1,0,1
BRDA:10,2,0,2
BRDA:19,3,0,1
BRDA:20,4,0,1
BRDA:21,5,0,2
BRDA:29,6,0,1
BRDA:30,7,0,1
BRDA:39,8,0,1
BRDA:40,9,0,1
BRDA:41,10,0,3
BRF:11
BRH:11
end_of_record
